<!DOCTYPE html>
<!--
 | Generated by Apache Maven Doxia Site Renderer 1.11.1 from org.apache.maven.plugins:maven-surefire-report-plugin:3.0.0:failsafe-report-only at 2025-05-14

 | Rendered using Apache Maven Default Skin
-->
<html xmlns="http://www.w3.org/1999/xhtml" xml:lang="en" lang="en">
  <head>
    <meta charset="UTF-8" />
    <meta name="viewport" content="width=device-width, initial-scale=1.0" />
    <meta name="generator" content="Apache Maven Doxia Site Renderer 1.11.1" />
    <title>Planetarium &#x2013; Failsafe Report</title>
    <link rel="stylesheet" href="./css/maven-base.css" />
    <link rel="stylesheet" href="./css/maven-theme.css" />
    <link rel="stylesheet" href="./css/site.css" />
    <link rel="stylesheet" href="./css/print.css" media="print" />
  </head>
  <body class="composite">
    <div id="banner">
<div id="bannerLeft">Planetarium
</div>
      <div class="clear">
        <hr/>
      </div>
    </div>
    <div id="breadcrumbs">
      <div class="xleft">
        <span id="publishDate">Last Published: 2025-05-14</span>
           | <span id="projectVersion">Version: 1.0</span>
      </div>
      <div class="xright"><a href="${project.url}" title="Planetarium">Planetarium</a>      </div>
      <div class="clear">
        <hr/>
      </div>
    </div>
    <div id="leftColumn">
      <div id="navcolumn">
       <h5>Project Documentation</h5>
    <ul>
     <li class="collapsed"><a href="project-info.html" title="Project Information">Project Information</a></li>
     <li class="expanded"><a href="project-reports.html" title="Project Reports">Project Reports</a>
      <ul>
       <li class="none"><strong>Surefire Report</strong></li>
      </ul></li>
    </ul>
      <a href="http://maven.apache.org/" title="Built by Maven" class="poweredBy">
        <img class="poweredBy" alt="Built by Maven" src="./images/logos/maven-feather.png" />
      </a>
      </div>
    </div>
    <div id="bodyColumn">
      <div id="contentBox">
<script type="application/javascript">
//<![CDATA[
function toggleDisplay(elementId) {
 var elm = document.getElementById(elementId + '-error');
 if (elm == null) {
  elm = document.getElementById(elementId + '-failure');
 }
 if (elm && typeof elm.style != "undefined") {
  if (elm.style.display == "none") {
   elm.style.display = "";
   document.getElementById(elementId + '-off').style.display = "none";
   document.getElementById(elementId + '-on').style.display = "inline";
  } else if (elm.style.display == "") {   elm.style.display = "none";
   document.getElementById(elementId + '-off').style.display = "inline";
   document.getElementById(elementId + '-on').style.display = "none";
  } 
 } 
 }
//]]>
</script><section>
<h2><a name="Failsafe_Report"></a>Failsafe Report</h2></section><section><a id="Summary"></a>
<h2><a name="Summary"></a>Summary</h2>
<p>[<a href="#Summary">Summary</a>] [<a href="#Package_List">Package List</a>] [<a href="#Test_Cases">Test Cases</a>]</p><br />
<table border="0" class="bodyTable">
<tr class="a">
<th>Tests</th>
<th>Errors</th>
<th>Failures</th>
<th>Skipped</th>
<th>Success Rate</th>
<th>Time</th></tr>
<tr class="b">
<td align="left">112</td>
<td align="left">11</td>
<td align="left">16</td>
<td align="left">0</td>
<td align="left">75.893%</td>
<td align="left">3.994</td></tr></table><br />
<p>Note: failures are anticipated and checked for with assertions while errors are unanticipated.</p><br /></section><section><a id="Package_List"></a>
<h2><a name="Package_List"></a>Package List</h2>
<p>[<a href="#Summary">Summary</a>] [<a href="#Package_List">Package List</a>] [<a href="#Test_Cases">Test Cases</a>]</p><br />
<table border="0" class="bodyTable">
<tr class="a">
<th>Package</th>
<th>Tests</th>
<th>Errors</th>
<th>Failures</th>
<th>Skipped</th>
<th>Success Rate</th>
<th>Time</th></tr>
<tr class="b">
<td align="left"><a href="#com.revature.planetarium.service.user">com.revature.planetarium.service.user</a></td>
<td align="left">23</td>
<td align="left">3</td>
<td align="left">1</td>
<td align="left">0</td>
<td align="left">82.609%</td>
<td align="left">0.071</td></tr>
<tr class="a">
<td align="left"><a href="#com.revature.planetarium.controller.user">com.revature.planetarium.controller.user</a></td>
<td align="left">20</td>
<td align="left">5</td>
<td align="left">15</td>
<td align="left">0</td>
<td align="left">0%</td>
<td align="left">1.976</td></tr>
<tr class="b">
<td align="left"><a href="#com.revature.planetarium.repository.planet">com.revature.planetarium.repository.planet</a></td>
<td align="left">21</td>
<td align="left">0</td>
<td align="left">0</td>
<td align="left">0</td>
<td align="left">100%</td>
<td align="left">0.426</td></tr>
<tr class="a">
<td align="left"><a href="#com.revature.planetarium.repository.user">com.revature.planetarium.repository.user</a></td>
<td align="left">27</td>
<td align="left">3</td>
<td align="left">0</td>
<td align="left">0</td>
<td align="left">88.889%</td>
<td align="left">0.47</td></tr>
<tr class="b">
<td align="left"><a href="#com.revature.planetarium.service.moon">com.revature.planetarium.service.moon</a></td>
<td align="left">2</td>
<td align="left">0</td>
<td align="left">0</td>
<td align="left">0</td>
<td align="left">100%</td>
<td align="left">0.684</td></tr>
<tr class="a">
<td align="left"><a href="#com.revature.planetarium.repository.moon">com.revature.planetarium.repository.moon</a></td>
<td align="left">19</td>
<td align="left">0</td>
<td align="left">0</td>
<td align="left">0</td>
<td align="left">100%</td>
<td align="left">0.367</td></tr></table><br />
<p>Note: package statistics are not computed recursively, they only sum up all of its testsuites numbers.</p><section><a id="com.revature.planetarium.service.user"></a>
<h3><a name="com.revature.planetarium.service.user"></a>com.revature.planetarium.service.user</h3>
<table border="0" class="bodyTable">
<tr class="a">
<th></th>
<th>Class</th>
<th>Tests</th>
<th>Errors</th>
<th>Failures</th>
<th>Skipped</th>
<th>Success Rate</th>
<th>Time</th></tr>
<tr class="b">
<td align="left"><a href="#com.revature.planetarium.service.user.CreateUserServiceNegativeTest"><img src="images/icon_warning_sml.gif" alt="" /></a></td>
<td align="left"><a href="#com.revature.planetarium.service.user.CreateUserServiceNegativeTest">CreateUserServiceNegativeTest</a></td>
<td align="left">15</td>
<td align="left">0</td>
<td align="left">1</td>
<td align="left">0</td>
<td align="left">93.333%</td>
<td align="left">0.064</td></tr>
<tr class="a">
<td align="left"><a href="#com.revature.planetarium.service.user.CreateUserServicePositiveTest"><img src="images/icon_error_sml.gif" alt="" /></a></td>
<td align="left"><a href="#com.revature.planetarium.service.user.CreateUserServicePositiveTest">CreateUserServicePositiveTest</a></td>
<td align="left">8</td>
<td align="left">3</td>
<td align="left">0</td>
<td align="left">0</td>
<td align="left">62.5%</td>
<td align="left">0.007</td></tr></table></section><section><a id="com.revature.planetarium.controller.user"></a>
<h3><a name="com.revature.planetarium.controller.user"></a>com.revature.planetarium.controller.user</h3>
<table border="0" class="bodyTable">
<tr class="a">
<th></th>
<th>Class</th>
<th>Tests</th>
<th>Errors</th>
<th>Failures</th>
<th>Skipped</th>
<th>Success Rate</th>
<th>Time</th></tr>
<tr class="b">
<td align="left"><a href="#com.revature.planetarium.controller.user.RegisterAPITest"><img src="images/icon_error_sml.gif" alt="" /></a></td>
<td align="left"><a href="#com.revature.planetarium.controller.user.RegisterAPITest">RegisterAPITest</a></td>
<td align="left">20</td>
<td align="left">5</td>
<td align="left">15</td>
<td align="left">0</td>
<td align="left">0%</td>
<td align="left">1.976</td></tr></table></section><section><a id="com.revature.planetarium.repository.planet"></a>
<h3><a name="com.revature.planetarium.repository.planet"></a>com.revature.planetarium.repository.planet</h3>
<table border="0" class="bodyTable">
<tr class="a">
<th></th>
<th>Class</th>
<th>Tests</th>
<th>Errors</th>
<th>Failures</th>
<th>Skipped</th>
<th>Success Rate</th>
<th>Time</th></tr>
<tr class="b">
<td align="left"><a href="#com.revature.planetarium.repository.planet.CreatePlanetRepoNegativeTest"><img src="images/icon_success_sml.gif" alt="" /></a></td>
<td align="left"><a href="#com.revature.planetarium.repository.planet.CreatePlanetRepoNegativeTest">CreatePlanetRepoNegativeTest</a></td>
<td align="left">4</td>
<td align="left">0</td>
<td align="left">0</td>
<td align="left">0</td>
<td align="left">100%</td>
<td align="left">0.08</td></tr>
<tr class="a">
<td align="left"><a href="#com.revature.planetarium.repository.planet.CreatePlanetRepoPositiveTest"><img src="images/icon_success_sml.gif" alt="" /></a></td>
<td align="left"><a href="#com.revature.planetarium.repository.planet.CreatePlanetRepoPositiveTest">CreatePlanetRepoPositiveTest</a></td>
<td align="left">11</td>
<td align="left">0</td>
<td align="left">0</td>
<td align="left">0</td>
<td align="left">100%</td>
<td align="left">0.231</td></tr>
<tr class="b">
<td align="left"><a href="#com.revature.planetarium.repository.planet.DeletePlanetNegativeTest"><img src="images/icon_success_sml.gif" alt="" /></a></td>
<td align="left"><a href="#com.revature.planetarium.repository.planet.DeletePlanetNegativeTest">DeletePlanetNegativeTest</a></td>
<td align="left">2</td>
<td align="left">0</td>
<td align="left">0</td>
<td align="left">0</td>
<td align="left">100%</td>
<td align="left">0.037</td></tr>
<tr class="a">
<td align="left"><a href="#com.revature.planetarium.repository.planet.DeletePlanetPositiveTest"><img src="images/icon_success_sml.gif" alt="" /></a></td>
<td align="left"><a href="#com.revature.planetarium.repository.planet.DeletePlanetPositiveTest">DeletePlanetPositiveTest</a></td>
<td align="left">2</td>
<td align="left">0</td>
<td align="left">0</td>
<td align="left">0</td>
<td align="left">100%</td>
<td align="left">0.041</td></tr>
<tr class="b">
<td align="left"><a href="#com.revature.planetarium.repository.planet.RetrievalPlanetFromUserRepoNegativeTest"><img src="images/icon_success_sml.gif" alt="" /></a></td>
<td align="left"><a href="#com.revature.planetarium.repository.planet.RetrievalPlanetFromUserRepoNegativeTest">RetrievalPlanetFromUserRepoNegativeTest</a></td>
<td align="left">1</td>
<td align="left">0</td>
<td align="left">0</td>
<td align="left">0</td>
<td align="left">100%</td>
<td align="left">0.016</td></tr>
<tr class="a">
<td align="left"><a href="#com.revature.planetarium.repository.planet.RetrievalPlanetFromUserRepoPositiveTest"><img src="images/icon_success_sml.gif" alt="" /></a></td>
<td align="left"><a href="#com.revature.planetarium.repository.planet.RetrievalPlanetFromUserRepoPositiveTest">RetrievalPlanetFromUserRepoPositiveTest</a></td>
<td align="left">1</td>
<td align="left">0</td>
<td align="left">0</td>
<td align="left">0</td>
<td align="left">100%</td>
<td align="left">0.021</td></tr></table></section><section><a id="com.revature.planetarium.repository.user"></a>
<h3><a name="com.revature.planetarium.repository.user"></a>com.revature.planetarium.repository.user</h3>
<table border="0" class="bodyTable">
<tr class="a">
<th></th>
<th>Class</th>
<th>Tests</th>
<th>Errors</th>
<th>Failures</th>
<th>Skipped</th>
<th>Success Rate</th>
<th>Time</th></tr>
<tr class="b">
<td align="left"><a href="#com.revature.planetarium.repository.user.CreateUserRepoNegativeTest"><img src="images/icon_success_sml.gif" alt="" /></a></td>
<td align="left"><a href="#com.revature.planetarium.repository.user.CreateUserRepoNegativeTest">CreateUserRepoNegativeTest</a></td>
<td align="left">15</td>
<td align="left">0</td>
<td align="left">0</td>
<td align="left">0</td>
<td align="left">100%</td>
<td align="left">0.26</td></tr>
<tr class="a">
<td align="left"><a href="#com.revature.planetarium.repository.user.CreateUserRepoPositiveTest"><img src="images/icon_error_sml.gif" alt="" /></a></td>
<td align="left"><a href="#com.revature.planetarium.repository.user.CreateUserRepoPositiveTest">CreateUserRepoPositiveTest</a></td>
<td align="left">8</td>
<td align="left">3</td>
<td align="left">0</td>
<td align="left">0</td>
<td align="left">62.5%</td>
<td align="left">0.156</td></tr>
<tr class="b">
<td align="left"><a href="#com.revature.planetarium.repository.user.RetrievalUserRepoNegativeTest"><img src="images/icon_success_sml.gif" alt="" /></a></td>
<td align="left"><a href="#com.revature.planetarium.repository.user.RetrievalUserRepoNegativeTest">RetrievalUserRepoNegativeTest</a></td>
<td align="left">2</td>
<td align="left">0</td>
<td align="left">0</td>
<td align="left">0</td>
<td align="left">100%</td>
<td align="left">0.022</td></tr>
<tr class="a">
<td align="left"><a href="#com.revature.planetarium.repository.user.RetrievalUserRepoPositiveTest"><img src="images/icon_success_sml.gif" alt="" /></a></td>
<td align="left"><a href="#com.revature.planetarium.repository.user.RetrievalUserRepoPositiveTest">RetrievalUserRepoPositiveTest</a></td>
<td align="left">2</td>
<td align="left">0</td>
<td align="left">0</td>
<td align="left">0</td>
<td align="left">100%</td>
<td align="left">0.032</td></tr></table></section><section><a id="com.revature.planetarium.service.moon"></a>
<h3><a name="com.revature.planetarium.service.moon"></a>com.revature.planetarium.service.moon</h3>
<table border="0" class="bodyTable">
<tr class="a">
<th></th>
<th>Class</th>
<th>Tests</th>
<th>Errors</th>
<th>Failures</th>
<th>Skipped</th>
<th>Success Rate</th>
<th>Time</th></tr>
<tr class="b">
<td align="left"><a href="#com.revature.planetarium.service.moon.RetrievalMoonServiceNegativeTest"><img src="images/icon_success_sml.gif" alt="" /></a></td>
<td align="left"><a href="#com.revature.planetarium.service.moon.RetrievalMoonServiceNegativeTest">RetrievalMoonServiceNegativeTest</a></td>
<td align="left">1</td>
<td align="left">0</td>
<td align="left">0</td>
<td align="left">0</td>
<td align="left">100%</td>
<td align="left">0.682</td></tr>
<tr class="a">
<td align="left"><a href="#com.revature.planetarium.service.moon.RetrievalMoonServicePositiveTest"><img src="images/icon_success_sml.gif" alt="" /></a></td>
<td align="left"><a href="#com.revature.planetarium.service.moon.RetrievalMoonServicePositiveTest">RetrievalMoonServicePositiveTest</a></td>
<td align="left">1</td>
<td align="left">0</td>
<td align="left">0</td>
<td align="left">0</td>
<td align="left">100%</td>
<td align="left">0.002</td></tr></table></section><section><a id="com.revature.planetarium.repository.moon"></a>
<h3><a name="com.revature.planetarium.repository.moon"></a>com.revature.planetarium.repository.moon</h3>
<table border="0" class="bodyTable">
<tr class="a">
<th></th>
<th>Class</th>
<th>Tests</th>
<th>Errors</th>
<th>Failures</th>
<th>Skipped</th>
<th>Success Rate</th>
<th>Time</th></tr>
<tr class="b">
<td align="left"><a href="#com.revature.planetarium.repository.moon.MoonCreationNegativeTest"><img src="images/icon_success_sml.gif" alt="" /></a></td>
<td align="left"><a href="#com.revature.planetarium.repository.moon.MoonCreationNegativeTest">MoonCreationNegativeTest</a></td>
<td align="left">4</td>
<td align="left">0</td>
<td align="left">0</td>
<td align="left">0</td>
<td align="left">100%</td>
<td align="left">0.03</td></tr>
<tr class="a">
<td align="left"><a href="#com.revature.planetarium.repository.moon.MoonCreationPositiveTest"><img src="images/icon_success_sml.gif" alt="" /></a></td>
<td align="left"><a href="#com.revature.planetarium.repository.moon.MoonCreationPositiveTest">MoonCreationPositiveTest</a></td>
<td align="left">11</td>
<td align="left">0</td>
<td align="left">0</td>
<td align="left">0</td>
<td align="left">100%</td>
<td align="left">0.26</td></tr>
<tr class="b">
<td align="left"><a href="#com.revature.planetarium.repository.moon.MoonDeletionNegativeTest"><img src="images/icon_success_sml.gif" alt="" /></a></td>
<td align="left"><a href="#com.revature.planetarium.repository.moon.MoonDeletionNegativeTest">MoonDeletionNegativeTest</a></td>
<td align="left">1</td>
<td align="left">0</td>
<td align="left">0</td>
<td align="left">0</td>
<td align="left">100%</td>
<td align="left">0.016</td></tr>
<tr class="a">
<td align="left"><a href="#com.revature.planetarium.repository.moon.MoonDeletionPositiveTest"><img src="images/icon_success_sml.gif" alt="" /></a></td>
<td align="left"><a href="#com.revature.planetarium.repository.moon.MoonDeletionPositiveTest">MoonDeletionPositiveTest</a></td>
<td align="left">1</td>
<td align="left">0</td>
<td align="left">0</td>
<td align="left">0</td>
<td align="left">100%</td>
<td align="left">0.019</td></tr>
<tr class="b">
<td align="left"><a href="#com.revature.planetarium.repository.moon.MoonRetrievalNegativeTest"><img src="images/icon_success_sml.gif" alt="" /></a></td>
<td align="left"><a href="#com.revature.planetarium.repository.moon.MoonRetrievalNegativeTest">MoonRetrievalNegativeTest</a></td>
<td align="left">1</td>
<td align="left">0</td>
<td align="left">0</td>
<td align="left">0</td>
<td align="left">100%</td>
<td align="left">0.015</td></tr>
<tr class="a">
<td align="left"><a href="#com.revature.planetarium.repository.moon.MoonRetrievalPositiveTest"><img src="images/icon_success_sml.gif" alt="" /></a></td>
<td align="left"><a href="#com.revature.planetarium.repository.moon.MoonRetrievalPositiveTest">MoonRetrievalPositiveTest</a></td>
<td align="left">1</td>
<td align="left">0</td>
<td align="left">0</td>
<td align="left">0</td>
<td align="left">100%</td>
<td align="left">0.027</td></tr></table></section><br /></section><section><a id="Test_Cases"></a>
<h2><a name="Test_Cases"></a>Test Cases</h2>
<p>[<a href="#Summary">Summary</a>] [<a href="#Package_List">Package List</a>] [<a href="#Test_Cases">Test Cases</a>]</p><section><a id="com.revature.planetarium.controller.user.RegisterAPITest"></a>
<h3><a name="RegisterAPITest"></a>RegisterAPITest</h3>
<table border="0" class="bodyTable">
<tr class="a">
<td align="left"><a href="#com.revature.planetarium.controller.user.RegisterAPITest.registerPositiveTest0"><img src="images/icon_error_sml.gif" alt="" /></a></td>
<td align="left"><a id="TC_com.revature.planetarium.controller.user.RegisterAPITest.registerPositiveTest0"></a><a href="#com.revature.planetarium.controller.user.RegisterAPITest.registerPositiveTest0">registerPositiveTest[0]</a>
<div class="detailToggle" style="display:inline"><a href="javascript:toggleDisplay('com.revature.planetarium.controller.user.RegisterAPITest.registerPositiveTest0');"><span style="display:inline;" id="com.revature.planetarium.controller.user.RegisterAPITest.registerPositiveTest0-off"> + </span><span style="display:none;" id="com.revature.planetarium.controller.user.RegisterAPITest.registerPositiveTest0-on"> - </span>[ Detail ]</a></div></td>
<td align="left">1.368</td></tr>
<tr class="b">
<td align="left"></td>
<td align="left">Lexing failed on line: 1, column: 1, while reading 'U', no possible valid JSON value or punctuation could be recognized.</td>
<td align="left"></td></tr>
<tr class="a">
<td align="left"></td>
<td align="left">
<div id="com.revature.planetarium.controller.user.RegisterAPITest.registerPositiveTest0-error" style="display:none;">
<div>
<pre>groovy.json.JsonException: Lexing failed on line: 1, column: 1, while reading 'U', no possible valid JSON value or punctuation could be recognized.
	at groovy.json.JsonLexer.nextToken(JsonLexer.java:86)
	at groovy.json.JsonLexer$nextToken.call(Unknown Source)
	at org.codehaus.groovy.runtime.callsite.CallSiteArray.defaultCall(CallSiteArray.java:45)
	at org.codehaus.groovy.runtime.callsite.AbstractCallSite.call(AbstractCallSite.java:125)
	at org.codehaus.groovy.runtime.callsite.AbstractCallSite.call(AbstractCallSite.java:130)
	at io.restassured.internal.path.json.ConfigurableJsonSlurper.parse(ConfigurableJsonSlurper.groovy:97)
	at io.restassured.internal.path.json.ConfigurableJsonSlurper$parse$0.callCurrent(Unknown Source)
	at org.codehaus.groovy.runtime.callsite.CallSiteArray.defaultCallCurrent(CallSiteArray.java:49)
	at org.codehaus.groovy.runtime.callsite.AbstractCallSite.callCurrent(AbstractCallSite.java:171)
	at org.codehaus.groovy.runtime.callsite.AbstractCallSite.callCurrent(AbstractCallSite.java:185)
	at io.restassured.internal.path.json.ConfigurableJsonSlurper.parseText(ConfigurableJsonSlurper.groovy:83)
	at io.restassured.internal.path.json.ConfigurableJsonSlurper$parseText.call(Unknown Source)
	at org.codehaus.groovy.runtime.callsite.CallSiteArray.defaultCall(CallSiteArray.java:45)
	at org.codehaus.groovy.runtime.callsite.AbstractCallSite.call(AbstractCallSite.java:125)
	at org.codehaus.groovy.runtime.callsite.AbstractCallSite.call(AbstractCallSite.java:139)
	at io.restassured.internal.ContentParser.parse(ContentParser.groovy:42)
	at io.restassured.internal.ContentParser$parse.call(Unknown Source)
	at org.codehaus.groovy.runtime.callsite.CallSiteArray.defaultCall(CallSiteArray.java:45)
	at org.codehaus.groovy.runtime.callsite.AbstractCallSite.call(AbstractCallSite.java:125)
	at org.codehaus.groovy.runtime.callsite.AbstractCallSite.call(AbstractCallSite.java:166)
	at io.restassured.internal.ResponseSpecificationImpl$HamcrestAssertionClosure.validate(ResponseSpecificationImpl.groovy:497)
	at io.restassured.internal.ResponseSpecificationImpl$HamcrestAssertionClosure$validate$1.call(Unknown Source)
	at io.restassured.internal.ResponseSpecificationImpl.validateResponseIfRequired(ResponseSpecificationImpl.groovy:696)
	at io.restassured.internal.ResponseSpecificationImpl.this$2$validateResponseIfRequired(ResponseSpecificationImpl.groovy)
	at java.base/jdk.internal.reflect.NativeMethodAccessorImpl.invoke0(Native Method)
	at java.base/jdk.internal.reflect.NativeMethodAccessorImpl.invoke(NativeMethodAccessorImpl.java:62)
	at java.base/jdk.internal.reflect.DelegatingMethodAccessorImpl.invoke(DelegatingMethodAccessorImpl.java:43)
	at java.base/java.lang.reflect.Method.invoke(Method.java:566)
	at org.codehaus.groovy.runtime.callsite.PlainObjectMetaMethodSite.doInvoke(PlainObjectMetaMethodSite.java:43)
	at org.codehaus.groovy.runtime.callsite.PogoMetaMethodSite$PogoCachedMethodSiteNoUnwrapNoCoerce.invoke(PogoMetaMethodSite.java:198)
	at org.codehaus.groovy.runtime.callsite.PogoMetaMethodSite.callCurrent(PogoMetaMethodSite.java:62)
	at org.codehaus.groovy.runtime.callsite.CallSiteArray.defaultCallCurrent(CallSiteArray.java:49)
	at org.codehaus.groovy.runtime.callsite.AbstractCallSite.callCurrent(AbstractCallSite.java:171)
	at org.codehaus.groovy.runtime.callsite.AbstractCallSite.callCurrent(AbstractCallSite.java:185)
	at io.restassured.internal.ResponseSpecificationImpl.body(ResponseSpecificationImpl.groovy:270)
	at io.restassured.specification.ResponseSpecification$body$1.callCurrent(Unknown Source)
	at org.codehaus.groovy.runtime.callsite.CallSiteArray.defaultCallCurrent(CallSiteArray.java:49)
	at org.codehaus.groovy.runtime.callsite.AbstractCallSite.callCurrent(AbstractCallSite.java:171)
	at org.codehaus.groovy.runtime.callsite.AbstractCallSite.callCurrent(AbstractCallSite.java:212)
	at io.restassured.internal.ResponseSpecificationImpl.body(ResponseSpecificationImpl.groovy:117)
	at io.restassured.internal.ValidatableResponseOptionsImpl.body(ValidatableResponseOptionsImpl.java:244)
	at com.revature.planetarium.controller.user.RegisterAPITest.registerPositiveTest(RegisterAPITest.java:67)
	at java.base/jdk.internal.reflect.NativeMethodAccessorImpl.invoke0(Native Method)
	at java.base/jdk.internal.reflect.NativeMethodAccessorImpl.invoke(NativeMethodAccessorImpl.java:62)
	at java.base/jdk.internal.reflect.DelegatingMethodAccessorImpl.invoke(DelegatingMethodAccessorImpl.java:43)
	at java.base/java.lang.reflect.Method.invoke(Method.java:566)
	at org.junit.runners.model.FrameworkMethod$1.runReflectiveCall(FrameworkMethod.java:59)
	at org.junit.internal.runners.model.ReflectiveCallable.run(ReflectiveCallable.java:12)
	at org.junit.runners.model.FrameworkMethod.invokeExplosively(FrameworkMethod.java:56)
	at org.junit.internal.runners.statements.InvokeMethod.evaluate(InvokeMethod.java:17)
	at org.junit.internal.runners.statements.RunBefores.evaluate(RunBefores.java:26)
	at org.junit.runners.ParentRunner$3.evaluate(ParentRunner.java:306)
	at org.junit.runners.BlockJUnit4ClassRunner$1.evaluate(BlockJUnit4ClassRunner.java:100)
	at org.junit.runners.ParentRunner.runLeaf(ParentRunner.java:366)
	at org.junit.runners.BlockJUnit4ClassRunner.runChild(BlockJUnit4ClassRunner.java:103)
	at org.junit.runners.BlockJUnit4ClassRunner.runChild(BlockJUnit4ClassRunner.java:63)
	at org.junit.runners.ParentRunner$4.run(ParentRunner.java:331)
	at org.junit.runners.ParentRunner$1.schedule(ParentRunner.java:79)
	at org.junit.runners.ParentRunner.runChildren(ParentRunner.java:329)
	at org.junit.runners.ParentRunner.access$100(ParentRunner.java:66)
	at org.junit.runners.ParentRunner$2.evaluate(ParentRunner.java:293)
	at org.junit.runners.ParentRunner.run(ParentRunner.java:413)
	at org.junit.runners.Suite.runChild(Suite.java:128)
	at org.junit.runners.Suite.runChild(Suite.java:27)
	at org.junit.runners.ParentRunner$4.run(ParentRunner.java:331)
	at org.junit.runners.ParentRunner$1.schedule(ParentRunner.java:79)
	at org.junit.runners.ParentRunner.runChildren(ParentRunner.java:329)
	at org.junit.runners.ParentRunner.access$100(ParentRunner.java:66)
	at org.junit.runners.ParentRunner$2.evaluate(ParentRunner.java:293)
	at org.junit.runners.ParentRunner$3.evaluate(ParentRunner.java:306)
	at org.junit.runners.ParentRunner.run(ParentRunner.java:413)
	at org.apache.maven.surefire.junit4.JUnit4Provider.execute(JUnit4Provider.java:316)
	at org.apache.maven.surefire.junit4.JUnit4Provider.executeWithRerun(JUnit4Provider.java:240)
	at org.apache.maven.surefire.junit4.JUnit4Provider.executeTestSet(JUnit4Provider.java:214)
	at org.apache.maven.surefire.junit4.JUnit4Provider.invoke(JUnit4Provider.java:155)
	at org.apache.maven.surefire.booter.ForkedBooter.runSuitesInProcess(ForkedBooter.java:385)
	at org.apache.maven.surefire.booter.ForkedBooter.execute(ForkedBooter.java:162)
	at org.apache.maven.surefire.booter.ForkedBooter.run(ForkedBooter.java:507)
	at org.apache.maven.surefire.booter.ForkedBooter.main(ForkedBooter.java:495)
</pre></div></div></td>
<td align="left"></td></tr>
<tr class="b">
<td align="left"><a href="#com.revature.planetarium.controller.user.RegisterAPITest.registerPositiveTest1"><img src="images/icon_error_sml.gif" alt="" /></a></td>
<td align="left"><a id="TC_com.revature.planetarium.controller.user.RegisterAPITest.registerPositiveTest1"></a><a href="#com.revature.planetarium.controller.user.RegisterAPITest.registerPositiveTest1">registerPositiveTest[1]</a>
<div class="detailToggle" style="display:inline"><a href="javascript:toggleDisplay('com.revature.planetarium.controller.user.RegisterAPITest.registerPositiveTest1');"><span style="display:inline;" id="com.revature.planetarium.controller.user.RegisterAPITest.registerPositiveTest1-off"> + </span><span style="display:none;" id="com.revature.planetarium.controller.user.RegisterAPITest.registerPositiveTest1-on"> - </span>[ Detail ]</a></div></td>
<td align="left">0.037</td></tr>
<tr class="a">
<td align="left"></td>
<td align="left">Lexing failed on line: 1, column: 1, while reading 'U', no possible valid JSON value or punctuation could be recognized.</td>
<td align="left"></td></tr>
<tr class="b">
<td align="left"></td>
<td align="left">
<div id="com.revature.planetarium.controller.user.RegisterAPITest.registerPositiveTest1-error" style="display:none;">
<div>
<pre>groovy.json.JsonException: Lexing failed on line: 1, column: 1, while reading 'U', no possible valid JSON value or punctuation could be recognized.
	at groovy.json.JsonLexer.nextToken(JsonLexer.java:86)
	at groovy.json.JsonLexer$nextToken.call(Unknown Source)
	at io.restassured.internal.path.json.ConfigurableJsonSlurper.parse(ConfigurableJsonSlurper.groovy:97)
	at io.restassured.internal.path.json.ConfigurableJsonSlurper$parse$0.callCurrent(Unknown Source)
	at io.restassured.internal.path.json.ConfigurableJsonSlurper.parseText(ConfigurableJsonSlurper.groovy:83)
	at io.restassured.internal.path.json.ConfigurableJsonSlurper$parseText.call(Unknown Source)
	at io.restassured.internal.ContentParser.parse(ContentParser.groovy:42)
	at io.restassured.internal.ContentParser$parse.call(Unknown Source)
	at io.restassured.internal.ResponseSpecificationImpl$HamcrestAssertionClosure.validate(ResponseSpecificationImpl.groovy:497)
	at io.restassured.internal.ResponseSpecificationImpl$HamcrestAssertionClosure$validate$1.call(Unknown Source)
	at io.restassured.internal.ResponseSpecificationImpl.validateResponseIfRequired(ResponseSpecificationImpl.groovy:696)
	at io.restassured.internal.ResponseSpecificationImpl.this$2$validateResponseIfRequired(ResponseSpecificationImpl.groovy)
	at java.base/jdk.internal.reflect.NativeMethodAccessorImpl.invoke0(Native Method)
	at java.base/jdk.internal.reflect.NativeMethodAccessorImpl.invoke(NativeMethodAccessorImpl.java:62)
	at java.base/jdk.internal.reflect.DelegatingMethodAccessorImpl.invoke(DelegatingMethodAccessorImpl.java:43)
	at java.base/java.lang.reflect.Method.invoke(Method.java:566)
	at org.codehaus.groovy.runtime.callsite.PlainObjectMetaMethodSite.doInvoke(PlainObjectMetaMethodSite.java:43)
	at org.codehaus.groovy.runtime.callsite.PogoMetaMethodSite$PogoCachedMethodSiteNoUnwrapNoCoerce.invoke(PogoMetaMethodSite.java:198)
	at org.codehaus.groovy.runtime.callsite.PogoMetaMethodSite.callCurrent(PogoMetaMethodSite.java:62)
	at org.codehaus.groovy.runtime.callsite.AbstractCallSite.callCurrent(AbstractCallSite.java:185)
	at io.restassured.internal.ResponseSpecificationImpl.body(ResponseSpecificationImpl.groovy:270)
	at io.restassured.specification.ResponseSpecification$body$1.callCurrent(Unknown Source)
	at io.restassured.internal.ResponseSpecificationImpl.body(ResponseSpecificationImpl.groovy:117)
	at io.restassured.internal.ValidatableResponseOptionsImpl.body(ValidatableResponseOptionsImpl.java:244)
	at com.revature.planetarium.controller.user.RegisterAPITest.registerPositiveTest(RegisterAPITest.java:67)
	at java.base/jdk.internal.reflect.NativeMethodAccessorImpl.invoke0(Native Method)
	at java.base/jdk.internal.reflect.NativeMethodAccessorImpl.invoke(NativeMethodAccessorImpl.java:62)
	at java.base/jdk.internal.reflect.DelegatingMethodAccessorImpl.invoke(DelegatingMethodAccessorImpl.java:43)
	at java.base/java.lang.reflect.Method.invoke(Method.java:566)
	at org.junit.runners.model.FrameworkMethod$1.runReflectiveCall(FrameworkMethod.java:59)
	at org.junit.internal.runners.model.ReflectiveCallable.run(ReflectiveCallable.java:12)
	at org.junit.runners.model.FrameworkMethod.invokeExplosively(FrameworkMethod.java:56)
	at org.junit.internal.runners.statements.InvokeMethod.evaluate(InvokeMethod.java:17)
	at org.junit.internal.runners.statements.RunBefores.evaluate(RunBefores.java:26)
	at org.junit.runners.ParentRunner$3.evaluate(ParentRunner.java:306)
	at org.junit.runners.BlockJUnit4ClassRunner$1.evaluate(BlockJUnit4ClassRunner.java:100)
	at org.junit.runners.ParentRunner.runLeaf(ParentRunner.java:366)
	at org.junit.runners.BlockJUnit4ClassRunner.runChild(BlockJUnit4ClassRunner.java:103)
	at org.junit.runners.BlockJUnit4ClassRunner.runChild(BlockJUnit4ClassRunner.java:63)
	at org.junit.runners.ParentRunner$4.run(ParentRunner.java:331)
	at org.junit.runners.ParentRunner$1.schedule(ParentRunner.java:79)
	at org.junit.runners.ParentRunner.runChildren(ParentRunner.java:329)
	at org.junit.runners.ParentRunner.access$100(ParentRunner.java:66)
	at org.junit.runners.ParentRunner$2.evaluate(ParentRunner.java:293)
	at org.junit.runners.ParentRunner.run(ParentRunner.java:413)
	at org.junit.runners.Suite.runChild(Suite.java:128)
	at org.junit.runners.Suite.runChild(Suite.java:27)
	at org.junit.runners.ParentRunner$4.run(ParentRunner.java:331)
	at org.junit.runners.ParentRunner$1.schedule(ParentRunner.java:79)
	at org.junit.runners.ParentRunner.runChildren(ParentRunner.java:329)
	at org.junit.runners.ParentRunner.access$100(ParentRunner.java:66)
	at org.junit.runners.ParentRunner$2.evaluate(ParentRunner.java:293)
	at org.junit.runners.ParentRunner$3.evaluate(ParentRunner.java:306)
	at org.junit.runners.ParentRunner.run(ParentRunner.java:413)
	at org.apache.maven.surefire.junit4.JUnit4Provider.execute(JUnit4Provider.java:316)
	at org.apache.maven.surefire.junit4.JUnit4Provider.executeWithRerun(JUnit4Provider.java:240)
	at org.apache.maven.surefire.junit4.JUnit4Provider.executeTestSet(JUnit4Provider.java:214)
	at org.apache.maven.surefire.junit4.JUnit4Provider.invoke(JUnit4Provider.java:155)
	at org.apache.maven.surefire.booter.ForkedBooter.runSuitesInProcess(ForkedBooter.java:385)
	at org.apache.maven.surefire.booter.ForkedBooter.execute(ForkedBooter.java:162)
	at org.apache.maven.surefire.booter.ForkedBooter.run(ForkedBooter.java:507)
	at org.apache.maven.surefire.booter.ForkedBooter.main(ForkedBooter.java:495)
</pre></div></div></td>
<td align="left"></td></tr>
<tr class="a">
<td align="left"><a href="#com.revature.planetarium.controller.user.RegisterAPITest.registerPositiveTest2"><img src="images/icon_error_sml.gif" alt="" /></a></td>
<td align="left"><a id="TC_com.revature.planetarium.controller.user.RegisterAPITest.registerPositiveTest2"></a><a href="#com.revature.planetarium.controller.user.RegisterAPITest.registerPositiveTest2">registerPositiveTest[2]</a>
<div class="detailToggle" style="display:inline"><a href="javascript:toggleDisplay('com.revature.planetarium.controller.user.RegisterAPITest.registerPositiveTest2');"><span style="display:inline;" id="com.revature.planetarium.controller.user.RegisterAPITest.registerPositiveTest2-off"> + </span><span style="display:none;" id="com.revature.planetarium.controller.user.RegisterAPITest.registerPositiveTest2-on"> - </span>[ Detail ]</a></div></td>
<td align="left">0.039</td></tr>
<tr class="b">
<td align="left"></td>
<td align="left">Lexing failed on line: 1, column: 1, while reading 'U', no possible valid JSON value or punctuation could be recognized.</td>
<td align="left"></td></tr>
<tr class="a">
<td align="left"></td>
<td align="left">
<div id="com.revature.planetarium.controller.user.RegisterAPITest.registerPositiveTest2-error" style="display:none;">
<div>
<pre>groovy.json.JsonException: Lexing failed on line: 1, column: 1, while reading 'U', no possible valid JSON value or punctuation could be recognized.
	at groovy.json.JsonLexer.nextToken(JsonLexer.java:86)
	at groovy.json.JsonLexer$nextToken.call(Unknown Source)
	at io.restassured.internal.path.json.ConfigurableJsonSlurper.parse(ConfigurableJsonSlurper.groovy:97)
	at io.restassured.internal.path.json.ConfigurableJsonSlurper$parse$0.callCurrent(Unknown Source)
	at io.restassured.internal.path.json.ConfigurableJsonSlurper.parseText(ConfigurableJsonSlurper.groovy:83)
	at io.restassured.internal.path.json.ConfigurableJsonSlurper$parseText.call(Unknown Source)
	at io.restassured.internal.ContentParser.parse(ContentParser.groovy:42)
	at io.restassured.internal.ContentParser$parse.call(Unknown Source)
	at io.restassured.internal.ResponseSpecificationImpl$HamcrestAssertionClosure.validate(ResponseSpecificationImpl.groovy:497)
	at io.restassured.internal.ResponseSpecificationImpl$HamcrestAssertionClosure$validate$1.call(Unknown Source)
	at io.restassured.internal.ResponseSpecificationImpl.validateResponseIfRequired(ResponseSpecificationImpl.groovy:696)
	at io.restassured.internal.ResponseSpecificationImpl.this$2$validateResponseIfRequired(ResponseSpecificationImpl.groovy)
	at java.base/jdk.internal.reflect.NativeMethodAccessorImpl.invoke0(Native Method)
	at java.base/jdk.internal.reflect.NativeMethodAccessorImpl.invoke(NativeMethodAccessorImpl.java:62)
	at java.base/jdk.internal.reflect.DelegatingMethodAccessorImpl.invoke(DelegatingMethodAccessorImpl.java:43)
	at java.base/java.lang.reflect.Method.invoke(Method.java:566)
	at org.codehaus.groovy.runtime.callsite.PlainObjectMetaMethodSite.doInvoke(PlainObjectMetaMethodSite.java:43)
	at org.codehaus.groovy.runtime.callsite.PogoMetaMethodSite$PogoCachedMethodSiteNoUnwrapNoCoerce.invoke(PogoMetaMethodSite.java:198)
	at org.codehaus.groovy.runtime.callsite.PogoMetaMethodSite.callCurrent(PogoMetaMethodSite.java:62)
	at org.codehaus.groovy.runtime.callsite.AbstractCallSite.callCurrent(AbstractCallSite.java:185)
	at io.restassured.internal.ResponseSpecificationImpl.body(ResponseSpecificationImpl.groovy:270)
	at io.restassured.specification.ResponseSpecification$body$1.callCurrent(Unknown Source)
	at io.restassured.internal.ResponseSpecificationImpl.body(ResponseSpecificationImpl.groovy:117)
	at io.restassured.internal.ValidatableResponseOptionsImpl.body(ValidatableResponseOptionsImpl.java:244)
	at com.revature.planetarium.controller.user.RegisterAPITest.registerPositiveTest(RegisterAPITest.java:67)
	at java.base/jdk.internal.reflect.NativeMethodAccessorImpl.invoke0(Native Method)
	at java.base/jdk.internal.reflect.NativeMethodAccessorImpl.invoke(NativeMethodAccessorImpl.java:62)
	at java.base/jdk.internal.reflect.DelegatingMethodAccessorImpl.invoke(DelegatingMethodAccessorImpl.java:43)
	at java.base/java.lang.reflect.Method.invoke(Method.java:566)
	at org.junit.runners.model.FrameworkMethod$1.runReflectiveCall(FrameworkMethod.java:59)
	at org.junit.internal.runners.model.ReflectiveCallable.run(ReflectiveCallable.java:12)
	at org.junit.runners.model.FrameworkMethod.invokeExplosively(FrameworkMethod.java:56)
	at org.junit.internal.runners.statements.InvokeMethod.evaluate(InvokeMethod.java:17)
	at org.junit.internal.runners.statements.RunBefores.evaluate(RunBefores.java:26)
	at org.junit.runners.ParentRunner$3.evaluate(ParentRunner.java:306)
	at org.junit.runners.BlockJUnit4ClassRunner$1.evaluate(BlockJUnit4ClassRunner.java:100)
	at org.junit.runners.ParentRunner.runLeaf(ParentRunner.java:366)
	at org.junit.runners.BlockJUnit4ClassRunner.runChild(BlockJUnit4ClassRunner.java:103)
	at org.junit.runners.BlockJUnit4ClassRunner.runChild(BlockJUnit4ClassRunner.java:63)
	at org.junit.runners.ParentRunner$4.run(ParentRunner.java:331)
	at org.junit.runners.ParentRunner$1.schedule(ParentRunner.java:79)
	at org.junit.runners.ParentRunner.runChildren(ParentRunner.java:329)
	at org.junit.runners.ParentRunner.access$100(ParentRunner.java:66)
	at org.junit.runners.ParentRunner$2.evaluate(ParentRunner.java:293)
	at org.junit.runners.ParentRunner.run(ParentRunner.java:413)
	at org.junit.runners.Suite.runChild(Suite.java:128)
	at org.junit.runners.Suite.runChild(Suite.java:27)
	at org.junit.runners.ParentRunner$4.run(ParentRunner.java:331)
	at org.junit.runners.ParentRunner$1.schedule(ParentRunner.java:79)
	at org.junit.runners.ParentRunner.runChildren(ParentRunner.java:329)
	at org.junit.runners.ParentRunner.access$100(ParentRunner.java:66)
	at org.junit.runners.ParentRunner$2.evaluate(ParentRunner.java:293)
	at org.junit.runners.ParentRunner$3.evaluate(ParentRunner.java:306)
	at org.junit.runners.ParentRunner.run(ParentRunner.java:413)
	at org.apache.maven.surefire.junit4.JUnit4Provider.execute(JUnit4Provider.java:316)
	at org.apache.maven.surefire.junit4.JUnit4Provider.executeWithRerun(JUnit4Provider.java:240)
	at org.apache.maven.surefire.junit4.JUnit4Provider.executeTestSet(JUnit4Provider.java:214)
	at org.apache.maven.surefire.junit4.JUnit4Provider.invoke(JUnit4Provider.java:155)
	at org.apache.maven.surefire.booter.ForkedBooter.runSuitesInProcess(ForkedBooter.java:385)
	at org.apache.maven.surefire.booter.ForkedBooter.execute(ForkedBooter.java:162)
	at org.apache.maven.surefire.booter.ForkedBooter.run(ForkedBooter.java:507)
	at org.apache.maven.surefire.booter.ForkedBooter.main(ForkedBooter.java:495)
</pre></div></div></td>
<td align="left"></td></tr>
<tr class="b">
<td align="left"><a href="#com.revature.planetarium.controller.user.RegisterAPITest.registerPositiveTest3"><img src="images/icon_error_sml.gif" alt="" /></a></td>
<td align="left"><a id="TC_com.revature.planetarium.controller.user.RegisterAPITest.registerPositiveTest3"></a><a href="#com.revature.planetarium.controller.user.RegisterAPITest.registerPositiveTest3">registerPositiveTest[3]</a>
<div class="detailToggle" style="display:inline"><a href="javascript:toggleDisplay('com.revature.planetarium.controller.user.RegisterAPITest.registerPositiveTest3');"><span style="display:inline;" id="com.revature.planetarium.controller.user.RegisterAPITest.registerPositiveTest3-off"> + </span><span style="display:none;" id="com.revature.planetarium.controller.user.RegisterAPITest.registerPositiveTest3-on"> - </span>[ Detail ]</a></div></td>
<td align="left">0.037</td></tr>
<tr class="a">
<td align="left"></td>
<td align="left">Lexing failed on line: 1, column: 1, while reading 'U', no possible valid JSON value or punctuation could be recognized.</td>
<td align="left"></td></tr>
<tr class="b">
<td align="left"></td>
<td align="left">
<div id="com.revature.planetarium.controller.user.RegisterAPITest.registerPositiveTest3-error" style="display:none;">
<div>
<pre>groovy.json.JsonException: Lexing failed on line: 1, column: 1, while reading 'U', no possible valid JSON value or punctuation could be recognized.
	at groovy.json.JsonLexer.nextToken(JsonLexer.java:86)
	at groovy.json.JsonLexer$nextToken.call(Unknown Source)
	at io.restassured.internal.path.json.ConfigurableJsonSlurper.parse(ConfigurableJsonSlurper.groovy:97)
	at io.restassured.internal.path.json.ConfigurableJsonSlurper$parse$0.callCurrent(Unknown Source)
	at io.restassured.internal.path.json.ConfigurableJsonSlurper.parseText(ConfigurableJsonSlurper.groovy:83)
	at io.restassured.internal.path.json.ConfigurableJsonSlurper$parseText.call(Unknown Source)
	at io.restassured.internal.ContentParser.parse(ContentParser.groovy:42)
	at io.restassured.internal.ContentParser$parse.call(Unknown Source)
	at io.restassured.internal.ResponseSpecificationImpl$HamcrestAssertionClosure.validate(ResponseSpecificationImpl.groovy:497)
	at io.restassured.internal.ResponseSpecificationImpl$HamcrestAssertionClosure$validate$1.call(Unknown Source)
	at io.restassured.internal.ResponseSpecificationImpl.validateResponseIfRequired(ResponseSpecificationImpl.groovy:696)
	at io.restassured.internal.ResponseSpecificationImpl.this$2$validateResponseIfRequired(ResponseSpecificationImpl.groovy)
	at java.base/jdk.internal.reflect.NativeMethodAccessorImpl.invoke0(Native Method)
	at java.base/jdk.internal.reflect.NativeMethodAccessorImpl.invoke(NativeMethodAccessorImpl.java:62)
	at java.base/jdk.internal.reflect.DelegatingMethodAccessorImpl.invoke(DelegatingMethodAccessorImpl.java:43)
	at java.base/java.lang.reflect.Method.invoke(Method.java:566)
	at org.codehaus.groovy.runtime.callsite.PlainObjectMetaMethodSite.doInvoke(PlainObjectMetaMethodSite.java:43)
	at org.codehaus.groovy.runtime.callsite.PogoMetaMethodSite$PogoCachedMethodSiteNoUnwrapNoCoerce.invoke(PogoMetaMethodSite.java:198)
	at org.codehaus.groovy.runtime.callsite.PogoMetaMethodSite.callCurrent(PogoMetaMethodSite.java:62)
	at org.codehaus.groovy.runtime.callsite.AbstractCallSite.callCurrent(AbstractCallSite.java:185)
	at io.restassured.internal.ResponseSpecificationImpl.body(ResponseSpecificationImpl.groovy:270)
	at io.restassured.specification.ResponseSpecification$body$1.callCurrent(Unknown Source)
	at io.restassured.internal.ResponseSpecificationImpl.body(ResponseSpecificationImpl.groovy:117)
	at io.restassured.internal.ValidatableResponseOptionsImpl.body(ValidatableResponseOptionsImpl.java:244)
	at com.revature.planetarium.controller.user.RegisterAPITest.registerPositiveTest(RegisterAPITest.java:67)
	at java.base/jdk.internal.reflect.NativeMethodAccessorImpl.invoke0(Native Method)
	at java.base/jdk.internal.reflect.NativeMethodAccessorImpl.invoke(NativeMethodAccessorImpl.java:62)
	at java.base/jdk.internal.reflect.DelegatingMethodAccessorImpl.invoke(DelegatingMethodAccessorImpl.java:43)
	at java.base/java.lang.reflect.Method.invoke(Method.java:566)
	at org.junit.runners.model.FrameworkMethod$1.runReflectiveCall(FrameworkMethod.java:59)
	at org.junit.internal.runners.model.ReflectiveCallable.run(ReflectiveCallable.java:12)
	at org.junit.runners.model.FrameworkMethod.invokeExplosively(FrameworkMethod.java:56)
	at org.junit.internal.runners.statements.InvokeMethod.evaluate(InvokeMethod.java:17)
	at org.junit.internal.runners.statements.RunBefores.evaluate(RunBefores.java:26)
	at org.junit.runners.ParentRunner$3.evaluate(ParentRunner.java:306)
	at org.junit.runners.BlockJUnit4ClassRunner$1.evaluate(BlockJUnit4ClassRunner.java:100)
	at org.junit.runners.ParentRunner.runLeaf(ParentRunner.java:366)
	at org.junit.runners.BlockJUnit4ClassRunner.runChild(BlockJUnit4ClassRunner.java:103)
	at org.junit.runners.BlockJUnit4ClassRunner.runChild(BlockJUnit4ClassRunner.java:63)
	at org.junit.runners.ParentRunner$4.run(ParentRunner.java:331)
	at org.junit.runners.ParentRunner$1.schedule(ParentRunner.java:79)
	at org.junit.runners.ParentRunner.runChildren(ParentRunner.java:329)
	at org.junit.runners.ParentRunner.access$100(ParentRunner.java:66)
	at org.junit.runners.ParentRunner$2.evaluate(ParentRunner.java:293)
	at org.junit.runners.ParentRunner.run(ParentRunner.java:413)
	at org.junit.runners.Suite.runChild(Suite.java:128)
	at org.junit.runners.Suite.runChild(Suite.java:27)
	at org.junit.runners.ParentRunner$4.run(ParentRunner.java:331)
	at org.junit.runners.ParentRunner$1.schedule(ParentRunner.java:79)
	at org.junit.runners.ParentRunner.runChildren(ParentRunner.java:329)
	at org.junit.runners.ParentRunner.access$100(ParentRunner.java:66)
	at org.junit.runners.ParentRunner$2.evaluate(ParentRunner.java:293)
	at org.junit.runners.ParentRunner$3.evaluate(ParentRunner.java:306)
	at org.junit.runners.ParentRunner.run(ParentRunner.java:413)
	at org.apache.maven.surefire.junit4.JUnit4Provider.execute(JUnit4Provider.java:316)
	at org.apache.maven.surefire.junit4.JUnit4Provider.executeWithRerun(JUnit4Provider.java:240)
	at org.apache.maven.surefire.junit4.JUnit4Provider.executeTestSet(JUnit4Provider.java:214)
	at org.apache.maven.surefire.junit4.JUnit4Provider.invoke(JUnit4Provider.java:155)
	at org.apache.maven.surefire.booter.ForkedBooter.runSuitesInProcess(ForkedBooter.java:385)
	at org.apache.maven.surefire.booter.ForkedBooter.execute(ForkedBooter.java:162)
	at org.apache.maven.surefire.booter.ForkedBooter.run(ForkedBooter.java:507)
	at org.apache.maven.surefire.booter.ForkedBooter.main(ForkedBooter.java:495)
</pre></div></div></td>
<td align="left"></td></tr>
<tr class="a">
<td align="left"><a href="#com.revature.planetarium.controller.user.RegisterAPITest.registerPositiveTest4"><img src="images/icon_error_sml.gif" alt="" /></a></td>
<td align="left"><a id="TC_com.revature.planetarium.controller.user.RegisterAPITest.registerPositiveTest4"></a><a href="#com.revature.planetarium.controller.user.RegisterAPITest.registerPositiveTest4">registerPositiveTest[4]</a>
<div class="detailToggle" style="display:inline"><a href="javascript:toggleDisplay('com.revature.planetarium.controller.user.RegisterAPITest.registerPositiveTest4');"><span style="display:inline;" id="com.revature.planetarium.controller.user.RegisterAPITest.registerPositiveTest4-off"> + </span><span style="display:none;" id="com.revature.planetarium.controller.user.RegisterAPITest.registerPositiveTest4-on"> - </span>[ Detail ]</a></div></td>
<td align="left">0.031</td></tr>
<tr class="b">
<td align="left"></td>
<td align="left">1 expectation failed.
Expected header &quot;Content-Type&quot; was not &quot;application/json&quot;, was &quot;text/plain&quot;. Headers are:
Date=Tue, 06 May 2025 15:20:45 GMT
Content-Type=text/plain
Content-Length=16
</td>
<td align="left"></td></tr>
<tr class="a">
<td align="left"></td>
<td align="left">
<div id="com.revature.planetarium.controller.user.RegisterAPITest.registerPositiveTest4-failure" style="display:none;">
<div>
<pre>java.lang.AssertionError: 
1 expectation failed.
Expected header &quot;Content-Type&quot; was not &quot;application/json&quot;, was &quot;text/plain&quot;. Headers are:
Date=Tue, 06 May 2025 15:20:45 GMT
Content-Type=text/plain
Content-Length=16

	at java.base/jdk.internal.reflect.NativeConstructorAccessorImpl.newInstance0(Native Method)
	at java.base/jdk.internal.reflect.NativeConstructorAccessorImpl.newInstance(NativeConstructorAccessorImpl.java:62)
	at java.base/jdk.internal.reflect.DelegatingConstructorAccessorImpl.newInstance(DelegatingConstructorAccessorImpl.java:45)
	at java.base/java.lang.reflect.Constructor.newInstance(Constructor.java:490)
	at org.codehaus.groovy.reflection.CachedConstructor.invoke(CachedConstructor.java:73)
	at org.codehaus.groovy.reflection.CachedConstructor.doConstructorInvoke(CachedConstructor.java:60)
	at org.codehaus.groovy.runtime.callsite.ConstructorSite$ConstructorSiteNoUnwrap.callConstructor(ConstructorSite.java:86)
	at org.codehaus.groovy.runtime.callsite.CallSiteArray.defaultCallConstructor(CallSiteArray.java:57)
	at org.codehaus.groovy.runtime.callsite.AbstractCallSite.callConstructor(AbstractCallSite.java:263)
	at org.codehaus.groovy.runtime.callsite.AbstractCallSite.callConstructor(AbstractCallSite.java:277)
	at io.restassured.internal.ResponseSpecificationImpl$HamcrestAssertionClosure.validate(ResponseSpecificationImpl.groovy:512)
	at io.restassured.internal.ResponseSpecificationImpl$HamcrestAssertionClosure$validate$1.call(Unknown Source)
	at io.restassured.internal.ResponseSpecificationImpl.validateResponseIfRequired(ResponseSpecificationImpl.groovy:696)
	at io.restassured.internal.ResponseSpecificationImpl.this$2$validateResponseIfRequired(ResponseSpecificationImpl.groovy)
	at java.base/jdk.internal.reflect.NativeMethodAccessorImpl.invoke0(Native Method)
	at java.base/jdk.internal.reflect.NativeMethodAccessorImpl.invoke(NativeMethodAccessorImpl.java:62)
	at java.base/jdk.internal.reflect.DelegatingMethodAccessorImpl.invoke(DelegatingMethodAccessorImpl.java:43)
	at java.base/java.lang.reflect.Method.invoke(Method.java:566)
	at org.codehaus.groovy.runtime.callsite.PlainObjectMetaMethodSite.doInvoke(PlainObjectMetaMethodSite.java:43)
	at org.codehaus.groovy.runtime.callsite.PogoMetaMethodSite$PogoCachedMethodSiteNoUnwrapNoCoerce.invoke(PogoMetaMethodSite.java:198)
	at org.codehaus.groovy.runtime.callsite.PogoMetaMethodSite.callCurrent(PogoMetaMethodSite.java:62)
	at org.codehaus.groovy.runtime.callsite.AbstractCallSite.callCurrent(AbstractCallSite.java:185)
	at io.restassured.internal.ResponseSpecificationImpl.header(ResponseSpecificationImpl.groovy:191)
	at io.restassured.internal.ValidatableResponseOptionsImpl.header(ValidatableResponseOptionsImpl.java:114)
	at com.revature.planetarium.controller.user.RegisterAPITest.registerPositiveTest(RegisterAPITest.java:66)
	at java.base/jdk.internal.reflect.NativeMethodAccessorImpl.invoke0(Native Method)
	at java.base/jdk.internal.reflect.NativeMethodAccessorImpl.invoke(NativeMethodAccessorImpl.java:62)
	at java.base/jdk.internal.reflect.DelegatingMethodAccessorImpl.invoke(DelegatingMethodAccessorImpl.java:43)
	at java.base/java.lang.reflect.Method.invoke(Method.java:566)
	at org.junit.runners.model.FrameworkMethod$1.runReflectiveCall(FrameworkMethod.java:59)
	at org.junit.internal.runners.model.ReflectiveCallable.run(ReflectiveCallable.java:12)
	at org.junit.runners.model.FrameworkMethod.invokeExplosively(FrameworkMethod.java:56)
	at org.junit.internal.runners.statements.InvokeMethod.evaluate(InvokeMethod.java:17)
	at org.junit.internal.runners.statements.RunBefores.evaluate(RunBefores.java:26)
	at org.junit.runners.ParentRunner$3.evaluate(ParentRunner.java:306)
	at org.junit.runners.BlockJUnit4ClassRunner$1.evaluate(BlockJUnit4ClassRunner.java:100)
	at org.junit.runners.ParentRunner.runLeaf(ParentRunner.java:366)
	at org.junit.runners.BlockJUnit4ClassRunner.runChild(BlockJUnit4ClassRunner.java:103)
	at org.junit.runners.BlockJUnit4ClassRunner.runChild(BlockJUnit4ClassRunner.java:63)
	at org.junit.runners.ParentRunner$4.run(ParentRunner.java:331)
	at org.junit.runners.ParentRunner$1.schedule(ParentRunner.java:79)
	at org.junit.runners.ParentRunner.runChildren(ParentRunner.java:329)
	at org.junit.runners.ParentRunner.access$100(ParentRunner.java:66)
	at org.junit.runners.ParentRunner$2.evaluate(ParentRunner.java:293)
	at org.junit.runners.ParentRunner.run(ParentRunner.java:413)
	at org.junit.runners.Suite.runChild(Suite.java:128)
	at org.junit.runners.Suite.runChild(Suite.java:27)
	at org.junit.runners.ParentRunner$4.run(ParentRunner.java:331)
	at org.junit.runners.ParentRunner$1.schedule(ParentRunner.java:79)
	at org.junit.runners.ParentRunner.runChildren(ParentRunner.java:329)
	at org.junit.runners.ParentRunner.access$100(ParentRunner.java:66)
	at org.junit.runners.ParentRunner$2.evaluate(ParentRunner.java:293)
	at org.junit.runners.ParentRunner$3.evaluate(ParentRunner.java:306)
	at org.junit.runners.ParentRunner.run(ParentRunner.java:413)
	at org.apache.maven.surefire.junit4.JUnit4Provider.execute(JUnit4Provider.java:316)
	at org.apache.maven.surefire.junit4.JUnit4Provider.executeWithRerun(JUnit4Provider.java:240)
	at org.apache.maven.surefire.junit4.JUnit4Provider.executeTestSet(JUnit4Provider.java:214)
	at org.apache.maven.surefire.junit4.JUnit4Provider.invoke(JUnit4Provider.java:155)
	at org.apache.maven.surefire.booter.ForkedBooter.runSuitesInProcess(ForkedBooter.java:385)
	at org.apache.maven.surefire.booter.ForkedBooter.execute(ForkedBooter.java:162)
	at org.apache.maven.surefire.booter.ForkedBooter.run(ForkedBooter.java:507)
	at org.apache.maven.surefire.booter.ForkedBooter.main(ForkedBooter.java:495)
</pre></div></div></td>
<td align="left"></td></tr>
<tr class="b">
<td align="left"><a href="#com.revature.planetarium.controller.user.RegisterAPITest.registerPositiveTest5"><img src="images/icon_error_sml.gif" alt="" /></a></td>
<td align="left"><a id="TC_com.revature.planetarium.controller.user.RegisterAPITest.registerPositiveTest5"></a><a href="#com.revature.planetarium.controller.user.RegisterAPITest.registerPositiveTest5">registerPositiveTest[5]</a>
<div class="detailToggle" style="display:inline"><a href="javascript:toggleDisplay('com.revature.planetarium.controller.user.RegisterAPITest.registerPositiveTest5');"><span style="display:inline;" id="com.revature.planetarium.controller.user.RegisterAPITest.registerPositiveTest5-off"> + </span><span style="display:none;" id="com.revature.planetarium.controller.user.RegisterAPITest.registerPositiveTest5-on"> - </span>[ Detail ]</a></div></td>
<td align="left">0.029</td></tr>
<tr class="a">
<td align="left"></td>
<td align="left">1 expectation failed.
Expected header &quot;Content-Type&quot; was not &quot;application/json&quot;, was &quot;text/plain&quot;. Headers are:
Date=Tue, 06 May 2025 15:20:45 GMT
Content-Type=text/plain
Content-Length=16
</td>
<td align="left"></td></tr>
<tr class="b">
<td align="left"></td>
<td align="left">
<div id="com.revature.planetarium.controller.user.RegisterAPITest.registerPositiveTest5-failure" style="display:none;">
<div>
<pre>java.lang.AssertionError: 
1 expectation failed.
Expected header &quot;Content-Type&quot; was not &quot;application/json&quot;, was &quot;text/plain&quot;. Headers are:
Date=Tue, 06 May 2025 15:20:45 GMT
Content-Type=text/plain
Content-Length=16

	at java.base/jdk.internal.reflect.NativeConstructorAccessorImpl.newInstance0(Native Method)
	at java.base/jdk.internal.reflect.NativeConstructorAccessorImpl.newInstance(NativeConstructorAccessorImpl.java:62)
	at java.base/jdk.internal.reflect.DelegatingConstructorAccessorImpl.newInstance(DelegatingConstructorAccessorImpl.java:45)
	at java.base/java.lang.reflect.Constructor.newInstance(Constructor.java:490)
	at org.codehaus.groovy.reflection.CachedConstructor.invoke(CachedConstructor.java:73)
	at org.codehaus.groovy.reflection.CachedConstructor.doConstructorInvoke(CachedConstructor.java:60)
	at org.codehaus.groovy.runtime.callsite.ConstructorSite$ConstructorSiteNoUnwrap.callConstructor(ConstructorSite.java:86)
	at org.codehaus.groovy.runtime.callsite.AbstractCallSite.callConstructor(AbstractCallSite.java:277)
	at io.restassured.internal.ResponseSpecificationImpl$HamcrestAssertionClosure.validate(ResponseSpecificationImpl.groovy:512)
	at io.restassured.internal.ResponseSpecificationImpl$HamcrestAssertionClosure$validate$1.call(Unknown Source)
	at io.restassured.internal.ResponseSpecificationImpl.validateResponseIfRequired(ResponseSpecificationImpl.groovy:696)
	at io.restassured.internal.ResponseSpecificationImpl.this$2$validateResponseIfRequired(ResponseSpecificationImpl.groovy)
	at java.base/jdk.internal.reflect.NativeMethodAccessorImpl.invoke0(Native Method)
	at java.base/jdk.internal.reflect.NativeMethodAccessorImpl.invoke(NativeMethodAccessorImpl.java:62)
	at java.base/jdk.internal.reflect.DelegatingMethodAccessorImpl.invoke(DelegatingMethodAccessorImpl.java:43)
	at java.base/java.lang.reflect.Method.invoke(Method.java:566)
	at org.codehaus.groovy.runtime.callsite.PlainObjectMetaMethodSite.doInvoke(PlainObjectMetaMethodSite.java:43)
	at org.codehaus.groovy.runtime.callsite.PogoMetaMethodSite$PogoCachedMethodSiteNoUnwrapNoCoerce.invoke(PogoMetaMethodSite.java:198)
	at org.codehaus.groovy.runtime.callsite.PogoMetaMethodSite.callCurrent(PogoMetaMethodSite.java:62)
	at org.codehaus.groovy.runtime.callsite.AbstractCallSite.callCurrent(AbstractCallSite.java:185)
	at io.restassured.internal.ResponseSpecificationImpl.header(ResponseSpecificationImpl.groovy:191)
	at io.restassured.internal.ValidatableResponseOptionsImpl.header(ValidatableResponseOptionsImpl.java:114)
	at com.revature.planetarium.controller.user.RegisterAPITest.registerPositiveTest(RegisterAPITest.java:66)
	at java.base/jdk.internal.reflect.NativeMethodAccessorImpl.invoke0(Native Method)
	at java.base/jdk.internal.reflect.NativeMethodAccessorImpl.invoke(NativeMethodAccessorImpl.java:62)
	at java.base/jdk.internal.reflect.DelegatingMethodAccessorImpl.invoke(DelegatingMethodAccessorImpl.java:43)
	at java.base/java.lang.reflect.Method.invoke(Method.java:566)
	at org.junit.runners.model.FrameworkMethod$1.runReflectiveCall(FrameworkMethod.java:59)
	at org.junit.internal.runners.model.ReflectiveCallable.run(ReflectiveCallable.java:12)
	at org.junit.runners.model.FrameworkMethod.invokeExplosively(FrameworkMethod.java:56)
	at org.junit.internal.runners.statements.InvokeMethod.evaluate(InvokeMethod.java:17)
	at org.junit.internal.runners.statements.RunBefores.evaluate(RunBefores.java:26)
	at org.junit.runners.ParentRunner$3.evaluate(ParentRunner.java:306)
	at org.junit.runners.BlockJUnit4ClassRunner$1.evaluate(BlockJUnit4ClassRunner.java:100)
	at org.junit.runners.ParentRunner.runLeaf(ParentRunner.java:366)
	at org.junit.runners.BlockJUnit4ClassRunner.runChild(BlockJUnit4ClassRunner.java:103)
	at org.junit.runners.BlockJUnit4ClassRunner.runChild(BlockJUnit4ClassRunner.java:63)
	at org.junit.runners.ParentRunner$4.run(ParentRunner.java:331)
	at org.junit.runners.ParentRunner$1.schedule(ParentRunner.java:79)
	at org.junit.runners.ParentRunner.runChildren(ParentRunner.java:329)
	at org.junit.runners.ParentRunner.access$100(ParentRunner.java:66)
	at org.junit.runners.ParentRunner$2.evaluate(ParentRunner.java:293)
	at org.junit.runners.ParentRunner.run(ParentRunner.java:413)
	at org.junit.runners.Suite.runChild(Suite.java:128)
	at org.junit.runners.Suite.runChild(Suite.java:27)
	at org.junit.runners.ParentRunner$4.run(ParentRunner.java:331)
	at org.junit.runners.ParentRunner$1.schedule(ParentRunner.java:79)
	at org.junit.runners.ParentRunner.runChildren(ParentRunner.java:329)
	at org.junit.runners.ParentRunner.access$100(ParentRunner.java:66)
	at org.junit.runners.ParentRunner$2.evaluate(ParentRunner.java:293)
	at org.junit.runners.ParentRunner$3.evaluate(ParentRunner.java:306)
	at org.junit.runners.ParentRunner.run(ParentRunner.java:413)
	at org.apache.maven.surefire.junit4.JUnit4Provider.execute(JUnit4Provider.java:316)
	at org.apache.maven.surefire.junit4.JUnit4Provider.executeWithRerun(JUnit4Provider.java:240)
	at org.apache.maven.surefire.junit4.JUnit4Provider.executeTestSet(JUnit4Provider.java:214)
	at org.apache.maven.surefire.junit4.JUnit4Provider.invoke(JUnit4Provider.java:155)
	at org.apache.maven.surefire.booter.ForkedBooter.runSuitesInProcess(ForkedBooter.java:385)
	at org.apache.maven.surefire.booter.ForkedBooter.execute(ForkedBooter.java:162)
	at org.apache.maven.surefire.booter.ForkedBooter.run(ForkedBooter.java:507)
	at org.apache.maven.surefire.booter.ForkedBooter.main(ForkedBooter.java:495)
</pre></div></div></td>
<td align="left"></td></tr>
<tr class="a">
<td align="left"><a href="#com.revature.planetarium.controller.user.RegisterAPITest.registerPositiveTest6"><img src="images/icon_error_sml.gif" alt="" /></a></td>
<td align="left"><a id="TC_com.revature.planetarium.controller.user.RegisterAPITest.registerPositiveTest6"></a><a href="#com.revature.planetarium.controller.user.RegisterAPITest.registerPositiveTest6">registerPositiveTest[6]</a>
<div class="detailToggle" style="display:inline"><a href="javascript:toggleDisplay('com.revature.planetarium.controller.user.RegisterAPITest.registerPositiveTest6');"><span style="display:inline;" id="com.revature.planetarium.controller.user.RegisterAPITest.registerPositiveTest6-off"> + </span><span style="display:none;" id="com.revature.planetarium.controller.user.RegisterAPITest.registerPositiveTest6-on"> - </span>[ Detail ]</a></div></td>
<td align="left">0.025</td></tr>
<tr class="b">
<td align="left"></td>
<td align="left">1 expectation failed.
Expected header &quot;Content-Type&quot; was not &quot;application/json&quot;, was &quot;text/plain&quot;. Headers are:
Date=Tue, 06 May 2025 15:20:45 GMT
Content-Type=text/plain
Content-Length=16
</td>
<td align="left"></td></tr>
<tr class="a">
<td align="left"></td>
<td align="left">
<div id="com.revature.planetarium.controller.user.RegisterAPITest.registerPositiveTest6-failure" style="display:none;">
<div>
<pre>java.lang.AssertionError: 
1 expectation failed.
Expected header &quot;Content-Type&quot; was not &quot;application/json&quot;, was &quot;text/plain&quot;. Headers are:
Date=Tue, 06 May 2025 15:20:45 GMT
Content-Type=text/plain
Content-Length=16

	at java.base/jdk.internal.reflect.NativeConstructorAccessorImpl.newInstance0(Native Method)
	at java.base/jdk.internal.reflect.NativeConstructorAccessorImpl.newInstance(NativeConstructorAccessorImpl.java:62)
	at java.base/jdk.internal.reflect.DelegatingConstructorAccessorImpl.newInstance(DelegatingConstructorAccessorImpl.java:45)
	at java.base/java.lang.reflect.Constructor.newInstance(Constructor.java:490)
	at org.codehaus.groovy.reflection.CachedConstructor.invoke(CachedConstructor.java:73)
	at org.codehaus.groovy.reflection.CachedConstructor.doConstructorInvoke(CachedConstructor.java:60)
	at org.codehaus.groovy.runtime.callsite.ConstructorSite$ConstructorSiteNoUnwrap.callConstructor(ConstructorSite.java:86)
	at org.codehaus.groovy.runtime.callsite.AbstractCallSite.callConstructor(AbstractCallSite.java:277)
	at io.restassured.internal.ResponseSpecificationImpl$HamcrestAssertionClosure.validate(ResponseSpecificationImpl.groovy:512)
	at io.restassured.internal.ResponseSpecificationImpl$HamcrestAssertionClosure$validate$1.call(Unknown Source)
	at io.restassured.internal.ResponseSpecificationImpl.validateResponseIfRequired(ResponseSpecificationImpl.groovy:696)
	at io.restassured.internal.ResponseSpecificationImpl.this$2$validateResponseIfRequired(ResponseSpecificationImpl.groovy)
	at java.base/jdk.internal.reflect.NativeMethodAccessorImpl.invoke0(Native Method)
	at java.base/jdk.internal.reflect.NativeMethodAccessorImpl.invoke(NativeMethodAccessorImpl.java:62)
	at java.base/jdk.internal.reflect.DelegatingMethodAccessorImpl.invoke(DelegatingMethodAccessorImpl.java:43)
	at java.base/java.lang.reflect.Method.invoke(Method.java:566)
	at org.codehaus.groovy.runtime.callsite.PlainObjectMetaMethodSite.doInvoke(PlainObjectMetaMethodSite.java:43)
	at org.codehaus.groovy.runtime.callsite.PogoMetaMethodSite$PogoCachedMethodSiteNoUnwrapNoCoerce.invoke(PogoMetaMethodSite.java:198)
	at org.codehaus.groovy.runtime.callsite.PogoMetaMethodSite.callCurrent(PogoMetaMethodSite.java:62)
	at org.codehaus.groovy.runtime.callsite.AbstractCallSite.callCurrent(AbstractCallSite.java:185)
	at io.restassured.internal.ResponseSpecificationImpl.header(ResponseSpecificationImpl.groovy:191)
	at io.restassured.internal.ValidatableResponseOptionsImpl.header(ValidatableResponseOptionsImpl.java:114)
	at com.revature.planetarium.controller.user.RegisterAPITest.registerPositiveTest(RegisterAPITest.java:66)
	at java.base/jdk.internal.reflect.NativeMethodAccessorImpl.invoke0(Native Method)
	at java.base/jdk.internal.reflect.NativeMethodAccessorImpl.invoke(NativeMethodAccessorImpl.java:62)
	at java.base/jdk.internal.reflect.DelegatingMethodAccessorImpl.invoke(DelegatingMethodAccessorImpl.java:43)
	at java.base/java.lang.reflect.Method.invoke(Method.java:566)
	at org.junit.runners.model.FrameworkMethod$1.runReflectiveCall(FrameworkMethod.java:59)
	at org.junit.internal.runners.model.ReflectiveCallable.run(ReflectiveCallable.java:12)
	at org.junit.runners.model.FrameworkMethod.invokeExplosively(FrameworkMethod.java:56)
	at org.junit.internal.runners.statements.InvokeMethod.evaluate(InvokeMethod.java:17)
	at org.junit.internal.runners.statements.RunBefores.evaluate(RunBefores.java:26)
	at org.junit.runners.ParentRunner$3.evaluate(ParentRunner.java:306)
	at org.junit.runners.BlockJUnit4ClassRunner$1.evaluate(BlockJUnit4ClassRunner.java:100)
	at org.junit.runners.ParentRunner.runLeaf(ParentRunner.java:366)
	at org.junit.runners.BlockJUnit4ClassRunner.runChild(BlockJUnit4ClassRunner.java:103)
	at org.junit.runners.BlockJUnit4ClassRunner.runChild(BlockJUnit4ClassRunner.java:63)
	at org.junit.runners.ParentRunner$4.run(ParentRunner.java:331)
	at org.junit.runners.ParentRunner$1.schedule(ParentRunner.java:79)
	at org.junit.runners.ParentRunner.runChildren(ParentRunner.java:329)
	at org.junit.runners.ParentRunner.access$100(ParentRunner.java:66)
	at org.junit.runners.ParentRunner$2.evaluate(ParentRunner.java:293)
	at org.junit.runners.ParentRunner.run(ParentRunner.java:413)
	at org.junit.runners.Suite.runChild(Suite.java:128)
	at org.junit.runners.Suite.runChild(Suite.java:27)
	at org.junit.runners.ParentRunner$4.run(ParentRunner.java:331)
	at org.junit.runners.ParentRunner$1.schedule(ParentRunner.java:79)
	at org.junit.runners.ParentRunner.runChildren(ParentRunner.java:329)
	at org.junit.runners.ParentRunner.access$100(ParentRunner.java:66)
	at org.junit.runners.ParentRunner$2.evaluate(ParentRunner.java:293)
	at org.junit.runners.ParentRunner$3.evaluate(ParentRunner.java:306)
	at org.junit.runners.ParentRunner.run(ParentRunner.java:413)
	at org.apache.maven.surefire.junit4.JUnit4Provider.execute(JUnit4Provider.java:316)
	at org.apache.maven.surefire.junit4.JUnit4Provider.executeWithRerun(JUnit4Provider.java:240)
	at org.apache.maven.surefire.junit4.JUnit4Provider.executeTestSet(JUnit4Provider.java:214)
	at org.apache.maven.surefire.junit4.JUnit4Provider.invoke(JUnit4Provider.java:155)
	at org.apache.maven.surefire.booter.ForkedBooter.runSuitesInProcess(ForkedBooter.java:385)
	at org.apache.maven.surefire.booter.ForkedBooter.execute(ForkedBooter.java:162)
	at org.apache.maven.surefire.booter.ForkedBooter.run(ForkedBooter.java:507)
	at org.apache.maven.surefire.booter.ForkedBooter.main(ForkedBooter.java:495)
</pre></div></div></td>
<td align="left"></td></tr>
<tr class="b">
<td align="left"><a href="#com.revature.planetarium.controller.user.RegisterAPITest.registerPositiveTest7"><img src="images/icon_error_sml.gif" alt="" /></a></td>
<td align="left"><a id="TC_com.revature.planetarium.controller.user.RegisterAPITest.registerPositiveTest7"></a><a href="#com.revature.planetarium.controller.user.RegisterAPITest.registerPositiveTest7">registerPositiveTest[7]</a>
<div class="detailToggle" style="display:inline"><a href="javascript:toggleDisplay('com.revature.planetarium.controller.user.RegisterAPITest.registerPositiveTest7');"><span style="display:inline;" id="com.revature.planetarium.controller.user.RegisterAPITest.registerPositiveTest7-off"> + </span><span style="display:none;" id="com.revature.planetarium.controller.user.RegisterAPITest.registerPositiveTest7-on"> - </span>[ Detail ]</a></div></td>
<td align="left">0.034</td></tr>
<tr class="a">
<td align="left"></td>
<td align="left">Lexing failed on line: 1, column: 1, while reading 'U', no possible valid JSON value or punctuation could be recognized.</td>
<td align="left"></td></tr>
<tr class="b">
<td align="left"></td>
<td align="left">
<div id="com.revature.planetarium.controller.user.RegisterAPITest.registerPositiveTest7-error" style="display:none;">
<div>
<pre>groovy.json.JsonException: Lexing failed on line: 1, column: 1, while reading 'U', no possible valid JSON value or punctuation could be recognized.
	at groovy.json.JsonLexer.nextToken(JsonLexer.java:86)
	at groovy.json.JsonLexer$nextToken.call(Unknown Source)
	at io.restassured.internal.path.json.ConfigurableJsonSlurper.parse(ConfigurableJsonSlurper.groovy:97)
	at io.restassured.internal.path.json.ConfigurableJsonSlurper$parse$0.callCurrent(Unknown Source)
	at io.restassured.internal.path.json.ConfigurableJsonSlurper.parseText(ConfigurableJsonSlurper.groovy:83)
	at io.restassured.internal.path.json.ConfigurableJsonSlurper$parseText.call(Unknown Source)
	at io.restassured.internal.ContentParser.parse(ContentParser.groovy:42)
	at io.restassured.internal.ContentParser$parse.call(Unknown Source)
	at io.restassured.internal.ResponseSpecificationImpl$HamcrestAssertionClosure.validate(ResponseSpecificationImpl.groovy:497)
	at io.restassured.internal.ResponseSpecificationImpl$HamcrestAssertionClosure$validate$1.call(Unknown Source)
	at io.restassured.internal.ResponseSpecificationImpl.validateResponseIfRequired(ResponseSpecificationImpl.groovy:696)
	at io.restassured.internal.ResponseSpecificationImpl.this$2$validateResponseIfRequired(ResponseSpecificationImpl.groovy)
	at jdk.internal.reflect.GeneratedMethodAccessor59.invoke(Unknown Source)
	at java.base/jdk.internal.reflect.DelegatingMethodAccessorImpl.invoke(DelegatingMethodAccessorImpl.java:43)
	at java.base/java.lang.reflect.Method.invoke(Method.java:566)
	at org.codehaus.groovy.runtime.callsite.PlainObjectMetaMethodSite.doInvoke(PlainObjectMetaMethodSite.java:43)
	at org.codehaus.groovy.runtime.callsite.PogoMetaMethodSite$PogoCachedMethodSiteNoUnwrapNoCoerce.invoke(PogoMetaMethodSite.java:198)
	at org.codehaus.groovy.runtime.callsite.PogoMetaMethodSite.callCurrent(PogoMetaMethodSite.java:62)
	at org.codehaus.groovy.runtime.callsite.AbstractCallSite.callCurrent(AbstractCallSite.java:185)
	at io.restassured.internal.ResponseSpecificationImpl.body(ResponseSpecificationImpl.groovy:270)
	at io.restassured.specification.ResponseSpecification$body$1.callCurrent(Unknown Source)
	at io.restassured.internal.ResponseSpecificationImpl.body(ResponseSpecificationImpl.groovy:117)
	at io.restassured.internal.ValidatableResponseOptionsImpl.body(ValidatableResponseOptionsImpl.java:244)
	at com.revature.planetarium.controller.user.RegisterAPITest.registerPositiveTest(RegisterAPITest.java:67)
	at java.base/jdk.internal.reflect.NativeMethodAccessorImpl.invoke0(Native Method)
	at java.base/jdk.internal.reflect.NativeMethodAccessorImpl.invoke(NativeMethodAccessorImpl.java:62)
	at java.base/jdk.internal.reflect.DelegatingMethodAccessorImpl.invoke(DelegatingMethodAccessorImpl.java:43)
	at java.base/java.lang.reflect.Method.invoke(Method.java:566)
	at org.junit.runners.model.FrameworkMethod$1.runReflectiveCall(FrameworkMethod.java:59)
	at org.junit.internal.runners.model.ReflectiveCallable.run(ReflectiveCallable.java:12)
	at org.junit.runners.model.FrameworkMethod.invokeExplosively(FrameworkMethod.java:56)
	at org.junit.internal.runners.statements.InvokeMethod.evaluate(InvokeMethod.java:17)
	at org.junit.internal.runners.statements.RunBefores.evaluate(RunBefores.java:26)
	at org.junit.runners.ParentRunner$3.evaluate(ParentRunner.java:306)
	at org.junit.runners.BlockJUnit4ClassRunner$1.evaluate(BlockJUnit4ClassRunner.java:100)
	at org.junit.runners.ParentRunner.runLeaf(ParentRunner.java:366)
	at org.junit.runners.BlockJUnit4ClassRunner.runChild(BlockJUnit4ClassRunner.java:103)
	at org.junit.runners.BlockJUnit4ClassRunner.runChild(BlockJUnit4ClassRunner.java:63)
	at org.junit.runners.ParentRunner$4.run(ParentRunner.java:331)
	at org.junit.runners.ParentRunner$1.schedule(ParentRunner.java:79)
	at org.junit.runners.ParentRunner.runChildren(ParentRunner.java:329)
	at org.junit.runners.ParentRunner.access$100(ParentRunner.java:66)
	at org.junit.runners.ParentRunner$2.evaluate(ParentRunner.java:293)
	at org.junit.runners.ParentRunner.run(ParentRunner.java:413)
	at org.junit.runners.Suite.runChild(Suite.java:128)
	at org.junit.runners.Suite.runChild(Suite.java:27)
	at org.junit.runners.ParentRunner$4.run(ParentRunner.java:331)
	at org.junit.runners.ParentRunner$1.schedule(ParentRunner.java:79)
	at org.junit.runners.ParentRunner.runChildren(ParentRunner.java:329)
	at org.junit.runners.ParentRunner.access$100(ParentRunner.java:66)
	at org.junit.runners.ParentRunner$2.evaluate(ParentRunner.java:293)
	at org.junit.runners.ParentRunner$3.evaluate(ParentRunner.java:306)
	at org.junit.runners.ParentRunner.run(ParentRunner.java:413)
	at org.apache.maven.surefire.junit4.JUnit4Provider.execute(JUnit4Provider.java:316)
	at org.apache.maven.surefire.junit4.JUnit4Provider.executeWithRerun(JUnit4Provider.java:240)
	at org.apache.maven.surefire.junit4.JUnit4Provider.executeTestSet(JUnit4Provider.java:214)
	at org.apache.maven.surefire.junit4.JUnit4Provider.invoke(JUnit4Provider.java:155)
	at org.apache.maven.surefire.booter.ForkedBooter.runSuitesInProcess(ForkedBooter.java:385)
	at org.apache.maven.surefire.booter.ForkedBooter.execute(ForkedBooter.java:162)
	at org.apache.maven.surefire.booter.ForkedBooter.run(ForkedBooter.java:507)
	at org.apache.maven.surefire.booter.ForkedBooter.main(ForkedBooter.java:495)
</pre></div></div></td>
<td align="left"></td></tr>
<tr class="a">
<td align="left"><a href="#com.revature.planetarium.controller.user.RegisterAPITest.registerPositiveTest8"><img src="images/icon_error_sml.gif" alt="" /></a></td>
<td align="left"><a id="TC_com.revature.planetarium.controller.user.RegisterAPITest.registerPositiveTest8"></a><a href="#com.revature.planetarium.controller.user.RegisterAPITest.registerPositiveTest8">registerPositiveTest[8]</a>
<div class="detailToggle" style="display:inline"><a href="javascript:toggleDisplay('com.revature.planetarium.controller.user.RegisterAPITest.registerPositiveTest8');"><span style="display:inline;" id="com.revature.planetarium.controller.user.RegisterAPITest.registerPositiveTest8-off"> + </span><span style="display:none;" id="com.revature.planetarium.controller.user.RegisterAPITest.registerPositiveTest8-on"> - </span>[ Detail ]</a></div></td>
<td align="left">0.027</td></tr>
<tr class="b">
<td align="left"></td>
<td align="left">1 expectation failed.
Expected header &quot;Content-Type&quot; was not &quot;application/json&quot;, was &quot;text/plain&quot;. Headers are:
Date=Tue, 06 May 2025 15:20:45 GMT
Content-Type=text/plain
Content-Length=16
</td>
<td align="left"></td></tr>
<tr class="a">
<td align="left"></td>
<td align="left">
<div id="com.revature.planetarium.controller.user.RegisterAPITest.registerPositiveTest8-failure" style="display:none;">
<div>
<pre>java.lang.AssertionError: 
1 expectation failed.
Expected header &quot;Content-Type&quot; was not &quot;application/json&quot;, was &quot;text/plain&quot;. Headers are:
Date=Tue, 06 May 2025 15:20:45 GMT
Content-Type=text/plain
Content-Length=16

	at java.base/jdk.internal.reflect.NativeConstructorAccessorImpl.newInstance0(Native Method)
	at java.base/jdk.internal.reflect.NativeConstructorAccessorImpl.newInstance(NativeConstructorAccessorImpl.java:62)
	at java.base/jdk.internal.reflect.DelegatingConstructorAccessorImpl.newInstance(DelegatingConstructorAccessorImpl.java:45)
	at java.base/java.lang.reflect.Constructor.newInstance(Constructor.java:490)
	at org.codehaus.groovy.reflection.CachedConstructor.invoke(CachedConstructor.java:73)
	at org.codehaus.groovy.reflection.CachedConstructor.doConstructorInvoke(CachedConstructor.java:60)
	at org.codehaus.groovy.runtime.callsite.ConstructorSite$ConstructorSiteNoUnwrap.callConstructor(ConstructorSite.java:86)
	at org.codehaus.groovy.runtime.callsite.AbstractCallSite.callConstructor(AbstractCallSite.java:277)
	at io.restassured.internal.ResponseSpecificationImpl$HamcrestAssertionClosure.validate(ResponseSpecificationImpl.groovy:512)
	at io.restassured.internal.ResponseSpecificationImpl$HamcrestAssertionClosure$validate$1.call(Unknown Source)
	at io.restassured.internal.ResponseSpecificationImpl.validateResponseIfRequired(ResponseSpecificationImpl.groovy:696)
	at io.restassured.internal.ResponseSpecificationImpl.this$2$validateResponseIfRequired(ResponseSpecificationImpl.groovy)
	at jdk.internal.reflect.GeneratedMethodAccessor59.invoke(Unknown Source)
	at java.base/jdk.internal.reflect.DelegatingMethodAccessorImpl.invoke(DelegatingMethodAccessorImpl.java:43)
	at java.base/java.lang.reflect.Method.invoke(Method.java:566)
	at org.codehaus.groovy.runtime.callsite.PlainObjectMetaMethodSite.doInvoke(PlainObjectMetaMethodSite.java:43)
	at org.codehaus.groovy.runtime.callsite.PogoMetaMethodSite$PogoCachedMethodSiteNoUnwrapNoCoerce.invoke(PogoMetaMethodSite.java:198)
	at org.codehaus.groovy.runtime.callsite.PogoMetaMethodSite.callCurrent(PogoMetaMethodSite.java:62)
	at org.codehaus.groovy.runtime.callsite.AbstractCallSite.callCurrent(AbstractCallSite.java:185)
	at io.restassured.internal.ResponseSpecificationImpl.header(ResponseSpecificationImpl.groovy:191)
	at io.restassured.internal.ValidatableResponseOptionsImpl.header(ValidatableResponseOptionsImpl.java:114)
	at com.revature.planetarium.controller.user.RegisterAPITest.registerPositiveTest(RegisterAPITest.java:66)
	at java.base/jdk.internal.reflect.NativeMethodAccessorImpl.invoke0(Native Method)
	at java.base/jdk.internal.reflect.NativeMethodAccessorImpl.invoke(NativeMethodAccessorImpl.java:62)
	at java.base/jdk.internal.reflect.DelegatingMethodAccessorImpl.invoke(DelegatingMethodAccessorImpl.java:43)
	at java.base/java.lang.reflect.Method.invoke(Method.java:566)
	at org.junit.runners.model.FrameworkMethod$1.runReflectiveCall(FrameworkMethod.java:59)
	at org.junit.internal.runners.model.ReflectiveCallable.run(ReflectiveCallable.java:12)
	at org.junit.runners.model.FrameworkMethod.invokeExplosively(FrameworkMethod.java:56)
	at org.junit.internal.runners.statements.InvokeMethod.evaluate(InvokeMethod.java:17)
	at org.junit.internal.runners.statements.RunBefores.evaluate(RunBefores.java:26)
	at org.junit.runners.ParentRunner$3.evaluate(ParentRunner.java:306)
	at org.junit.runners.BlockJUnit4ClassRunner$1.evaluate(BlockJUnit4ClassRunner.java:100)
	at org.junit.runners.ParentRunner.runLeaf(ParentRunner.java:366)
	at org.junit.runners.BlockJUnit4ClassRunner.runChild(BlockJUnit4ClassRunner.java:103)
	at org.junit.runners.BlockJUnit4ClassRunner.runChild(BlockJUnit4ClassRunner.java:63)
	at org.junit.runners.ParentRunner$4.run(ParentRunner.java:331)
	at org.junit.runners.ParentRunner$1.schedule(ParentRunner.java:79)
	at org.junit.runners.ParentRunner.runChildren(ParentRunner.java:329)
	at org.junit.runners.ParentRunner.access$100(ParentRunner.java:66)
	at org.junit.runners.ParentRunner$2.evaluate(ParentRunner.java:293)
	at org.junit.runners.ParentRunner.run(ParentRunner.java:413)
	at org.junit.runners.Suite.runChild(Suite.java:128)
	at org.junit.runners.Suite.runChild(Suite.java:27)
	at org.junit.runners.ParentRunner$4.run(ParentRunner.java:331)
	at org.junit.runners.ParentRunner$1.schedule(ParentRunner.java:79)
	at org.junit.runners.ParentRunner.runChildren(ParentRunner.java:329)
	at org.junit.runners.ParentRunner.access$100(ParentRunner.java:66)
	at org.junit.runners.ParentRunner$2.evaluate(ParentRunner.java:293)
	at org.junit.runners.ParentRunner$3.evaluate(ParentRunner.java:306)
	at org.junit.runners.ParentRunner.run(ParentRunner.java:413)
	at org.apache.maven.surefire.junit4.JUnit4Provider.execute(JUnit4Provider.java:316)
	at org.apache.maven.surefire.junit4.JUnit4Provider.executeWithRerun(JUnit4Provider.java:240)
	at org.apache.maven.surefire.junit4.JUnit4Provider.executeTestSet(JUnit4Provider.java:214)
	at org.apache.maven.surefire.junit4.JUnit4Provider.invoke(JUnit4Provider.java:155)
	at org.apache.maven.surefire.booter.ForkedBooter.runSuitesInProcess(ForkedBooter.java:385)
	at org.apache.maven.surefire.booter.ForkedBooter.execute(ForkedBooter.java:162)
	at org.apache.maven.surefire.booter.ForkedBooter.run(ForkedBooter.java:507)
	at org.apache.maven.surefire.booter.ForkedBooter.main(ForkedBooter.java:495)
</pre></div></div></td>
<td align="left"></td></tr>
<tr class="b">
<td align="left"><a href="#com.revature.planetarium.controller.user.RegisterAPITest.registerPositiveTest9"><img src="images/icon_error_sml.gif" alt="" /></a></td>
<td align="left"><a id="TC_com.revature.planetarium.controller.user.RegisterAPITest.registerPositiveTest9"></a><a href="#com.revature.planetarium.controller.user.RegisterAPITest.registerPositiveTest9">registerPositiveTest[9]</a>
<div class="detailToggle" style="display:inline"><a href="javascript:toggleDisplay('com.revature.planetarium.controller.user.RegisterAPITest.registerPositiveTest9');"><span style="display:inline;" id="com.revature.planetarium.controller.user.RegisterAPITest.registerPositiveTest9-off"> + </span><span style="display:none;" id="com.revature.planetarium.controller.user.RegisterAPITest.registerPositiveTest9-on"> - </span>[ Detail ]</a></div></td>
<td align="left">0.024</td></tr>
<tr class="a">
<td align="left"></td>
<td align="left">1 expectation failed.
Expected header &quot;Content-Type&quot; was not &quot;application/json&quot;, was &quot;text/plain&quot;. Headers are:
Date=Tue, 06 May 2025 15:20:45 GMT
Content-Type=text/plain
Content-Length=16
</td>
<td align="left"></td></tr>
<tr class="b">
<td align="left"></td>
<td align="left">
<div id="com.revature.planetarium.controller.user.RegisterAPITest.registerPositiveTest9-failure" style="display:none;">
<div>
<pre>java.lang.AssertionError: 
1 expectation failed.
Expected header &quot;Content-Type&quot; was not &quot;application/json&quot;, was &quot;text/plain&quot;. Headers are:
Date=Tue, 06 May 2025 15:20:45 GMT
Content-Type=text/plain
Content-Length=16

	at java.base/jdk.internal.reflect.NativeConstructorAccessorImpl.newInstance0(Native Method)
	at java.base/jdk.internal.reflect.NativeConstructorAccessorImpl.newInstance(NativeConstructorAccessorImpl.java:62)
	at java.base/jdk.internal.reflect.DelegatingConstructorAccessorImpl.newInstance(DelegatingConstructorAccessorImpl.java:45)
	at java.base/java.lang.reflect.Constructor.newInstance(Constructor.java:490)
	at org.codehaus.groovy.reflection.CachedConstructor.invoke(CachedConstructor.java:73)
	at org.codehaus.groovy.reflection.CachedConstructor.doConstructorInvoke(CachedConstructor.java:60)
	at org.codehaus.groovy.runtime.callsite.ConstructorSite$ConstructorSiteNoUnwrap.callConstructor(ConstructorSite.java:86)
	at org.codehaus.groovy.runtime.callsite.AbstractCallSite.callConstructor(AbstractCallSite.java:277)
	at io.restassured.internal.ResponseSpecificationImpl$HamcrestAssertionClosure.validate(ResponseSpecificationImpl.groovy:512)
	at io.restassured.internal.ResponseSpecificationImpl$HamcrestAssertionClosure$validate$1.call(Unknown Source)
	at io.restassured.internal.ResponseSpecificationImpl.validateResponseIfRequired(ResponseSpecificationImpl.groovy:696)
	at io.restassured.internal.ResponseSpecificationImpl.this$2$validateResponseIfRequired(ResponseSpecificationImpl.groovy)
	at jdk.internal.reflect.GeneratedMethodAccessor59.invoke(Unknown Source)
	at java.base/jdk.internal.reflect.DelegatingMethodAccessorImpl.invoke(DelegatingMethodAccessorImpl.java:43)
	at java.base/java.lang.reflect.Method.invoke(Method.java:566)
	at org.codehaus.groovy.runtime.callsite.PlainObjectMetaMethodSite.doInvoke(PlainObjectMetaMethodSite.java:43)
	at org.codehaus.groovy.runtime.callsite.PogoMetaMethodSite$PogoCachedMethodSiteNoUnwrapNoCoerce.invoke(PogoMetaMethodSite.java:198)
	at org.codehaus.groovy.runtime.callsite.PogoMetaMethodSite.callCurrent(PogoMetaMethodSite.java:62)
	at org.codehaus.groovy.runtime.callsite.AbstractCallSite.callCurrent(AbstractCallSite.java:185)
	at io.restassured.internal.ResponseSpecificationImpl.header(ResponseSpecificationImpl.groovy:191)
	at io.restassured.internal.ValidatableResponseOptionsImpl.header(ValidatableResponseOptionsImpl.java:114)
	at com.revature.planetarium.controller.user.RegisterAPITest.registerPositiveTest(RegisterAPITest.java:66)
	at java.base/jdk.internal.reflect.NativeMethodAccessorImpl.invoke0(Native Method)
	at java.base/jdk.internal.reflect.NativeMethodAccessorImpl.invoke(NativeMethodAccessorImpl.java:62)
	at java.base/jdk.internal.reflect.DelegatingMethodAccessorImpl.invoke(DelegatingMethodAccessorImpl.java:43)
	at java.base/java.lang.reflect.Method.invoke(Method.java:566)
	at org.junit.runners.model.FrameworkMethod$1.runReflectiveCall(FrameworkMethod.java:59)
	at org.junit.internal.runners.model.ReflectiveCallable.run(ReflectiveCallable.java:12)
	at org.junit.runners.model.FrameworkMethod.invokeExplosively(FrameworkMethod.java:56)
	at org.junit.internal.runners.statements.InvokeMethod.evaluate(InvokeMethod.java:17)
	at org.junit.internal.runners.statements.RunBefores.evaluate(RunBefores.java:26)
	at org.junit.runners.ParentRunner$3.evaluate(ParentRunner.java:306)
	at org.junit.runners.BlockJUnit4ClassRunner$1.evaluate(BlockJUnit4ClassRunner.java:100)
	at org.junit.runners.ParentRunner.runLeaf(ParentRunner.java:366)
	at org.junit.runners.BlockJUnit4ClassRunner.runChild(BlockJUnit4ClassRunner.java:103)
	at org.junit.runners.BlockJUnit4ClassRunner.runChild(BlockJUnit4ClassRunner.java:63)
	at org.junit.runners.ParentRunner$4.run(ParentRunner.java:331)
	at org.junit.runners.ParentRunner$1.schedule(ParentRunner.java:79)
	at org.junit.runners.ParentRunner.runChildren(ParentRunner.java:329)
	at org.junit.runners.ParentRunner.access$100(ParentRunner.java:66)
	at org.junit.runners.ParentRunner$2.evaluate(ParentRunner.java:293)
	at org.junit.runners.ParentRunner.run(ParentRunner.java:413)
	at org.junit.runners.Suite.runChild(Suite.java:128)
	at org.junit.runners.Suite.runChild(Suite.java:27)
	at org.junit.runners.ParentRunner$4.run(ParentRunner.java:331)
	at org.junit.runners.ParentRunner$1.schedule(ParentRunner.java:79)
	at org.junit.runners.ParentRunner.runChildren(ParentRunner.java:329)
	at org.junit.runners.ParentRunner.access$100(ParentRunner.java:66)
	at org.junit.runners.ParentRunner$2.evaluate(ParentRunner.java:293)
	at org.junit.runners.ParentRunner$3.evaluate(ParentRunner.java:306)
	at org.junit.runners.ParentRunner.run(ParentRunner.java:413)
	at org.apache.maven.surefire.junit4.JUnit4Provider.execute(JUnit4Provider.java:316)
	at org.apache.maven.surefire.junit4.JUnit4Provider.executeWithRerun(JUnit4Provider.java:240)
	at org.apache.maven.surefire.junit4.JUnit4Provider.executeTestSet(JUnit4Provider.java:214)
	at org.apache.maven.surefire.junit4.JUnit4Provider.invoke(JUnit4Provider.java:155)
	at org.apache.maven.surefire.booter.ForkedBooter.runSuitesInProcess(ForkedBooter.java:385)
	at org.apache.maven.surefire.booter.ForkedBooter.execute(ForkedBooter.java:162)
	at org.apache.maven.surefire.booter.ForkedBooter.run(ForkedBooter.java:507)
	at org.apache.maven.surefire.booter.ForkedBooter.main(ForkedBooter.java:495)
</pre></div></div></td>
<td align="left"></td></tr>
<tr class="a">
<td align="left"><a href="#com.revature.planetarium.controller.user.RegisterAPITest.registerPositiveTest10"><img src="images/icon_error_sml.gif" alt="" /></a></td>
<td align="left"><a id="TC_com.revature.planetarium.controller.user.RegisterAPITest.registerPositiveTest10"></a><a href="#com.revature.planetarium.controller.user.RegisterAPITest.registerPositiveTest10">registerPositiveTest[10]</a>
<div class="detailToggle" style="display:inline"><a href="javascript:toggleDisplay('com.revature.planetarium.controller.user.RegisterAPITest.registerPositiveTest10');"><span style="display:inline;" id="com.revature.planetarium.controller.user.RegisterAPITest.registerPositiveTest10-off"> + </span><span style="display:none;" id="com.revature.planetarium.controller.user.RegisterAPITest.registerPositiveTest10-on"> - </span>[ Detail ]</a></div></td>
<td align="left">0.027</td></tr>
<tr class="b">
<td align="left"></td>
<td align="left">1 expectation failed.
Expected header &quot;Content-Type&quot; was not &quot;application/json&quot;, was &quot;text/plain&quot;. Headers are:
Date=Tue, 06 May 2025 15:20:45 GMT
Content-Type=text/plain
Content-Length=16
</td>
<td align="left"></td></tr>
<tr class="a">
<td align="left"></td>
<td align="left">
<div id="com.revature.planetarium.controller.user.RegisterAPITest.registerPositiveTest10-failure" style="display:none;">
<div>
<pre>java.lang.AssertionError: 
1 expectation failed.
Expected header &quot;Content-Type&quot; was not &quot;application/json&quot;, was &quot;text/plain&quot;. Headers are:
Date=Tue, 06 May 2025 15:20:45 GMT
Content-Type=text/plain
Content-Length=16

	at java.base/jdk.internal.reflect.NativeConstructorAccessorImpl.newInstance0(Native Method)
	at java.base/jdk.internal.reflect.NativeConstructorAccessorImpl.newInstance(NativeConstructorAccessorImpl.java:62)
	at java.base/jdk.internal.reflect.DelegatingConstructorAccessorImpl.newInstance(DelegatingConstructorAccessorImpl.java:45)
	at java.base/java.lang.reflect.Constructor.newInstance(Constructor.java:490)
	at org.codehaus.groovy.reflection.CachedConstructor.invoke(CachedConstructor.java:73)
	at org.codehaus.groovy.reflection.CachedConstructor.doConstructorInvoke(CachedConstructor.java:60)
	at org.codehaus.groovy.runtime.callsite.ConstructorSite$ConstructorSiteNoUnwrap.callConstructor(ConstructorSite.java:86)
	at org.codehaus.groovy.runtime.callsite.AbstractCallSite.callConstructor(AbstractCallSite.java:277)
	at io.restassured.internal.ResponseSpecificationImpl$HamcrestAssertionClosure.validate(ResponseSpecificationImpl.groovy:512)
	at io.restassured.internal.ResponseSpecificationImpl$HamcrestAssertionClosure$validate$1.call(Unknown Source)
	at io.restassured.internal.ResponseSpecificationImpl.validateResponseIfRequired(ResponseSpecificationImpl.groovy:696)
	at io.restassured.internal.ResponseSpecificationImpl.this$2$validateResponseIfRequired(ResponseSpecificationImpl.groovy)
	at jdk.internal.reflect.GeneratedMethodAccessor59.invoke(Unknown Source)
	at java.base/jdk.internal.reflect.DelegatingMethodAccessorImpl.invoke(DelegatingMethodAccessorImpl.java:43)
	at java.base/java.lang.reflect.Method.invoke(Method.java:566)
	at org.codehaus.groovy.runtime.callsite.PlainObjectMetaMethodSite.doInvoke(PlainObjectMetaMethodSite.java:43)
	at org.codehaus.groovy.runtime.callsite.PogoMetaMethodSite$PogoCachedMethodSiteNoUnwrapNoCoerce.invoke(PogoMetaMethodSite.java:198)
	at org.codehaus.groovy.runtime.callsite.PogoMetaMethodSite.callCurrent(PogoMetaMethodSite.java:62)
	at org.codehaus.groovy.runtime.callsite.AbstractCallSite.callCurrent(AbstractCallSite.java:185)
	at io.restassured.internal.ResponseSpecificationImpl.header(ResponseSpecificationImpl.groovy:191)
	at io.restassured.internal.ValidatableResponseOptionsImpl.header(ValidatableResponseOptionsImpl.java:114)
	at com.revature.planetarium.controller.user.RegisterAPITest.registerPositiveTest(RegisterAPITest.java:66)
	at java.base/jdk.internal.reflect.NativeMethodAccessorImpl.invoke0(Native Method)
	at java.base/jdk.internal.reflect.NativeMethodAccessorImpl.invoke(NativeMethodAccessorImpl.java:62)
	at java.base/jdk.internal.reflect.DelegatingMethodAccessorImpl.invoke(DelegatingMethodAccessorImpl.java:43)
	at java.base/java.lang.reflect.Method.invoke(Method.java:566)
	at org.junit.runners.model.FrameworkMethod$1.runReflectiveCall(FrameworkMethod.java:59)
	at org.junit.internal.runners.model.ReflectiveCallable.run(ReflectiveCallable.java:12)
	at org.junit.runners.model.FrameworkMethod.invokeExplosively(FrameworkMethod.java:56)
	at org.junit.internal.runners.statements.InvokeMethod.evaluate(InvokeMethod.java:17)
	at org.junit.internal.runners.statements.RunBefores.evaluate(RunBefores.java:26)
	at org.junit.runners.ParentRunner$3.evaluate(ParentRunner.java:306)
	at org.junit.runners.BlockJUnit4ClassRunner$1.evaluate(BlockJUnit4ClassRunner.java:100)
	at org.junit.runners.ParentRunner.runLeaf(ParentRunner.java:366)
	at org.junit.runners.BlockJUnit4ClassRunner.runChild(BlockJUnit4ClassRunner.java:103)
	at org.junit.runners.BlockJUnit4ClassRunner.runChild(BlockJUnit4ClassRunner.java:63)
	at org.junit.runners.ParentRunner$4.run(ParentRunner.java:331)
	at org.junit.runners.ParentRunner$1.schedule(ParentRunner.java:79)
	at org.junit.runners.ParentRunner.runChildren(ParentRunner.java:329)
	at org.junit.runners.ParentRunner.access$100(ParentRunner.java:66)
	at org.junit.runners.ParentRunner$2.evaluate(ParentRunner.java:293)
	at org.junit.runners.ParentRunner.run(ParentRunner.java:413)
	at org.junit.runners.Suite.runChild(Suite.java:128)
	at org.junit.runners.Suite.runChild(Suite.java:27)
	at org.junit.runners.ParentRunner$4.run(ParentRunner.java:331)
	at org.junit.runners.ParentRunner$1.schedule(ParentRunner.java:79)
	at org.junit.runners.ParentRunner.runChildren(ParentRunner.java:329)
	at org.junit.runners.ParentRunner.access$100(ParentRunner.java:66)
	at org.junit.runners.ParentRunner$2.evaluate(ParentRunner.java:293)
	at org.junit.runners.ParentRunner$3.evaluate(ParentRunner.java:306)
	at org.junit.runners.ParentRunner.run(ParentRunner.java:413)
	at org.apache.maven.surefire.junit4.JUnit4Provider.execute(JUnit4Provider.java:316)
	at org.apache.maven.surefire.junit4.JUnit4Provider.executeWithRerun(JUnit4Provider.java:240)
	at org.apache.maven.surefire.junit4.JUnit4Provider.executeTestSet(JUnit4Provider.java:214)
	at org.apache.maven.surefire.junit4.JUnit4Provider.invoke(JUnit4Provider.java:155)
	at org.apache.maven.surefire.booter.ForkedBooter.runSuitesInProcess(ForkedBooter.java:385)
	at org.apache.maven.surefire.booter.ForkedBooter.execute(ForkedBooter.java:162)
	at org.apache.maven.surefire.booter.ForkedBooter.run(ForkedBooter.java:507)
	at org.apache.maven.surefire.booter.ForkedBooter.main(ForkedBooter.java:495)
</pre></div></div></td>
<td align="left"></td></tr>
<tr class="b">
<td align="left"><a href="#com.revature.planetarium.controller.user.RegisterAPITest.registerPositiveTest11"><img src="images/icon_error_sml.gif" alt="" /></a></td>
<td align="left"><a id="TC_com.revature.planetarium.controller.user.RegisterAPITest.registerPositiveTest11"></a><a href="#com.revature.planetarium.controller.user.RegisterAPITest.registerPositiveTest11">registerPositiveTest[11]</a>
<div class="detailToggle" style="display:inline"><a href="javascript:toggleDisplay('com.revature.planetarium.controller.user.RegisterAPITest.registerPositiveTest11');"><span style="display:inline;" id="com.revature.planetarium.controller.user.RegisterAPITest.registerPositiveTest11-off"> + </span><span style="display:none;" id="com.revature.planetarium.controller.user.RegisterAPITest.registerPositiveTest11-on"> - </span>[ Detail ]</a></div></td>
<td align="left">0.025</td></tr>
<tr class="a">
<td align="left"></td>
<td align="left">1 expectation failed.
Expected header &quot;Content-Type&quot; was not &quot;application/json&quot;, was &quot;text/plain&quot;. Headers are:
Date=Tue, 06 May 2025 15:20:45 GMT
Content-Type=text/plain
Content-Length=16
</td>
<td align="left"></td></tr>
<tr class="b">
<td align="left"></td>
<td align="left">
<div id="com.revature.planetarium.controller.user.RegisterAPITest.registerPositiveTest11-failure" style="display:none;">
<div>
<pre>java.lang.AssertionError: 
1 expectation failed.
Expected header &quot;Content-Type&quot; was not &quot;application/json&quot;, was &quot;text/plain&quot;. Headers are:
Date=Tue, 06 May 2025 15:20:45 GMT
Content-Type=text/plain
Content-Length=16

	at java.base/jdk.internal.reflect.NativeConstructorAccessorImpl.newInstance0(Native Method)
	at java.base/jdk.internal.reflect.NativeConstructorAccessorImpl.newInstance(NativeConstructorAccessorImpl.java:62)
	at java.base/jdk.internal.reflect.DelegatingConstructorAccessorImpl.newInstance(DelegatingConstructorAccessorImpl.java:45)
	at java.base/java.lang.reflect.Constructor.newInstance(Constructor.java:490)
	at org.codehaus.groovy.reflection.CachedConstructor.invoke(CachedConstructor.java:73)
	at org.codehaus.groovy.reflection.CachedConstructor.doConstructorInvoke(CachedConstructor.java:60)
	at org.codehaus.groovy.runtime.callsite.ConstructorSite$ConstructorSiteNoUnwrap.callConstructor(ConstructorSite.java:86)
	at org.codehaus.groovy.runtime.callsite.AbstractCallSite.callConstructor(AbstractCallSite.java:277)
	at io.restassured.internal.ResponseSpecificationImpl$HamcrestAssertionClosure.validate(ResponseSpecificationImpl.groovy:512)
	at io.restassured.internal.ResponseSpecificationImpl$HamcrestAssertionClosure$validate$1.call(Unknown Source)
	at io.restassured.internal.ResponseSpecificationImpl.validateResponseIfRequired(ResponseSpecificationImpl.groovy:696)
	at io.restassured.internal.ResponseSpecificationImpl.this$2$validateResponseIfRequired(ResponseSpecificationImpl.groovy)
	at jdk.internal.reflect.GeneratedMethodAccessor59.invoke(Unknown Source)
	at java.base/jdk.internal.reflect.DelegatingMethodAccessorImpl.invoke(DelegatingMethodAccessorImpl.java:43)
	at java.base/java.lang.reflect.Method.invoke(Method.java:566)
	at org.codehaus.groovy.runtime.callsite.PlainObjectMetaMethodSite.doInvoke(PlainObjectMetaMethodSite.java:43)
	at org.codehaus.groovy.runtime.callsite.PogoMetaMethodSite$PogoCachedMethodSiteNoUnwrapNoCoerce.invoke(PogoMetaMethodSite.java:198)
	at org.codehaus.groovy.runtime.callsite.PogoMetaMethodSite.callCurrent(PogoMetaMethodSite.java:62)
	at org.codehaus.groovy.runtime.callsite.AbstractCallSite.callCurrent(AbstractCallSite.java:185)
	at io.restassured.internal.ResponseSpecificationImpl.header(ResponseSpecificationImpl.groovy:191)
	at io.restassured.internal.ValidatableResponseOptionsImpl.header(ValidatableResponseOptionsImpl.java:114)
	at com.revature.planetarium.controller.user.RegisterAPITest.registerPositiveTest(RegisterAPITest.java:66)
	at java.base/jdk.internal.reflect.NativeMethodAccessorImpl.invoke0(Native Method)
	at java.base/jdk.internal.reflect.NativeMethodAccessorImpl.invoke(NativeMethodAccessorImpl.java:62)
	at java.base/jdk.internal.reflect.DelegatingMethodAccessorImpl.invoke(DelegatingMethodAccessorImpl.java:43)
	at java.base/java.lang.reflect.Method.invoke(Method.java:566)
	at org.junit.runners.model.FrameworkMethod$1.runReflectiveCall(FrameworkMethod.java:59)
	at org.junit.internal.runners.model.ReflectiveCallable.run(ReflectiveCallable.java:12)
	at org.junit.runners.model.FrameworkMethod.invokeExplosively(FrameworkMethod.java:56)
	at org.junit.internal.runners.statements.InvokeMethod.evaluate(InvokeMethod.java:17)
	at org.junit.internal.runners.statements.RunBefores.evaluate(RunBefores.java:26)
	at org.junit.runners.ParentRunner$3.evaluate(ParentRunner.java:306)
	at org.junit.runners.BlockJUnit4ClassRunner$1.evaluate(BlockJUnit4ClassRunner.java:100)
	at org.junit.runners.ParentRunner.runLeaf(ParentRunner.java:366)
	at org.junit.runners.BlockJUnit4ClassRunner.runChild(BlockJUnit4ClassRunner.java:103)
	at org.junit.runners.BlockJUnit4ClassRunner.runChild(BlockJUnit4ClassRunner.java:63)
	at org.junit.runners.ParentRunner$4.run(ParentRunner.java:331)
	at org.junit.runners.ParentRunner$1.schedule(ParentRunner.java:79)
	at org.junit.runners.ParentRunner.runChildren(ParentRunner.java:329)
	at org.junit.runners.ParentRunner.access$100(ParentRunner.java:66)
	at org.junit.runners.ParentRunner$2.evaluate(ParentRunner.java:293)
	at org.junit.runners.ParentRunner.run(ParentRunner.java:413)
	at org.junit.runners.Suite.runChild(Suite.java:128)
	at org.junit.runners.Suite.runChild(Suite.java:27)
	at org.junit.runners.ParentRunner$4.run(ParentRunner.java:331)
	at org.junit.runners.ParentRunner$1.schedule(ParentRunner.java:79)
	at org.junit.runners.ParentRunner.runChildren(ParentRunner.java:329)
	at org.junit.runners.ParentRunner.access$100(ParentRunner.java:66)
	at org.junit.runners.ParentRunner$2.evaluate(ParentRunner.java:293)
	at org.junit.runners.ParentRunner$3.evaluate(ParentRunner.java:306)
	at org.junit.runners.ParentRunner.run(ParentRunner.java:413)
	at org.apache.maven.surefire.junit4.JUnit4Provider.execute(JUnit4Provider.java:316)
	at org.apache.maven.surefire.junit4.JUnit4Provider.executeWithRerun(JUnit4Provider.java:240)
	at org.apache.maven.surefire.junit4.JUnit4Provider.executeTestSet(JUnit4Provider.java:214)
	at org.apache.maven.surefire.junit4.JUnit4Provider.invoke(JUnit4Provider.java:155)
	at org.apache.maven.surefire.booter.ForkedBooter.runSuitesInProcess(ForkedBooter.java:385)
	at org.apache.maven.surefire.booter.ForkedBooter.execute(ForkedBooter.java:162)
	at org.apache.maven.surefire.booter.ForkedBooter.run(ForkedBooter.java:507)
	at org.apache.maven.surefire.booter.ForkedBooter.main(ForkedBooter.java:495)
</pre></div></div></td>
<td align="left"></td></tr>
<tr class="a">
<td align="left"><a href="#com.revature.planetarium.controller.user.RegisterAPITest.registerPositiveTest12"><img src="images/icon_error_sml.gif" alt="" /></a></td>
<td align="left"><a id="TC_com.revature.planetarium.controller.user.RegisterAPITest.registerPositiveTest12"></a><a href="#com.revature.planetarium.controller.user.RegisterAPITest.registerPositiveTest12">registerPositiveTest[12]</a>
<div class="detailToggle" style="display:inline"><a href="javascript:toggleDisplay('com.revature.planetarium.controller.user.RegisterAPITest.registerPositiveTest12');"><span style="display:inline;" id="com.revature.planetarium.controller.user.RegisterAPITest.registerPositiveTest12-off"> + </span><span style="display:none;" id="com.revature.planetarium.controller.user.RegisterAPITest.registerPositiveTest12-on"> - </span>[ Detail ]</a></div></td>
<td align="left">0.026</td></tr>
<tr class="b">
<td align="left"></td>
<td align="left">1 expectation failed.
Expected header &quot;Content-Type&quot; was not &quot;application/json&quot;, was &quot;text/plain&quot;. Headers are:
Date=Tue, 06 May 2025 15:20:45 GMT
Content-Type=text/plain
Content-Length=16
</td>
<td align="left"></td></tr>
<tr class="a">
<td align="left"></td>
<td align="left">
<div id="com.revature.planetarium.controller.user.RegisterAPITest.registerPositiveTest12-failure" style="display:none;">
<div>
<pre>java.lang.AssertionError: 
1 expectation failed.
Expected header &quot;Content-Type&quot; was not &quot;application/json&quot;, was &quot;text/plain&quot;. Headers are:
Date=Tue, 06 May 2025 15:20:45 GMT
Content-Type=text/plain
Content-Length=16

	at java.base/jdk.internal.reflect.NativeConstructorAccessorImpl.newInstance0(Native Method)
	at java.base/jdk.internal.reflect.NativeConstructorAccessorImpl.newInstance(NativeConstructorAccessorImpl.java:62)
	at java.base/jdk.internal.reflect.DelegatingConstructorAccessorImpl.newInstance(DelegatingConstructorAccessorImpl.java:45)
	at java.base/java.lang.reflect.Constructor.newInstance(Constructor.java:490)
	at org.codehaus.groovy.reflection.CachedConstructor.invoke(CachedConstructor.java:73)
	at org.codehaus.groovy.reflection.CachedConstructor.doConstructorInvoke(CachedConstructor.java:60)
	at org.codehaus.groovy.runtime.callsite.ConstructorSite$ConstructorSiteNoUnwrap.callConstructor(ConstructorSite.java:86)
	at org.codehaus.groovy.runtime.callsite.AbstractCallSite.callConstructor(AbstractCallSite.java:277)
	at io.restassured.internal.ResponseSpecificationImpl$HamcrestAssertionClosure.validate(ResponseSpecificationImpl.groovy:512)
	at io.restassured.internal.ResponseSpecificationImpl$HamcrestAssertionClosure$validate$1.call(Unknown Source)
	at io.restassured.internal.ResponseSpecificationImpl.validateResponseIfRequired(ResponseSpecificationImpl.groovy:696)
	at io.restassured.internal.ResponseSpecificationImpl.this$2$validateResponseIfRequired(ResponseSpecificationImpl.groovy)
	at jdk.internal.reflect.GeneratedMethodAccessor59.invoke(Unknown Source)
	at java.base/jdk.internal.reflect.DelegatingMethodAccessorImpl.invoke(DelegatingMethodAccessorImpl.java:43)
	at java.base/java.lang.reflect.Method.invoke(Method.java:566)
	at org.codehaus.groovy.runtime.callsite.PlainObjectMetaMethodSite.doInvoke(PlainObjectMetaMethodSite.java:43)
	at org.codehaus.groovy.runtime.callsite.PogoMetaMethodSite$PogoCachedMethodSiteNoUnwrapNoCoerce.invoke(PogoMetaMethodSite.java:198)
	at org.codehaus.groovy.runtime.callsite.PogoMetaMethodSite.callCurrent(PogoMetaMethodSite.java:62)
	at org.codehaus.groovy.runtime.callsite.AbstractCallSite.callCurrent(AbstractCallSite.java:185)
	at io.restassured.internal.ResponseSpecificationImpl.header(ResponseSpecificationImpl.groovy:191)
	at io.restassured.internal.ValidatableResponseOptionsImpl.header(ValidatableResponseOptionsImpl.java:114)
	at com.revature.planetarium.controller.user.RegisterAPITest.registerPositiveTest(RegisterAPITest.java:66)
	at java.base/jdk.internal.reflect.NativeMethodAccessorImpl.invoke0(Native Method)
	at java.base/jdk.internal.reflect.NativeMethodAccessorImpl.invoke(NativeMethodAccessorImpl.java:62)
	at java.base/jdk.internal.reflect.DelegatingMethodAccessorImpl.invoke(DelegatingMethodAccessorImpl.java:43)
	at java.base/java.lang.reflect.Method.invoke(Method.java:566)
	at org.junit.runners.model.FrameworkMethod$1.runReflectiveCall(FrameworkMethod.java:59)
	at org.junit.internal.runners.model.ReflectiveCallable.run(ReflectiveCallable.java:12)
	at org.junit.runners.model.FrameworkMethod.invokeExplosively(FrameworkMethod.java:56)
	at org.junit.internal.runners.statements.InvokeMethod.evaluate(InvokeMethod.java:17)
	at org.junit.internal.runners.statements.RunBefores.evaluate(RunBefores.java:26)
	at org.junit.runners.ParentRunner$3.evaluate(ParentRunner.java:306)
	at org.junit.runners.BlockJUnit4ClassRunner$1.evaluate(BlockJUnit4ClassRunner.java:100)
	at org.junit.runners.ParentRunner.runLeaf(ParentRunner.java:366)
	at org.junit.runners.BlockJUnit4ClassRunner.runChild(BlockJUnit4ClassRunner.java:103)
	at org.junit.runners.BlockJUnit4ClassRunner.runChild(BlockJUnit4ClassRunner.java:63)
	at org.junit.runners.ParentRunner$4.run(ParentRunner.java:331)
	at org.junit.runners.ParentRunner$1.schedule(ParentRunner.java:79)
	at org.junit.runners.ParentRunner.runChildren(ParentRunner.java:329)
	at org.junit.runners.ParentRunner.access$100(ParentRunner.java:66)
	at org.junit.runners.ParentRunner$2.evaluate(ParentRunner.java:293)
	at org.junit.runners.ParentRunner.run(ParentRunner.java:413)
	at org.junit.runners.Suite.runChild(Suite.java:128)
	at org.junit.runners.Suite.runChild(Suite.java:27)
	at org.junit.runners.ParentRunner$4.run(ParentRunner.java:331)
	at org.junit.runners.ParentRunner$1.schedule(ParentRunner.java:79)
	at org.junit.runners.ParentRunner.runChildren(ParentRunner.java:329)
	at org.junit.runners.ParentRunner.access$100(ParentRunner.java:66)
	at org.junit.runners.ParentRunner$2.evaluate(ParentRunner.java:293)
	at org.junit.runners.ParentRunner$3.evaluate(ParentRunner.java:306)
	at org.junit.runners.ParentRunner.run(ParentRunner.java:413)
	at org.apache.maven.surefire.junit4.JUnit4Provider.execute(JUnit4Provider.java:316)
	at org.apache.maven.surefire.junit4.JUnit4Provider.executeWithRerun(JUnit4Provider.java:240)
	at org.apache.maven.surefire.junit4.JUnit4Provider.executeTestSet(JUnit4Provider.java:214)
	at org.apache.maven.surefire.junit4.JUnit4Provider.invoke(JUnit4Provider.java:155)
	at org.apache.maven.surefire.booter.ForkedBooter.runSuitesInProcess(ForkedBooter.java:385)
	at org.apache.maven.surefire.booter.ForkedBooter.execute(ForkedBooter.java:162)
	at org.apache.maven.surefire.booter.ForkedBooter.run(ForkedBooter.java:507)
	at org.apache.maven.surefire.booter.ForkedBooter.main(ForkedBooter.java:495)
</pre></div></div></td>
<td align="left"></td></tr>
<tr class="b">
<td align="left"><a href="#com.revature.planetarium.controller.user.RegisterAPITest.registerPositiveTest13"><img src="images/icon_error_sml.gif" alt="" /></a></td>
<td align="left"><a id="TC_com.revature.planetarium.controller.user.RegisterAPITest.registerPositiveTest13"></a><a href="#com.revature.planetarium.controller.user.RegisterAPITest.registerPositiveTest13">registerPositiveTest[13]</a>
<div class="detailToggle" style="display:inline"><a href="javascript:toggleDisplay('com.revature.planetarium.controller.user.RegisterAPITest.registerPositiveTest13');"><span style="display:inline;" id="com.revature.planetarium.controller.user.RegisterAPITest.registerPositiveTest13-off"> + </span><span style="display:none;" id="com.revature.planetarium.controller.user.RegisterAPITest.registerPositiveTest13-on"> - </span>[ Detail ]</a></div></td>
<td align="left">0.025</td></tr>
<tr class="a">
<td align="left"></td>
<td align="left">1 expectation failed.
Expected header &quot;Content-Type&quot; was not &quot;application/json&quot;, was &quot;text/plain&quot;. Headers are:
Date=Tue, 06 May 2025 15:20:45 GMT
Content-Type=text/plain
Content-Length=16
</td>
<td align="left"></td></tr>
<tr class="b">
<td align="left"></td>
<td align="left">
<div id="com.revature.planetarium.controller.user.RegisterAPITest.registerPositiveTest13-failure" style="display:none;">
<div>
<pre>java.lang.AssertionError: 
1 expectation failed.
Expected header &quot;Content-Type&quot; was not &quot;application/json&quot;, was &quot;text/plain&quot;. Headers are:
Date=Tue, 06 May 2025 15:20:45 GMT
Content-Type=text/plain
Content-Length=16

	at java.base/jdk.internal.reflect.NativeConstructorAccessorImpl.newInstance0(Native Method)
	at java.base/jdk.internal.reflect.NativeConstructorAccessorImpl.newInstance(NativeConstructorAccessorImpl.java:62)
	at java.base/jdk.internal.reflect.DelegatingConstructorAccessorImpl.newInstance(DelegatingConstructorAccessorImpl.java:45)
	at java.base/java.lang.reflect.Constructor.newInstance(Constructor.java:490)
	at org.codehaus.groovy.reflection.CachedConstructor.invoke(CachedConstructor.java:73)
	at org.codehaus.groovy.reflection.CachedConstructor.doConstructorInvoke(CachedConstructor.java:60)
	at org.codehaus.groovy.runtime.callsite.ConstructorSite$ConstructorSiteNoUnwrap.callConstructor(ConstructorSite.java:86)
	at org.codehaus.groovy.runtime.callsite.AbstractCallSite.callConstructor(AbstractCallSite.java:277)
	at io.restassured.internal.ResponseSpecificationImpl$HamcrestAssertionClosure.validate(ResponseSpecificationImpl.groovy:512)
	at io.restassured.internal.ResponseSpecificationImpl$HamcrestAssertionClosure$validate$1.call(Unknown Source)
	at io.restassured.internal.ResponseSpecificationImpl.validateResponseIfRequired(ResponseSpecificationImpl.groovy:696)
	at io.restassured.internal.ResponseSpecificationImpl.this$2$validateResponseIfRequired(ResponseSpecificationImpl.groovy)
	at jdk.internal.reflect.GeneratedMethodAccessor59.invoke(Unknown Source)
	at java.base/jdk.internal.reflect.DelegatingMethodAccessorImpl.invoke(DelegatingMethodAccessorImpl.java:43)
	at java.base/java.lang.reflect.Method.invoke(Method.java:566)
	at org.codehaus.groovy.runtime.callsite.PlainObjectMetaMethodSite.doInvoke(PlainObjectMetaMethodSite.java:43)
	at org.codehaus.groovy.runtime.callsite.PogoMetaMethodSite$PogoCachedMethodSiteNoUnwrapNoCoerce.invoke(PogoMetaMethodSite.java:198)
	at org.codehaus.groovy.runtime.callsite.PogoMetaMethodSite.callCurrent(PogoMetaMethodSite.java:62)
	at org.codehaus.groovy.runtime.callsite.AbstractCallSite.callCurrent(AbstractCallSite.java:185)
	at io.restassured.internal.ResponseSpecificationImpl.header(ResponseSpecificationImpl.groovy:191)
	at io.restassured.internal.ValidatableResponseOptionsImpl.header(ValidatableResponseOptionsImpl.java:114)
	at com.revature.planetarium.controller.user.RegisterAPITest.registerPositiveTest(RegisterAPITest.java:66)
	at java.base/jdk.internal.reflect.NativeMethodAccessorImpl.invoke0(Native Method)
	at java.base/jdk.internal.reflect.NativeMethodAccessorImpl.invoke(NativeMethodAccessorImpl.java:62)
	at java.base/jdk.internal.reflect.DelegatingMethodAccessorImpl.invoke(DelegatingMethodAccessorImpl.java:43)
	at java.base/java.lang.reflect.Method.invoke(Method.java:566)
	at org.junit.runners.model.FrameworkMethod$1.runReflectiveCall(FrameworkMethod.java:59)
	at org.junit.internal.runners.model.ReflectiveCallable.run(ReflectiveCallable.java:12)
	at org.junit.runners.model.FrameworkMethod.invokeExplosively(FrameworkMethod.java:56)
	at org.junit.internal.runners.statements.InvokeMethod.evaluate(InvokeMethod.java:17)
	at org.junit.internal.runners.statements.RunBefores.evaluate(RunBefores.java:26)
	at org.junit.runners.ParentRunner$3.evaluate(ParentRunner.java:306)
	at org.junit.runners.BlockJUnit4ClassRunner$1.evaluate(BlockJUnit4ClassRunner.java:100)
	at org.junit.runners.ParentRunner.runLeaf(ParentRunner.java:366)
	at org.junit.runners.BlockJUnit4ClassRunner.runChild(BlockJUnit4ClassRunner.java:103)
	at org.junit.runners.BlockJUnit4ClassRunner.runChild(BlockJUnit4ClassRunner.java:63)
	at org.junit.runners.ParentRunner$4.run(ParentRunner.java:331)
	at org.junit.runners.ParentRunner$1.schedule(ParentRunner.java:79)
	at org.junit.runners.ParentRunner.runChildren(ParentRunner.java:329)
	at org.junit.runners.ParentRunner.access$100(ParentRunner.java:66)
	at org.junit.runners.ParentRunner$2.evaluate(ParentRunner.java:293)
	at org.junit.runners.ParentRunner.run(ParentRunner.java:413)
	at org.junit.runners.Suite.runChild(Suite.java:128)
	at org.junit.runners.Suite.runChild(Suite.java:27)
	at org.junit.runners.ParentRunner$4.run(ParentRunner.java:331)
	at org.junit.runners.ParentRunner$1.schedule(ParentRunner.java:79)
	at org.junit.runners.ParentRunner.runChildren(ParentRunner.java:329)
	at org.junit.runners.ParentRunner.access$100(ParentRunner.java:66)
	at org.junit.runners.ParentRunner$2.evaluate(ParentRunner.java:293)
	at org.junit.runners.ParentRunner$3.evaluate(ParentRunner.java:306)
	at org.junit.runners.ParentRunner.run(ParentRunner.java:413)
	at org.apache.maven.surefire.junit4.JUnit4Provider.execute(JUnit4Provider.java:316)
	at org.apache.maven.surefire.junit4.JUnit4Provider.executeWithRerun(JUnit4Provider.java:240)
	at org.apache.maven.surefire.junit4.JUnit4Provider.executeTestSet(JUnit4Provider.java:214)
	at org.apache.maven.surefire.junit4.JUnit4Provider.invoke(JUnit4Provider.java:155)
	at org.apache.maven.surefire.booter.ForkedBooter.runSuitesInProcess(ForkedBooter.java:385)
	at org.apache.maven.surefire.booter.ForkedBooter.execute(ForkedBooter.java:162)
	at org.apache.maven.surefire.booter.ForkedBooter.run(ForkedBooter.java:507)
	at org.apache.maven.surefire.booter.ForkedBooter.main(ForkedBooter.java:495)
</pre></div></div></td>
<td align="left"></td></tr>
<tr class="a">
<td align="left"><a href="#com.revature.planetarium.controller.user.RegisterAPITest.registerPositiveTest14"><img src="images/icon_error_sml.gif" alt="" /></a></td>
<td align="left"><a id="TC_com.revature.planetarium.controller.user.RegisterAPITest.registerPositiveTest14"></a><a href="#com.revature.planetarium.controller.user.RegisterAPITest.registerPositiveTest14">registerPositiveTest[14]</a>
<div class="detailToggle" style="display:inline"><a href="javascript:toggleDisplay('com.revature.planetarium.controller.user.RegisterAPITest.registerPositiveTest14');"><span style="display:inline;" id="com.revature.planetarium.controller.user.RegisterAPITest.registerPositiveTest14-off"> + </span><span style="display:none;" id="com.revature.planetarium.controller.user.RegisterAPITest.registerPositiveTest14-on"> - </span>[ Detail ]</a></div></td>
<td align="left">0.024</td></tr>
<tr class="b">
<td align="left"></td>
<td align="left">1 expectation failed.
Expected header &quot;Content-Type&quot; was not &quot;application/json&quot;, was &quot;text/plain&quot;. Headers are:
Date=Tue, 06 May 2025 15:20:45 GMT
Content-Type=text/plain
Content-Length=16
</td>
<td align="left"></td></tr>
<tr class="a">
<td align="left"></td>
<td align="left">
<div id="com.revature.planetarium.controller.user.RegisterAPITest.registerPositiveTest14-failure" style="display:none;">
<div>
<pre>java.lang.AssertionError: 
1 expectation failed.
Expected header &quot;Content-Type&quot; was not &quot;application/json&quot;, was &quot;text/plain&quot;. Headers are:
Date=Tue, 06 May 2025 15:20:45 GMT
Content-Type=text/plain
Content-Length=16

	at java.base/jdk.internal.reflect.NativeConstructorAccessorImpl.newInstance0(Native Method)
	at java.base/jdk.internal.reflect.NativeConstructorAccessorImpl.newInstance(NativeConstructorAccessorImpl.java:62)
	at java.base/jdk.internal.reflect.DelegatingConstructorAccessorImpl.newInstance(DelegatingConstructorAccessorImpl.java:45)
	at java.base/java.lang.reflect.Constructor.newInstance(Constructor.java:490)
	at org.codehaus.groovy.reflection.CachedConstructor.invoke(CachedConstructor.java:73)
	at org.codehaus.groovy.reflection.CachedConstructor.doConstructorInvoke(CachedConstructor.java:60)
	at org.codehaus.groovy.runtime.callsite.ConstructorSite$ConstructorSiteNoUnwrap.callConstructor(ConstructorSite.java:86)
	at org.codehaus.groovy.runtime.callsite.AbstractCallSite.callConstructor(AbstractCallSite.java:277)
	at io.restassured.internal.ResponseSpecificationImpl$HamcrestAssertionClosure.validate(ResponseSpecificationImpl.groovy:512)
	at io.restassured.internal.ResponseSpecificationImpl$HamcrestAssertionClosure$validate$1.call(Unknown Source)
	at io.restassured.internal.ResponseSpecificationImpl.validateResponseIfRequired(ResponseSpecificationImpl.groovy:696)
	at io.restassured.internal.ResponseSpecificationImpl.this$2$validateResponseIfRequired(ResponseSpecificationImpl.groovy)
	at jdk.internal.reflect.GeneratedMethodAccessor59.invoke(Unknown Source)
	at java.base/jdk.internal.reflect.DelegatingMethodAccessorImpl.invoke(DelegatingMethodAccessorImpl.java:43)
	at java.base/java.lang.reflect.Method.invoke(Method.java:566)
	at org.codehaus.groovy.runtime.callsite.PlainObjectMetaMethodSite.doInvoke(PlainObjectMetaMethodSite.java:43)
	at org.codehaus.groovy.runtime.callsite.PogoMetaMethodSite$PogoCachedMethodSiteNoUnwrapNoCoerce.invoke(PogoMetaMethodSite.java:198)
	at org.codehaus.groovy.runtime.callsite.PogoMetaMethodSite.callCurrent(PogoMetaMethodSite.java:62)
	at org.codehaus.groovy.runtime.callsite.AbstractCallSite.callCurrent(AbstractCallSite.java:185)
	at io.restassured.internal.ResponseSpecificationImpl.header(ResponseSpecificationImpl.groovy:191)
	at io.restassured.internal.ValidatableResponseOptionsImpl.header(ValidatableResponseOptionsImpl.java:114)
	at com.revature.planetarium.controller.user.RegisterAPITest.registerPositiveTest(RegisterAPITest.java:66)
	at java.base/jdk.internal.reflect.NativeMethodAccessorImpl.invoke0(Native Method)
	at java.base/jdk.internal.reflect.NativeMethodAccessorImpl.invoke(NativeMethodAccessorImpl.java:62)
	at java.base/jdk.internal.reflect.DelegatingMethodAccessorImpl.invoke(DelegatingMethodAccessorImpl.java:43)
	at java.base/java.lang.reflect.Method.invoke(Method.java:566)
	at org.junit.runners.model.FrameworkMethod$1.runReflectiveCall(FrameworkMethod.java:59)
	at org.junit.internal.runners.model.ReflectiveCallable.run(ReflectiveCallable.java:12)
	at org.junit.runners.model.FrameworkMethod.invokeExplosively(FrameworkMethod.java:56)
	at org.junit.internal.runners.statements.InvokeMethod.evaluate(InvokeMethod.java:17)
	at org.junit.internal.runners.statements.RunBefores.evaluate(RunBefores.java:26)
	at org.junit.runners.ParentRunner$3.evaluate(ParentRunner.java:306)
	at org.junit.runners.BlockJUnit4ClassRunner$1.evaluate(BlockJUnit4ClassRunner.java:100)
	at org.junit.runners.ParentRunner.runLeaf(ParentRunner.java:366)
	at org.junit.runners.BlockJUnit4ClassRunner.runChild(BlockJUnit4ClassRunner.java:103)
	at org.junit.runners.BlockJUnit4ClassRunner.runChild(BlockJUnit4ClassRunner.java:63)
	at org.junit.runners.ParentRunner$4.run(ParentRunner.java:331)
	at org.junit.runners.ParentRunner$1.schedule(ParentRunner.java:79)
	at org.junit.runners.ParentRunner.runChildren(ParentRunner.java:329)
	at org.junit.runners.ParentRunner.access$100(ParentRunner.java:66)
	at org.junit.runners.ParentRunner$2.evaluate(ParentRunner.java:293)
	at org.junit.runners.ParentRunner.run(ParentRunner.java:413)
	at org.junit.runners.Suite.runChild(Suite.java:128)
	at org.junit.runners.Suite.runChild(Suite.java:27)
	at org.junit.runners.ParentRunner$4.run(ParentRunner.java:331)
	at org.junit.runners.ParentRunner$1.schedule(ParentRunner.java:79)
	at org.junit.runners.ParentRunner.runChildren(ParentRunner.java:329)
	at org.junit.runners.ParentRunner.access$100(ParentRunner.java:66)
	at org.junit.runners.ParentRunner$2.evaluate(ParentRunner.java:293)
	at org.junit.runners.ParentRunner$3.evaluate(ParentRunner.java:306)
	at org.junit.runners.ParentRunner.run(ParentRunner.java:413)
	at org.apache.maven.surefire.junit4.JUnit4Provider.execute(JUnit4Provider.java:316)
	at org.apache.maven.surefire.junit4.JUnit4Provider.executeWithRerun(JUnit4Provider.java:240)
	at org.apache.maven.surefire.junit4.JUnit4Provider.executeTestSet(JUnit4Provider.java:214)
	at org.apache.maven.surefire.junit4.JUnit4Provider.invoke(JUnit4Provider.java:155)
	at org.apache.maven.surefire.booter.ForkedBooter.runSuitesInProcess(ForkedBooter.java:385)
	at org.apache.maven.surefire.booter.ForkedBooter.execute(ForkedBooter.java:162)
	at org.apache.maven.surefire.booter.ForkedBooter.run(ForkedBooter.java:507)
	at org.apache.maven.surefire.booter.ForkedBooter.main(ForkedBooter.java:495)
</pre></div></div></td>
<td align="left"></td></tr>
<tr class="b">
<td align="left"><a href="#com.revature.planetarium.controller.user.RegisterAPITest.registerPositiveTest15"><img src="images/icon_error_sml.gif" alt="" /></a></td>
<td align="left"><a id="TC_com.revature.planetarium.controller.user.RegisterAPITest.registerPositiveTest15"></a><a href="#com.revature.planetarium.controller.user.RegisterAPITest.registerPositiveTest15">registerPositiveTest[15]</a>
<div class="detailToggle" style="display:inline"><a href="javascript:toggleDisplay('com.revature.planetarium.controller.user.RegisterAPITest.registerPositiveTest15');"><span style="display:inline;" id="com.revature.planetarium.controller.user.RegisterAPITest.registerPositiveTest15-off"> + </span><span style="display:none;" id="com.revature.planetarium.controller.user.RegisterAPITest.registerPositiveTest15-on"> - </span>[ Detail ]</a></div></td>
<td align="left">0.051</td></tr>
<tr class="a">
<td align="left"></td>
<td align="left">1 expectation failed.
Expected header &quot;Content-Type&quot; was not &quot;application/json&quot;, was &quot;text/plain&quot;. Headers are:
Date=Tue, 06 May 2025 15:20:45 GMT
Content-Type=text/plain
Content-Length=16
</td>
<td align="left"></td></tr>
<tr class="b">
<td align="left"></td>
<td align="left">
<div id="com.revature.planetarium.controller.user.RegisterAPITest.registerPositiveTest15-failure" style="display:none;">
<div>
<pre>java.lang.AssertionError: 
1 expectation failed.
Expected header &quot;Content-Type&quot; was not &quot;application/json&quot;, was &quot;text/plain&quot;. Headers are:
Date=Tue, 06 May 2025 15:20:45 GMT
Content-Type=text/plain
Content-Length=16

	at java.base/jdk.internal.reflect.NativeConstructorAccessorImpl.newInstance0(Native Method)
	at java.base/jdk.internal.reflect.NativeConstructorAccessorImpl.newInstance(NativeConstructorAccessorImpl.java:62)
	at java.base/jdk.internal.reflect.DelegatingConstructorAccessorImpl.newInstance(DelegatingConstructorAccessorImpl.java:45)
	at java.base/java.lang.reflect.Constructor.newInstance(Constructor.java:490)
	at org.codehaus.groovy.reflection.CachedConstructor.invoke(CachedConstructor.java:73)
	at org.codehaus.groovy.reflection.CachedConstructor.doConstructorInvoke(CachedConstructor.java:60)
	at org.codehaus.groovy.runtime.callsite.ConstructorSite$ConstructorSiteNoUnwrap.callConstructor(ConstructorSite.java:86)
	at org.codehaus.groovy.runtime.callsite.AbstractCallSite.callConstructor(AbstractCallSite.java:277)
	at io.restassured.internal.ResponseSpecificationImpl$HamcrestAssertionClosure.validate(ResponseSpecificationImpl.groovy:512)
	at io.restassured.internal.ResponseSpecificationImpl$HamcrestAssertionClosure$validate$1.call(Unknown Source)
	at io.restassured.internal.ResponseSpecificationImpl.validateResponseIfRequired(ResponseSpecificationImpl.groovy:696)
	at io.restassured.internal.ResponseSpecificationImpl.this$2$validateResponseIfRequired(ResponseSpecificationImpl.groovy)
	at jdk.internal.reflect.GeneratedMethodAccessor59.invoke(Unknown Source)
	at java.base/jdk.internal.reflect.DelegatingMethodAccessorImpl.invoke(DelegatingMethodAccessorImpl.java:43)
	at java.base/java.lang.reflect.Method.invoke(Method.java:566)
	at org.codehaus.groovy.runtime.callsite.PlainObjectMetaMethodSite.doInvoke(PlainObjectMetaMethodSite.java:43)
	at org.codehaus.groovy.runtime.callsite.PogoMetaMethodSite$PogoCachedMethodSiteNoUnwrapNoCoerce.invoke(PogoMetaMethodSite.java:198)
	at org.codehaus.groovy.runtime.callsite.PogoMetaMethodSite.callCurrent(PogoMetaMethodSite.java:62)
	at org.codehaus.groovy.runtime.callsite.AbstractCallSite.callCurrent(AbstractCallSite.java:185)
	at io.restassured.internal.ResponseSpecificationImpl.header(ResponseSpecificationImpl.groovy:191)
	at io.restassured.internal.ValidatableResponseOptionsImpl.header(ValidatableResponseOptionsImpl.java:114)
	at com.revature.planetarium.controller.user.RegisterAPITest.registerPositiveTest(RegisterAPITest.java:66)
	at java.base/jdk.internal.reflect.NativeMethodAccessorImpl.invoke0(Native Method)
	at java.base/jdk.internal.reflect.NativeMethodAccessorImpl.invoke(NativeMethodAccessorImpl.java:62)
	at java.base/jdk.internal.reflect.DelegatingMethodAccessorImpl.invoke(DelegatingMethodAccessorImpl.java:43)
	at java.base/java.lang.reflect.Method.invoke(Method.java:566)
	at org.junit.runners.model.FrameworkMethod$1.runReflectiveCall(FrameworkMethod.java:59)
	at org.junit.internal.runners.model.ReflectiveCallable.run(ReflectiveCallable.java:12)
	at org.junit.runners.model.FrameworkMethod.invokeExplosively(FrameworkMethod.java:56)
	at org.junit.internal.runners.statements.InvokeMethod.evaluate(InvokeMethod.java:17)
	at org.junit.internal.runners.statements.RunBefores.evaluate(RunBefores.java:26)
	at org.junit.runners.ParentRunner$3.evaluate(ParentRunner.java:306)
	at org.junit.runners.BlockJUnit4ClassRunner$1.evaluate(BlockJUnit4ClassRunner.java:100)
	at org.junit.runners.ParentRunner.runLeaf(ParentRunner.java:366)
	at org.junit.runners.BlockJUnit4ClassRunner.runChild(BlockJUnit4ClassRunner.java:103)
	at org.junit.runners.BlockJUnit4ClassRunner.runChild(BlockJUnit4ClassRunner.java:63)
	at org.junit.runners.ParentRunner$4.run(ParentRunner.java:331)
	at org.junit.runners.ParentRunner$1.schedule(ParentRunner.java:79)
	at org.junit.runners.ParentRunner.runChildren(ParentRunner.java:329)
	at org.junit.runners.ParentRunner.access$100(ParentRunner.java:66)
	at org.junit.runners.ParentRunner$2.evaluate(ParentRunner.java:293)
	at org.junit.runners.ParentRunner.run(ParentRunner.java:413)
	at org.junit.runners.Suite.runChild(Suite.java:128)
	at org.junit.runners.Suite.runChild(Suite.java:27)
	at org.junit.runners.ParentRunner$4.run(ParentRunner.java:331)
	at org.junit.runners.ParentRunner$1.schedule(ParentRunner.java:79)
	at org.junit.runners.ParentRunner.runChildren(ParentRunner.java:329)
	at org.junit.runners.ParentRunner.access$100(ParentRunner.java:66)
	at org.junit.runners.ParentRunner$2.evaluate(ParentRunner.java:293)
	at org.junit.runners.ParentRunner$3.evaluate(ParentRunner.java:306)
	at org.junit.runners.ParentRunner.run(ParentRunner.java:413)
	at org.apache.maven.surefire.junit4.JUnit4Provider.execute(JUnit4Provider.java:316)
	at org.apache.maven.surefire.junit4.JUnit4Provider.executeWithRerun(JUnit4Provider.java:240)
	at org.apache.maven.surefire.junit4.JUnit4Provider.executeTestSet(JUnit4Provider.java:214)
	at org.apache.maven.surefire.junit4.JUnit4Provider.invoke(JUnit4Provider.java:155)
	at org.apache.maven.surefire.booter.ForkedBooter.runSuitesInProcess(ForkedBooter.java:385)
	at org.apache.maven.surefire.booter.ForkedBooter.execute(ForkedBooter.java:162)
	at org.apache.maven.surefire.booter.ForkedBooter.run(ForkedBooter.java:507)
	at org.apache.maven.surefire.booter.ForkedBooter.main(ForkedBooter.java:495)
</pre></div></div></td>
<td align="left"></td></tr>
<tr class="a">
<td align="left"><a href="#com.revature.planetarium.controller.user.RegisterAPITest.registerPositiveTest16"><img src="images/icon_error_sml.gif" alt="" /></a></td>
<td align="left"><a id="TC_com.revature.planetarium.controller.user.RegisterAPITest.registerPositiveTest16"></a><a href="#com.revature.planetarium.controller.user.RegisterAPITest.registerPositiveTest16">registerPositiveTest[16]</a>
<div class="detailToggle" style="display:inline"><a href="javascript:toggleDisplay('com.revature.planetarium.controller.user.RegisterAPITest.registerPositiveTest16');"><span style="display:inline;" id="com.revature.planetarium.controller.user.RegisterAPITest.registerPositiveTest16-off"> + </span><span style="display:none;" id="com.revature.planetarium.controller.user.RegisterAPITest.registerPositiveTest16-on"> - </span>[ Detail ]</a></div></td>
<td align="left">0.026</td></tr>
<tr class="b">
<td align="left"></td>
<td align="left">1 expectation failed.
Expected header &quot;Content-Type&quot; was not &quot;application/json&quot;, was &quot;text/plain&quot;. Headers are:
Date=Tue, 06 May 2025 15:20:45 GMT
Content-Type=text/plain
Content-Length=16
</td>
<td align="left"></td></tr>
<tr class="a">
<td align="left"></td>
<td align="left">
<div id="com.revature.planetarium.controller.user.RegisterAPITest.registerPositiveTest16-failure" style="display:none;">
<div>
<pre>java.lang.AssertionError: 
1 expectation failed.
Expected header &quot;Content-Type&quot; was not &quot;application/json&quot;, was &quot;text/plain&quot;. Headers are:
Date=Tue, 06 May 2025 15:20:45 GMT
Content-Type=text/plain
Content-Length=16

	at java.base/jdk.internal.reflect.NativeConstructorAccessorImpl.newInstance0(Native Method)
	at java.base/jdk.internal.reflect.NativeConstructorAccessorImpl.newInstance(NativeConstructorAccessorImpl.java:62)
	at java.base/jdk.internal.reflect.DelegatingConstructorAccessorImpl.newInstance(DelegatingConstructorAccessorImpl.java:45)
	at java.base/java.lang.reflect.Constructor.newInstance(Constructor.java:490)
	at org.codehaus.groovy.reflection.CachedConstructor.invoke(CachedConstructor.java:73)
	at org.codehaus.groovy.reflection.CachedConstructor.doConstructorInvoke(CachedConstructor.java:60)
	at org.codehaus.groovy.runtime.callsite.ConstructorSite$ConstructorSiteNoUnwrap.callConstructor(ConstructorSite.java:86)
	at org.codehaus.groovy.runtime.callsite.AbstractCallSite.callConstructor(AbstractCallSite.java:277)
	at io.restassured.internal.ResponseSpecificationImpl$HamcrestAssertionClosure.validate(ResponseSpecificationImpl.groovy:512)
	at io.restassured.internal.ResponseSpecificationImpl$HamcrestAssertionClosure$validate$1.call(Unknown Source)
	at io.restassured.internal.ResponseSpecificationImpl.validateResponseIfRequired(ResponseSpecificationImpl.groovy:696)
	at io.restassured.internal.ResponseSpecificationImpl.this$2$validateResponseIfRequired(ResponseSpecificationImpl.groovy)
	at jdk.internal.reflect.GeneratedMethodAccessor59.invoke(Unknown Source)
	at java.base/jdk.internal.reflect.DelegatingMethodAccessorImpl.invoke(DelegatingMethodAccessorImpl.java:43)
	at java.base/java.lang.reflect.Method.invoke(Method.java:566)
	at org.codehaus.groovy.runtime.callsite.PlainObjectMetaMethodSite.doInvoke(PlainObjectMetaMethodSite.java:43)
	at org.codehaus.groovy.runtime.callsite.PogoMetaMethodSite$PogoCachedMethodSiteNoUnwrapNoCoerce.invoke(PogoMetaMethodSite.java:198)
	at org.codehaus.groovy.runtime.callsite.PogoMetaMethodSite.callCurrent(PogoMetaMethodSite.java:62)
	at org.codehaus.groovy.runtime.callsite.AbstractCallSite.callCurrent(AbstractCallSite.java:185)
	at io.restassured.internal.ResponseSpecificationImpl.header(ResponseSpecificationImpl.groovy:191)
	at io.restassured.internal.ValidatableResponseOptionsImpl.header(ValidatableResponseOptionsImpl.java:114)
	at com.revature.planetarium.controller.user.RegisterAPITest.registerPositiveTest(RegisterAPITest.java:66)
	at jdk.internal.reflect.GeneratedMethodAccessor70.invoke(Unknown Source)
	at java.base/jdk.internal.reflect.DelegatingMethodAccessorImpl.invoke(DelegatingMethodAccessorImpl.java:43)
	at java.base/java.lang.reflect.Method.invoke(Method.java:566)
	at org.junit.runners.model.FrameworkMethod$1.runReflectiveCall(FrameworkMethod.java:59)
	at org.junit.internal.runners.model.ReflectiveCallable.run(ReflectiveCallable.java:12)
	at org.junit.runners.model.FrameworkMethod.invokeExplosively(FrameworkMethod.java:56)
	at org.junit.internal.runners.statements.InvokeMethod.evaluate(InvokeMethod.java:17)
	at org.junit.internal.runners.statements.RunBefores.evaluate(RunBefores.java:26)
	at org.junit.runners.ParentRunner$3.evaluate(ParentRunner.java:306)
	at org.junit.runners.BlockJUnit4ClassRunner$1.evaluate(BlockJUnit4ClassRunner.java:100)
	at org.junit.runners.ParentRunner.runLeaf(ParentRunner.java:366)
	at org.junit.runners.BlockJUnit4ClassRunner.runChild(BlockJUnit4ClassRunner.java:103)
	at org.junit.runners.BlockJUnit4ClassRunner.runChild(BlockJUnit4ClassRunner.java:63)
	at org.junit.runners.ParentRunner$4.run(ParentRunner.java:331)
	at org.junit.runners.ParentRunner$1.schedule(ParentRunner.java:79)
	at org.junit.runners.ParentRunner.runChildren(ParentRunner.java:329)
	at org.junit.runners.ParentRunner.access$100(ParentRunner.java:66)
	at org.junit.runners.ParentRunner$2.evaluate(ParentRunner.java:293)
	at org.junit.runners.ParentRunner.run(ParentRunner.java:413)
	at org.junit.runners.Suite.runChild(Suite.java:128)
	at org.junit.runners.Suite.runChild(Suite.java:27)
	at org.junit.runners.ParentRunner$4.run(ParentRunner.java:331)
	at org.junit.runners.ParentRunner$1.schedule(ParentRunner.java:79)
	at org.junit.runners.ParentRunner.runChildren(ParentRunner.java:329)
	at org.junit.runners.ParentRunner.access$100(ParentRunner.java:66)
	at org.junit.runners.ParentRunner$2.evaluate(ParentRunner.java:293)
	at org.junit.runners.ParentRunner$3.evaluate(ParentRunner.java:306)
	at org.junit.runners.ParentRunner.run(ParentRunner.java:413)
	at org.apache.maven.surefire.junit4.JUnit4Provider.execute(JUnit4Provider.java:316)
	at org.apache.maven.surefire.junit4.JUnit4Provider.executeWithRerun(JUnit4Provider.java:240)
	at org.apache.maven.surefire.junit4.JUnit4Provider.executeTestSet(JUnit4Provider.java:214)
	at org.apache.maven.surefire.junit4.JUnit4Provider.invoke(JUnit4Provider.java:155)
	at org.apache.maven.surefire.booter.ForkedBooter.runSuitesInProcess(ForkedBooter.java:385)
	at org.apache.maven.surefire.booter.ForkedBooter.execute(ForkedBooter.java:162)
	at org.apache.maven.surefire.booter.ForkedBooter.run(ForkedBooter.java:507)
	at org.apache.maven.surefire.booter.ForkedBooter.main(ForkedBooter.java:495)
</pre></div></div></td>
<td align="left"></td></tr>
<tr class="b">
<td align="left"><a href="#com.revature.planetarium.controller.user.RegisterAPITest.registerPositiveTest17"><img src="images/icon_error_sml.gif" alt="" /></a></td>
<td align="left"><a id="TC_com.revature.planetarium.controller.user.RegisterAPITest.registerPositiveTest17"></a><a href="#com.revature.planetarium.controller.user.RegisterAPITest.registerPositiveTest17">registerPositiveTest[17]</a>
<div class="detailToggle" style="display:inline"><a href="javascript:toggleDisplay('com.revature.planetarium.controller.user.RegisterAPITest.registerPositiveTest17');"><span style="display:inline;" id="com.revature.planetarium.controller.user.RegisterAPITest.registerPositiveTest17-off"> + </span><span style="display:none;" id="com.revature.planetarium.controller.user.RegisterAPITest.registerPositiveTest17-on"> - </span>[ Detail ]</a></div></td>
<td align="left">0.024</td></tr>
<tr class="a">
<td align="left"></td>
<td align="left">1 expectation failed.
Expected header &quot;Content-Type&quot; was not &quot;application/json&quot;, was &quot;text/plain&quot;. Headers are:
Date=Tue, 06 May 2025 15:20:45 GMT
Content-Type=text/plain
Content-Length=16
</td>
<td align="left"></td></tr>
<tr class="b">
<td align="left"></td>
<td align="left">
<div id="com.revature.planetarium.controller.user.RegisterAPITest.registerPositiveTest17-failure" style="display:none;">
<div>
<pre>java.lang.AssertionError: 
1 expectation failed.
Expected header &quot;Content-Type&quot; was not &quot;application/json&quot;, was &quot;text/plain&quot;. Headers are:
Date=Tue, 06 May 2025 15:20:45 GMT
Content-Type=text/plain
Content-Length=16

	at java.base/jdk.internal.reflect.NativeConstructorAccessorImpl.newInstance0(Native Method)
	at java.base/jdk.internal.reflect.NativeConstructorAccessorImpl.newInstance(NativeConstructorAccessorImpl.java:62)
	at java.base/jdk.internal.reflect.DelegatingConstructorAccessorImpl.newInstance(DelegatingConstructorAccessorImpl.java:45)
	at java.base/java.lang.reflect.Constructor.newInstance(Constructor.java:490)
	at org.codehaus.groovy.reflection.CachedConstructor.invoke(CachedConstructor.java:73)
	at org.codehaus.groovy.reflection.CachedConstructor.doConstructorInvoke(CachedConstructor.java:60)
	at org.codehaus.groovy.runtime.callsite.ConstructorSite$ConstructorSiteNoUnwrap.callConstructor(ConstructorSite.java:86)
	at org.codehaus.groovy.runtime.callsite.AbstractCallSite.callConstructor(AbstractCallSite.java:277)
	at io.restassured.internal.ResponseSpecificationImpl$HamcrestAssertionClosure.validate(ResponseSpecificationImpl.groovy:512)
	at io.restassured.internal.ResponseSpecificationImpl$HamcrestAssertionClosure$validate$1.call(Unknown Source)
	at io.restassured.internal.ResponseSpecificationImpl.validateResponseIfRequired(ResponseSpecificationImpl.groovy:696)
	at io.restassured.internal.ResponseSpecificationImpl.this$2$validateResponseIfRequired(ResponseSpecificationImpl.groovy)
	at jdk.internal.reflect.GeneratedMethodAccessor59.invoke(Unknown Source)
	at java.base/jdk.internal.reflect.DelegatingMethodAccessorImpl.invoke(DelegatingMethodAccessorImpl.java:43)
	at java.base/java.lang.reflect.Method.invoke(Method.java:566)
	at org.codehaus.groovy.runtime.callsite.PlainObjectMetaMethodSite.doInvoke(PlainObjectMetaMethodSite.java:43)
	at org.codehaus.groovy.runtime.callsite.PogoMetaMethodSite$PogoCachedMethodSiteNoUnwrapNoCoerce.invoke(PogoMetaMethodSite.java:198)
	at org.codehaus.groovy.runtime.callsite.PogoMetaMethodSite.callCurrent(PogoMetaMethodSite.java:62)
	at org.codehaus.groovy.runtime.callsite.AbstractCallSite.callCurrent(AbstractCallSite.java:185)
	at io.restassured.internal.ResponseSpecificationImpl.header(ResponseSpecificationImpl.groovy:191)
	at io.restassured.internal.ValidatableResponseOptionsImpl.header(ValidatableResponseOptionsImpl.java:114)
	at com.revature.planetarium.controller.user.RegisterAPITest.registerPositiveTest(RegisterAPITest.java:66)
	at jdk.internal.reflect.GeneratedMethodAccessor70.invoke(Unknown Source)
	at java.base/jdk.internal.reflect.DelegatingMethodAccessorImpl.invoke(DelegatingMethodAccessorImpl.java:43)
	at java.base/java.lang.reflect.Method.invoke(Method.java:566)
	at org.junit.runners.model.FrameworkMethod$1.runReflectiveCall(FrameworkMethod.java:59)
	at org.junit.internal.runners.model.ReflectiveCallable.run(ReflectiveCallable.java:12)
	at org.junit.runners.model.FrameworkMethod.invokeExplosively(FrameworkMethod.java:56)
	at org.junit.internal.runners.statements.InvokeMethod.evaluate(InvokeMethod.java:17)
	at org.junit.internal.runners.statements.RunBefores.evaluate(RunBefores.java:26)
	at org.junit.runners.ParentRunner$3.evaluate(ParentRunner.java:306)
	at org.junit.runners.BlockJUnit4ClassRunner$1.evaluate(BlockJUnit4ClassRunner.java:100)
	at org.junit.runners.ParentRunner.runLeaf(ParentRunner.java:366)
	at org.junit.runners.BlockJUnit4ClassRunner.runChild(BlockJUnit4ClassRunner.java:103)
	at org.junit.runners.BlockJUnit4ClassRunner.runChild(BlockJUnit4ClassRunner.java:63)
	at org.junit.runners.ParentRunner$4.run(ParentRunner.java:331)
	at org.junit.runners.ParentRunner$1.schedule(ParentRunner.java:79)
	at org.junit.runners.ParentRunner.runChildren(ParentRunner.java:329)
	at org.junit.runners.ParentRunner.access$100(ParentRunner.java:66)
	at org.junit.runners.ParentRunner$2.evaluate(ParentRunner.java:293)
	at org.junit.runners.ParentRunner.run(ParentRunner.java:413)
	at org.junit.runners.Suite.runChild(Suite.java:128)
	at org.junit.runners.Suite.runChild(Suite.java:27)
	at org.junit.runners.ParentRunner$4.run(ParentRunner.java:331)
	at org.junit.runners.ParentRunner$1.schedule(ParentRunner.java:79)
	at org.junit.runners.ParentRunner.runChildren(ParentRunner.java:329)
	at org.junit.runners.ParentRunner.access$100(ParentRunner.java:66)
	at org.junit.runners.ParentRunner$2.evaluate(ParentRunner.java:293)
	at org.junit.runners.ParentRunner$3.evaluate(ParentRunner.java:306)
	at org.junit.runners.ParentRunner.run(ParentRunner.java:413)
	at org.apache.maven.surefire.junit4.JUnit4Provider.execute(JUnit4Provider.java:316)
	at org.apache.maven.surefire.junit4.JUnit4Provider.executeWithRerun(JUnit4Provider.java:240)
	at org.apache.maven.surefire.junit4.JUnit4Provider.executeTestSet(JUnit4Provider.java:214)
	at org.apache.maven.surefire.junit4.JUnit4Provider.invoke(JUnit4Provider.java:155)
	at org.apache.maven.surefire.booter.ForkedBooter.runSuitesInProcess(ForkedBooter.java:385)
	at org.apache.maven.surefire.booter.ForkedBooter.execute(ForkedBooter.java:162)
	at org.apache.maven.surefire.booter.ForkedBooter.run(ForkedBooter.java:507)
	at org.apache.maven.surefire.booter.ForkedBooter.main(ForkedBooter.java:495)
</pre></div></div></td>
<td align="left"></td></tr>
<tr class="a">
<td align="left"><a href="#com.revature.planetarium.controller.user.RegisterAPITest.registerPositiveTest18"><img src="images/icon_error_sml.gif" alt="" /></a></td>
<td align="left"><a id="TC_com.revature.planetarium.controller.user.RegisterAPITest.registerPositiveTest18"></a><a href="#com.revature.planetarium.controller.user.RegisterAPITest.registerPositiveTest18">registerPositiveTest[18]</a>
<div class="detailToggle" style="display:inline"><a href="javascript:toggleDisplay('com.revature.planetarium.controller.user.RegisterAPITest.registerPositiveTest18');"><span style="display:inline;" id="com.revature.planetarium.controller.user.RegisterAPITest.registerPositiveTest18-off"> + </span><span style="display:none;" id="com.revature.planetarium.controller.user.RegisterAPITest.registerPositiveTest18-on"> - </span>[ Detail ]</a></div></td>
<td align="left">0.024</td></tr>
<tr class="b">
<td align="left"></td>
<td align="left">1 expectation failed.
Expected header &quot;Content-Type&quot; was not &quot;application/json&quot;, was &quot;text/plain&quot;. Headers are:
Date=Tue, 06 May 2025 15:20:45 GMT
Content-Type=text/plain
Content-Length=16
</td>
<td align="left"></td></tr>
<tr class="a">
<td align="left"></td>
<td align="left">
<div id="com.revature.planetarium.controller.user.RegisterAPITest.registerPositiveTest18-failure" style="display:none;">
<div>
<pre>java.lang.AssertionError: 
1 expectation failed.
Expected header &quot;Content-Type&quot; was not &quot;application/json&quot;, was &quot;text/plain&quot;. Headers are:
Date=Tue, 06 May 2025 15:20:45 GMT
Content-Type=text/plain
Content-Length=16

	at java.base/jdk.internal.reflect.NativeConstructorAccessorImpl.newInstance0(Native Method)
	at java.base/jdk.internal.reflect.NativeConstructorAccessorImpl.newInstance(NativeConstructorAccessorImpl.java:62)
	at java.base/jdk.internal.reflect.DelegatingConstructorAccessorImpl.newInstance(DelegatingConstructorAccessorImpl.java:45)
	at java.base/java.lang.reflect.Constructor.newInstance(Constructor.java:490)
	at org.codehaus.groovy.reflection.CachedConstructor.invoke(CachedConstructor.java:73)
	at org.codehaus.groovy.reflection.CachedConstructor.doConstructorInvoke(CachedConstructor.java:60)
	at org.codehaus.groovy.runtime.callsite.ConstructorSite$ConstructorSiteNoUnwrap.callConstructor(ConstructorSite.java:86)
	at org.codehaus.groovy.runtime.callsite.AbstractCallSite.callConstructor(AbstractCallSite.java:277)
	at io.restassured.internal.ResponseSpecificationImpl$HamcrestAssertionClosure.validate(ResponseSpecificationImpl.groovy:512)
	at io.restassured.internal.ResponseSpecificationImpl$HamcrestAssertionClosure$validate$1.call(Unknown Source)
	at io.restassured.internal.ResponseSpecificationImpl.validateResponseIfRequired(ResponseSpecificationImpl.groovy:696)
	at io.restassured.internal.ResponseSpecificationImpl.this$2$validateResponseIfRequired(ResponseSpecificationImpl.groovy)
	at jdk.internal.reflect.GeneratedMethodAccessor59.invoke(Unknown Source)
	at java.base/jdk.internal.reflect.DelegatingMethodAccessorImpl.invoke(DelegatingMethodAccessorImpl.java:43)
	at java.base/java.lang.reflect.Method.invoke(Method.java:566)
	at org.codehaus.groovy.runtime.callsite.PlainObjectMetaMethodSite.doInvoke(PlainObjectMetaMethodSite.java:43)
	at org.codehaus.groovy.runtime.callsite.PogoMetaMethodSite$PogoCachedMethodSiteNoUnwrapNoCoerce.invoke(PogoMetaMethodSite.java:198)
	at org.codehaus.groovy.runtime.callsite.PogoMetaMethodSite.callCurrent(PogoMetaMethodSite.java:62)
	at org.codehaus.groovy.runtime.callsite.AbstractCallSite.callCurrent(AbstractCallSite.java:185)
	at io.restassured.internal.ResponseSpecificationImpl.header(ResponseSpecificationImpl.groovy:191)
	at io.restassured.internal.ValidatableResponseOptionsImpl.header(ValidatableResponseOptionsImpl.java:114)
	at com.revature.planetarium.controller.user.RegisterAPITest.registerPositiveTest(RegisterAPITest.java:66)
	at jdk.internal.reflect.GeneratedMethodAccessor70.invoke(Unknown Source)
	at java.base/jdk.internal.reflect.DelegatingMethodAccessorImpl.invoke(DelegatingMethodAccessorImpl.java:43)
	at java.base/java.lang.reflect.Method.invoke(Method.java:566)
	at org.junit.runners.model.FrameworkMethod$1.runReflectiveCall(FrameworkMethod.java:59)
	at org.junit.internal.runners.model.ReflectiveCallable.run(ReflectiveCallable.java:12)
	at org.junit.runners.model.FrameworkMethod.invokeExplosively(FrameworkMethod.java:56)
	at org.junit.internal.runners.statements.InvokeMethod.evaluate(InvokeMethod.java:17)
	at org.junit.internal.runners.statements.RunBefores.evaluate(RunBefores.java:26)
	at org.junit.runners.ParentRunner$3.evaluate(ParentRunner.java:306)
	at org.junit.runners.BlockJUnit4ClassRunner$1.evaluate(BlockJUnit4ClassRunner.java:100)
	at org.junit.runners.ParentRunner.runLeaf(ParentRunner.java:366)
	at org.junit.runners.BlockJUnit4ClassRunner.runChild(BlockJUnit4ClassRunner.java:103)
	at org.junit.runners.BlockJUnit4ClassRunner.runChild(BlockJUnit4ClassRunner.java:63)
	at org.junit.runners.ParentRunner$4.run(ParentRunner.java:331)
	at org.junit.runners.ParentRunner$1.schedule(ParentRunner.java:79)
	at org.junit.runners.ParentRunner.runChildren(ParentRunner.java:329)
	at org.junit.runners.ParentRunner.access$100(ParentRunner.java:66)
	at org.junit.runners.ParentRunner$2.evaluate(ParentRunner.java:293)
	at org.junit.runners.ParentRunner.run(ParentRunner.java:413)
	at org.junit.runners.Suite.runChild(Suite.java:128)
	at org.junit.runners.Suite.runChild(Suite.java:27)
	at org.junit.runners.ParentRunner$4.run(ParentRunner.java:331)
	at org.junit.runners.ParentRunner$1.schedule(ParentRunner.java:79)
	at org.junit.runners.ParentRunner.runChildren(ParentRunner.java:329)
	at org.junit.runners.ParentRunner.access$100(ParentRunner.java:66)
	at org.junit.runners.ParentRunner$2.evaluate(ParentRunner.java:293)
	at org.junit.runners.ParentRunner$3.evaluate(ParentRunner.java:306)
	at org.junit.runners.ParentRunner.run(ParentRunner.java:413)
	at org.apache.maven.surefire.junit4.JUnit4Provider.execute(JUnit4Provider.java:316)
	at org.apache.maven.surefire.junit4.JUnit4Provider.executeWithRerun(JUnit4Provider.java:240)
	at org.apache.maven.surefire.junit4.JUnit4Provider.executeTestSet(JUnit4Provider.java:214)
	at org.apache.maven.surefire.junit4.JUnit4Provider.invoke(JUnit4Provider.java:155)
	at org.apache.maven.surefire.booter.ForkedBooter.runSuitesInProcess(ForkedBooter.java:385)
	at org.apache.maven.surefire.booter.ForkedBooter.execute(ForkedBooter.java:162)
	at org.apache.maven.surefire.booter.ForkedBooter.run(ForkedBooter.java:507)
	at org.apache.maven.surefire.booter.ForkedBooter.main(ForkedBooter.java:495)
</pre></div></div></td>
<td align="left"></td></tr>
<tr class="b">
<td align="left"><a href="#com.revature.planetarium.controller.user.RegisterAPITest.registerPositiveTest19"><img src="images/icon_error_sml.gif" alt="" /></a></td>
<td align="left"><a id="TC_com.revature.planetarium.controller.user.RegisterAPITest.registerPositiveTest19"></a><a href="#com.revature.planetarium.controller.user.RegisterAPITest.registerPositiveTest19">registerPositiveTest[19]</a>
<div class="detailToggle" style="display:inline"><a href="javascript:toggleDisplay('com.revature.planetarium.controller.user.RegisterAPITest.registerPositiveTest19');"><span style="display:inline;" id="com.revature.planetarium.controller.user.RegisterAPITest.registerPositiveTest19-off"> + </span><span style="display:none;" id="com.revature.planetarium.controller.user.RegisterAPITest.registerPositiveTest19-on"> - </span>[ Detail ]</a></div></td>
<td align="left">0.026</td></tr>
<tr class="a">
<td align="left"></td>
<td align="left">1 expectation failed.
Expected header &quot;Content-Type&quot; was not &quot;application/json&quot;, was &quot;text/plain&quot;. Headers are:
Date=Tue, 06 May 2025 15:20:45 GMT
Content-Type=text/plain
Content-Length=16
</td>
<td align="left"></td></tr>
<tr class="b">
<td align="left"></td>
<td align="left">
<div id="com.revature.planetarium.controller.user.RegisterAPITest.registerPositiveTest19-failure" style="display:none;">
<div>
<pre>java.lang.AssertionError: 
1 expectation failed.
Expected header &quot;Content-Type&quot; was not &quot;application/json&quot;, was &quot;text/plain&quot;. Headers are:
Date=Tue, 06 May 2025 15:20:45 GMT
Content-Type=text/plain
Content-Length=16

	at java.base/jdk.internal.reflect.NativeConstructorAccessorImpl.newInstance0(Native Method)
	at java.base/jdk.internal.reflect.NativeConstructorAccessorImpl.newInstance(NativeConstructorAccessorImpl.java:62)
	at java.base/jdk.internal.reflect.DelegatingConstructorAccessorImpl.newInstance(DelegatingConstructorAccessorImpl.java:45)
	at java.base/java.lang.reflect.Constructor.newInstance(Constructor.java:490)
	at org.codehaus.groovy.reflection.CachedConstructor.invoke(CachedConstructor.java:73)
	at org.codehaus.groovy.reflection.CachedConstructor.doConstructorInvoke(CachedConstructor.java:60)
	at org.codehaus.groovy.runtime.callsite.ConstructorSite$ConstructorSiteNoUnwrap.callConstructor(ConstructorSite.java:86)
	at org.codehaus.groovy.runtime.callsite.AbstractCallSite.callConstructor(AbstractCallSite.java:277)
	at io.restassured.internal.ResponseSpecificationImpl$HamcrestAssertionClosure.validate(ResponseSpecificationImpl.groovy:512)
	at io.restassured.internal.ResponseSpecificationImpl$HamcrestAssertionClosure$validate$1.call(Unknown Source)
	at io.restassured.internal.ResponseSpecificationImpl.validateResponseIfRequired(ResponseSpecificationImpl.groovy:696)
	at io.restassured.internal.ResponseSpecificationImpl.this$2$validateResponseIfRequired(ResponseSpecificationImpl.groovy)
	at jdk.internal.reflect.GeneratedMethodAccessor59.invoke(Unknown Source)
	at java.base/jdk.internal.reflect.DelegatingMethodAccessorImpl.invoke(DelegatingMethodAccessorImpl.java:43)
	at java.base/java.lang.reflect.Method.invoke(Method.java:566)
	at org.codehaus.groovy.runtime.callsite.PlainObjectMetaMethodSite.doInvoke(PlainObjectMetaMethodSite.java:43)
	at org.codehaus.groovy.runtime.callsite.PogoMetaMethodSite$PogoCachedMethodSiteNoUnwrapNoCoerce.invoke(PogoMetaMethodSite.java:198)
	at org.codehaus.groovy.runtime.callsite.PogoMetaMethodSite.callCurrent(PogoMetaMethodSite.java:62)
	at org.codehaus.groovy.runtime.callsite.AbstractCallSite.callCurrent(AbstractCallSite.java:185)
	at io.restassured.internal.ResponseSpecificationImpl.header(ResponseSpecificationImpl.groovy:191)
	at io.restassured.internal.ValidatableResponseOptionsImpl.header(ValidatableResponseOptionsImpl.java:114)
	at com.revature.planetarium.controller.user.RegisterAPITest.registerPositiveTest(RegisterAPITest.java:66)
	at jdk.internal.reflect.GeneratedMethodAccessor70.invoke(Unknown Source)
	at java.base/jdk.internal.reflect.DelegatingMethodAccessorImpl.invoke(DelegatingMethodAccessorImpl.java:43)
	at java.base/java.lang.reflect.Method.invoke(Method.java:566)
	at org.junit.runners.model.FrameworkMethod$1.runReflectiveCall(FrameworkMethod.java:59)
	at org.junit.internal.runners.model.ReflectiveCallable.run(ReflectiveCallable.java:12)
	at org.junit.runners.model.FrameworkMethod.invokeExplosively(FrameworkMethod.java:56)
	at org.junit.internal.runners.statements.InvokeMethod.evaluate(InvokeMethod.java:17)
	at org.junit.internal.runners.statements.RunBefores.evaluate(RunBefores.java:26)
	at org.junit.runners.ParentRunner$3.evaluate(ParentRunner.java:306)
	at org.junit.runners.BlockJUnit4ClassRunner$1.evaluate(BlockJUnit4ClassRunner.java:100)
	at org.junit.runners.ParentRunner.runLeaf(ParentRunner.java:366)
	at org.junit.runners.BlockJUnit4ClassRunner.runChild(BlockJUnit4ClassRunner.java:103)
	at org.junit.runners.BlockJUnit4ClassRunner.runChild(BlockJUnit4ClassRunner.java:63)
	at org.junit.runners.ParentRunner$4.run(ParentRunner.java:331)
	at org.junit.runners.ParentRunner$1.schedule(ParentRunner.java:79)
	at org.junit.runners.ParentRunner.runChildren(ParentRunner.java:329)
	at org.junit.runners.ParentRunner.access$100(ParentRunner.java:66)
	at org.junit.runners.ParentRunner$2.evaluate(ParentRunner.java:293)
	at org.junit.runners.ParentRunner.run(ParentRunner.java:413)
	at org.junit.runners.Suite.runChild(Suite.java:128)
	at org.junit.runners.Suite.runChild(Suite.java:27)
	at org.junit.runners.ParentRunner$4.run(ParentRunner.java:331)
	at org.junit.runners.ParentRunner$1.schedule(ParentRunner.java:79)
	at org.junit.runners.ParentRunner.runChildren(ParentRunner.java:329)
	at org.junit.runners.ParentRunner.access$100(ParentRunner.java:66)
	at org.junit.runners.ParentRunner$2.evaluate(ParentRunner.java:293)
	at org.junit.runners.ParentRunner$3.evaluate(ParentRunner.java:306)
	at org.junit.runners.ParentRunner.run(ParentRunner.java:413)
	at org.apache.maven.surefire.junit4.JUnit4Provider.execute(JUnit4Provider.java:316)
	at org.apache.maven.surefire.junit4.JUnit4Provider.executeWithRerun(JUnit4Provider.java:240)
	at org.apache.maven.surefire.junit4.JUnit4Provider.executeTestSet(JUnit4Provider.java:214)
	at org.apache.maven.surefire.junit4.JUnit4Provider.invoke(JUnit4Provider.java:155)
	at org.apache.maven.surefire.booter.ForkedBooter.runSuitesInProcess(ForkedBooter.java:385)
	at org.apache.maven.surefire.booter.ForkedBooter.execute(ForkedBooter.java:162)
	at org.apache.maven.surefire.booter.ForkedBooter.run(ForkedBooter.java:507)
	at org.apache.maven.surefire.booter.ForkedBooter.main(ForkedBooter.java:495)
</pre></div></div></td>
<td align="left"></td></tr></table></section><section><a id="com.revature.planetarium.repository.moon.MoonCreationNegativeTest"></a>
<h3><a name="MoonCreationNegativeTest"></a>MoonCreationNegativeTest</h3>
<table border="0" class="bodyTable">
<tr class="a">
<td align="left"><img src="images/icon_success_sml.gif" alt="" /></td>
<td align="left"><a id="TC_com.revature.planetarium.repository.moon.MoonCreationNegativeTest.createPlanetRepoNegativeTest0"></a>createPlanetRepoNegativeTest[0]</td>
<td align="left">0</td></tr>
<tr class="b">
<td align="left"><img src="images/icon_success_sml.gif" alt="" /></td>
<td align="left"><a id="TC_com.revature.planetarium.repository.moon.MoonCreationNegativeTest.createPlanetRepoNegativeTest1"></a>createPlanetRepoNegativeTest[1]</td>
<td align="left">0</td></tr>
<tr class="a">
<td align="left"><img src="images/icon_success_sml.gif" alt="" /></td>
<td align="left"><a id="TC_com.revature.planetarium.repository.moon.MoonCreationNegativeTest.createPlanetRepoNegativeTest2"></a>createPlanetRepoNegativeTest[2]</td>
<td align="left">0.007</td></tr>
<tr class="b">
<td align="left"><img src="images/icon_success_sml.gif" alt="" /></td>
<td align="left"><a id="TC_com.revature.planetarium.repository.moon.MoonCreationNegativeTest.createPlanetRepoNegativeTest3"></a>createPlanetRepoNegativeTest[3]</td>
<td align="left">0.022</td></tr></table></section><section><a id="com.revature.planetarium.repository.moon.MoonCreationPositiveTest"></a>
<h3><a name="MoonCreationPositiveTest"></a>MoonCreationPositiveTest</h3>
<table border="0" class="bodyTable">
<tr class="a">
<td align="left"><img src="images/icon_success_sml.gif" alt="" /></td>
<td align="left"><a id="TC_com.revature.planetarium.repository.moon.MoonCreationPositiveTest.createPlanetRepoPositiveTest0"></a>createPlanetRepoPositiveTest[0]</td>
<td align="left">0.023</td></tr>
<tr class="b">
<td align="left"><img src="images/icon_success_sml.gif" alt="" /></td>
<td align="left"><a id="TC_com.revature.planetarium.repository.moon.MoonCreationPositiveTest.createPlanetRepoPositiveTest1"></a>createPlanetRepoPositiveTest[1]</td>
<td align="left">0.023</td></tr>
<tr class="a">
<td align="left"><img src="images/icon_success_sml.gif" alt="" /></td>
<td align="left"><a id="TC_com.revature.planetarium.repository.moon.MoonCreationPositiveTest.createPlanetRepoPositiveTest2"></a>createPlanetRepoPositiveTest[2]</td>
<td align="left">0.034</td></tr>
<tr class="b">
<td align="left"><img src="images/icon_success_sml.gif" alt="" /></td>
<td align="left"><a id="TC_com.revature.planetarium.repository.moon.MoonCreationPositiveTest.createPlanetRepoPositiveTest3"></a>createPlanetRepoPositiveTest[3]</td>
<td align="left">0.021</td></tr>
<tr class="a">
<td align="left"><img src="images/icon_success_sml.gif" alt="" /></td>
<td align="left"><a id="TC_com.revature.planetarium.repository.moon.MoonCreationPositiveTest.createPlanetRepoPositiveTest4"></a>createPlanetRepoPositiveTest[4]</td>
<td align="left">0.024</td></tr>
<tr class="b">
<td align="left"><img src="images/icon_success_sml.gif" alt="" /></td>
<td align="left"><a id="TC_com.revature.planetarium.repository.moon.MoonCreationPositiveTest.createPlanetRepoPositiveTest5"></a>createPlanetRepoPositiveTest[5]</td>
<td align="left">0.024</td></tr>
<tr class="a">
<td align="left"><img src="images/icon_success_sml.gif" alt="" /></td>
<td align="left"><a id="TC_com.revature.planetarium.repository.moon.MoonCreationPositiveTest.createPlanetRepoPositiveTest6"></a>createPlanetRepoPositiveTest[6]</td>
<td align="left">0.021</td></tr>
<tr class="b">
<td align="left"><img src="images/icon_success_sml.gif" alt="" /></td>
<td align="left"><a id="TC_com.revature.planetarium.repository.moon.MoonCreationPositiveTest.createPlanetRepoPositiveTest7"></a>createPlanetRepoPositiveTest[7]</td>
<td align="left">0.021</td></tr>
<tr class="a">
<td align="left"><img src="images/icon_success_sml.gif" alt="" /></td>
<td align="left"><a id="TC_com.revature.planetarium.repository.moon.MoonCreationPositiveTest.createPlanetRepoPositiveTest8"></a>createPlanetRepoPositiveTest[8]</td>
<td align="left">0.022</td></tr>
<tr class="b">
<td align="left"><img src="images/icon_success_sml.gif" alt="" /></td>
<td align="left"><a id="TC_com.revature.planetarium.repository.moon.MoonCreationPositiveTest.createPlanetRepoPositiveTest9"></a>createPlanetRepoPositiveTest[9]</td>
<td align="left">0.024</td></tr>
<tr class="a">
<td align="left"><img src="images/icon_success_sml.gif" alt="" /></td>
<td align="left"><a id="TC_com.revature.planetarium.repository.moon.MoonCreationPositiveTest.createPlanetRepoPositiveTest10"></a>createPlanetRepoPositiveTest[10]</td>
<td align="left">0.021</td></tr></table></section><section><a id="com.revature.planetarium.repository.moon.MoonDeletionNegativeTest"></a>
<h3><a name="MoonDeletionNegativeTest"></a>MoonDeletionNegativeTest</h3>
<table border="0" class="bodyTable">
<tr class="a">
<td align="left"><img src="images/icon_success_sml.gif" alt="" /></td>
<td align="left"><a id="TC_com.revature.planetarium.repository.moon.MoonDeletionNegativeTest.deleteMoonNegativeTest"></a>deleteMoonNegativeTest</td>
<td align="left">0.015</td></tr></table></section><section><a id="com.revature.planetarium.repository.moon.MoonDeletionPositiveTest"></a>
<h3><a name="MoonDeletionPositiveTest"></a>MoonDeletionPositiveTest</h3>
<table border="0" class="bodyTable">
<tr class="a">
<td align="left"><img src="images/icon_success_sml.gif" alt="" /></td>
<td align="left"><a id="TC_com.revature.planetarium.repository.moon.MoonDeletionPositiveTest.deleteMoonPositiveTest"></a>deleteMoonPositiveTest</td>
<td align="left">0.018</td></tr></table></section><section><a id="com.revature.planetarium.repository.moon.MoonRetrievalNegativeTest"></a>
<h3><a name="MoonRetrievalNegativeTest"></a>MoonRetrievalNegativeTest</h3>
<table border="0" class="bodyTable">
<tr class="a">
<td align="left"><img src="images/icon_success_sml.gif" alt="" /></td>
<td align="left"><a id="TC_com.revature.planetarium.repository.moon.MoonRetrievalNegativeTest.moonRetrievalNegativeTest"></a>moonRetrievalNegativeTest</td>
<td align="left">0.014</td></tr></table></section><section><a id="com.revature.planetarium.repository.moon.MoonRetrievalPositiveTest"></a>
<h3><a name="MoonRetrievalPositiveTest"></a>MoonRetrievalPositiveTest</h3>
<table border="0" class="bodyTable">
<tr class="a">
<td align="left"><img src="images/icon_success_sml.gif" alt="" /></td>
<td align="left"><a id="TC_com.revature.planetarium.repository.moon.MoonRetrievalPositiveTest.moonRetrievalPositiveTest"></a>moonRetrievalPositiveTest</td>
<td align="left">0.027</td></tr></table></section><section><a id="com.revature.planetarium.repository.planet.CreatePlanetRepoNegativeTest"></a>
<h3><a name="CreatePlanetRepoNegativeTest"></a>CreatePlanetRepoNegativeTest</h3>
<table border="0" class="bodyTable">
<tr class="a">
<td align="left"><img src="images/icon_success_sml.gif" alt="" /></td>
<td align="left"><a id="TC_com.revature.planetarium.repository.planet.CreatePlanetRepoNegativeTest.createPlanetRepoNegativeTest0"></a>createPlanetRepoNegativeTest[0]</td>
<td align="left">0.022</td></tr>
<tr class="b">
<td align="left"><img src="images/icon_success_sml.gif" alt="" /></td>
<td align="left"><a id="TC_com.revature.planetarium.repository.planet.CreatePlanetRepoNegativeTest.createPlanetRepoNegativeTest1"></a>createPlanetRepoNegativeTest[1]</td>
<td align="left">0.018</td></tr>
<tr class="a">
<td align="left"><img src="images/icon_success_sml.gif" alt="" /></td>
<td align="left"><a id="TC_com.revature.planetarium.repository.planet.CreatePlanetRepoNegativeTest.createPlanetRepoNegativeTest2"></a>createPlanetRepoNegativeTest[2]</td>
<td align="left">0.018</td></tr>
<tr class="b">
<td align="left"><img src="images/icon_success_sml.gif" alt="" /></td>
<td align="left"><a id="TC_com.revature.planetarium.repository.planet.CreatePlanetRepoNegativeTest.createPlanetRepoNegativeTest3"></a>createPlanetRepoNegativeTest[3]</td>
<td align="left">0.02</td></tr></table></section><section><a id="com.revature.planetarium.repository.planet.CreatePlanetRepoPositiveTest"></a>
<h3><a name="CreatePlanetRepoPositiveTest"></a>CreatePlanetRepoPositiveTest</h3>
<table border="0" class="bodyTable">
<tr class="a">
<td align="left"><img src="images/icon_success_sml.gif" alt="" /></td>
<td align="left"><a id="TC_com.revature.planetarium.repository.planet.CreatePlanetRepoPositiveTest.createPlanetRepoPositiveTest0"></a>createPlanetRepoPositiveTest[0]</td>
<td align="left">0.022</td></tr>
<tr class="b">
<td align="left"><img src="images/icon_success_sml.gif" alt="" /></td>
<td align="left"><a id="TC_com.revature.planetarium.repository.planet.CreatePlanetRepoPositiveTest.createPlanetRepoPositiveTest1"></a>createPlanetRepoPositiveTest[1]</td>
<td align="left">0.023</td></tr>
<tr class="a">
<td align="left"><img src="images/icon_success_sml.gif" alt="" /></td>
<td align="left"><a id="TC_com.revature.planetarium.repository.planet.CreatePlanetRepoPositiveTest.createPlanetRepoPositiveTest2"></a>createPlanetRepoPositiveTest[2]</td>
<td align="left">0.022</td></tr>
<tr class="b">
<td align="left"><img src="images/icon_success_sml.gif" alt="" /></td>
<td align="left"><a id="TC_com.revature.planetarium.repository.planet.CreatePlanetRepoPositiveTest.createPlanetRepoPositiveTest3"></a>createPlanetRepoPositiveTest[3]</td>
<td align="left">0.02</td></tr>
<tr class="a">
<td align="left"><img src="images/icon_success_sml.gif" alt="" /></td>
<td align="left"><a id="TC_com.revature.planetarium.repository.planet.CreatePlanetRepoPositiveTest.createPlanetRepoPositiveTest4"></a>createPlanetRepoPositiveTest[4]</td>
<td align="left">0.02</td></tr>
<tr class="b">
<td align="left"><img src="images/icon_success_sml.gif" alt="" /></td>
<td align="left"><a id="TC_com.revature.planetarium.repository.planet.CreatePlanetRepoPositiveTest.createPlanetRepoPositiveTest5"></a>createPlanetRepoPositiveTest[5]</td>
<td align="left">0.02</td></tr>
<tr class="a">
<td align="left"><img src="images/icon_success_sml.gif" alt="" /></td>
<td align="left"><a id="TC_com.revature.planetarium.repository.planet.CreatePlanetRepoPositiveTest.createPlanetRepoPositiveTest6"></a>createPlanetRepoPositiveTest[6]</td>
<td align="left">0.022</td></tr>
<tr class="b">
<td align="left"><img src="images/icon_success_sml.gif" alt="" /></td>
<td align="left"><a id="TC_com.revature.planetarium.repository.planet.CreatePlanetRepoPositiveTest.createPlanetRepoPositiveTest7"></a>createPlanetRepoPositiveTest[7]</td>
<td align="left">0.02</td></tr>
<tr class="a">
<td align="left"><img src="images/icon_success_sml.gif" alt="" /></td>
<td align="left"><a id="TC_com.revature.planetarium.repository.planet.CreatePlanetRepoPositiveTest.createPlanetRepoPositiveTest8"></a>createPlanetRepoPositiveTest[8]</td>
<td align="left">0.021</td></tr>
<tr class="b">
<td align="left"><img src="images/icon_success_sml.gif" alt="" /></td>
<td align="left"><a id="TC_com.revature.planetarium.repository.planet.CreatePlanetRepoPositiveTest.createPlanetRepoPositiveTest9"></a>createPlanetRepoPositiveTest[9]</td>
<td align="left">0.02</td></tr>
<tr class="a">
<td align="left"><img src="images/icon_success_sml.gif" alt="" /></td>
<td align="left"><a id="TC_com.revature.planetarium.repository.planet.CreatePlanetRepoPositiveTest.createPlanetRepoPositiveTest10"></a>createPlanetRepoPositiveTest[10]</td>
<td align="left">0.02</td></tr></table></section><section><a id="com.revature.planetarium.repository.planet.DeletePlanetNegativeTest"></a>
<h3><a name="DeletePlanetNegativeTest"></a>DeletePlanetNegativeTest</h3>
<table border="0" class="bodyTable">
<tr class="a">
<td align="left"><img src="images/icon_success_sml.gif" alt="" /></td>
<td align="left"><a id="TC_com.revature.planetarium.repository.planet.DeletePlanetNegativeTest.deletePlanetNegativeTest0"></a>deletePlanetNegativeTest[0]</td>
<td align="left">0.018</td></tr>
<tr class="b">
<td align="left"><img src="images/icon_success_sml.gif" alt="" /></td>
<td align="left"><a id="TC_com.revature.planetarium.repository.planet.DeletePlanetNegativeTest.deletePlanetNegativeTest1"></a>deletePlanetNegativeTest[1]</td>
<td align="left">0.019</td></tr></table></section><section><a id="com.revature.planetarium.repository.planet.DeletePlanetPositiveTest"></a>
<h3><a name="DeletePlanetPositiveTest"></a>DeletePlanetPositiveTest</h3>
<table border="0" class="bodyTable">
<tr class="a">
<td align="left"><img src="images/icon_success_sml.gif" alt="" /></td>
<td align="left"><a id="TC_com.revature.planetarium.repository.planet.DeletePlanetPositiveTest.deletePlanetPositiveTest0"></a>deletePlanetPositiveTest[0]</td>
<td align="left">0.019</td></tr>
<tr class="b">
<td align="left"><img src="images/icon_success_sml.gif" alt="" /></td>
<td align="left"><a id="TC_com.revature.planetarium.repository.planet.DeletePlanetPositiveTest.deletePlanetPositiveTest1"></a>deletePlanetPositiveTest[1]</td>
<td align="left">0.02</td></tr></table></section><section><a id="com.revature.planetarium.repository.planet.RetrievalPlanetFromUserRepoNegativeTest"></a>
<h3><a name="RetrievalPlanetFromUserRepoNegativeTest"></a>RetrievalPlanetFromUserRepoNegativeTest</h3>
<table border="0" class="bodyTable">
<tr class="a">
<td align="left"><img src="images/icon_success_sml.gif" alt="" /></td>
<td align="left"><a id="TC_com.revature.planetarium.repository.planet.RetrievalPlanetFromUserRepoNegativeTest.retrievalPlanetFromUserNegativeTest"></a>retrievalPlanetFromUserNegativeTest</td>
<td align="left">0.015</td></tr></table></section><section><a id="com.revature.planetarium.repository.planet.RetrievalPlanetFromUserRepoPositiveTest"></a>
<h3><a name="RetrievalPlanetFromUserRepoPositiveTest"></a>RetrievalPlanetFromUserRepoPositiveTest</h3>
<table border="0" class="bodyTable">
<tr class="a">
<td align="left"><img src="images/icon_success_sml.gif" alt="" /></td>
<td align="left"><a id="TC_com.revature.planetarium.repository.planet.RetrievalPlanetFromUserRepoPositiveTest.retrievalPlanetFromUserPositiveTest"></a>retrievalPlanetFromUserPositiveTest</td>
<td align="left">0.021</td></tr></table></section><section><a id="com.revature.planetarium.repository.user.CreateUserRepoNegativeTest"></a>
<h3><a name="CreateUserRepoNegativeTest"></a>CreateUserRepoNegativeTest</h3>
<table border="0" class="bodyTable">
<tr class="a">
<td align="left"><img src="images/icon_success_sml.gif" alt="" /></td>
<td align="left"><a id="TC_com.revature.planetarium.repository.user.CreateUserRepoNegativeTest.createUserNegativeTest0"></a>createUserNegativeTest[0]</td>
<td align="left">0.018</td></tr>
<tr class="b">
<td align="left"><img src="images/icon_success_sml.gif" alt="" /></td>
<td align="left"><a id="TC_com.revature.planetarium.repository.user.CreateUserRepoNegativeTest.createUserNegativeTest1"></a>createUserNegativeTest[1]</td>
<td align="left">0.017</td></tr>
<tr class="a">
<td align="left"><img src="images/icon_success_sml.gif" alt="" /></td>
<td align="left"><a id="TC_com.revature.planetarium.repository.user.CreateUserRepoNegativeTest.createUserNegativeTest2"></a>createUserNegativeTest[2]</td>
<td align="left">0.017</td></tr>
<tr class="b">
<td align="left"><img src="images/icon_success_sml.gif" alt="" /></td>
<td align="left"><a id="TC_com.revature.planetarium.repository.user.CreateUserRepoNegativeTest.createUserNegativeTest3"></a>createUserNegativeTest[3]</td>
<td align="left">0.018</td></tr>
<tr class="a">
<td align="left"><img src="images/icon_success_sml.gif" alt="" /></td>
<td align="left"><a id="TC_com.revature.planetarium.repository.user.CreateUserRepoNegativeTest.createUserNegativeTest4"></a>createUserNegativeTest[4]</td>
<td align="left">0.018</td></tr>
<tr class="b">
<td align="left"><img src="images/icon_success_sml.gif" alt="" /></td>
<td align="left"><a id="TC_com.revature.planetarium.repository.user.CreateUserRepoNegativeTest.createUserNegativeTest5"></a>createUserNegativeTest[5]</td>
<td align="left">0.017</td></tr>
<tr class="a">
<td align="left"><img src="images/icon_success_sml.gif" alt="" /></td>
<td align="left"><a id="TC_com.revature.planetarium.repository.user.CreateUserRepoNegativeTest.createUserNegativeTest6"></a>createUserNegativeTest[6]</td>
<td align="left">0.018</td></tr>
<tr class="b">
<td align="left"><img src="images/icon_success_sml.gif" alt="" /></td>
<td align="left"><a id="TC_com.revature.planetarium.repository.user.CreateUserRepoNegativeTest.createUserNegativeTest7"></a>createUserNegativeTest[7]</td>
<td align="left">0.017</td></tr>
<tr class="a">
<td align="left"><img src="images/icon_success_sml.gif" alt="" /></td>
<td align="left"><a id="TC_com.revature.planetarium.repository.user.CreateUserRepoNegativeTest.createUserNegativeTest8"></a>createUserNegativeTest[8]</td>
<td align="left">0.02</td></tr>
<tr class="b">
<td align="left"><img src="images/icon_success_sml.gif" alt="" /></td>
<td align="left"><a id="TC_com.revature.planetarium.repository.user.CreateUserRepoNegativeTest.createUserNegativeTest9"></a>createUserNegativeTest[9]</td>
<td align="left">0.017</td></tr>
<tr class="a">
<td align="left"><img src="images/icon_success_sml.gif" alt="" /></td>
<td align="left"><a id="TC_com.revature.planetarium.repository.user.CreateUserRepoNegativeTest.createUserNegativeTest10"></a>createUserNegativeTest[10]</td>
<td align="left">0.017</td></tr>
<tr class="b">
<td align="left"><img src="images/icon_success_sml.gif" alt="" /></td>
<td align="left"><a id="TC_com.revature.planetarium.repository.user.CreateUserRepoNegativeTest.createUserNegativeTest11"></a>createUserNegativeTest[11]</td>
<td align="left">0.016</td></tr>
<tr class="a">
<td align="left"><img src="images/icon_success_sml.gif" alt="" /></td>
<td align="left"><a id="TC_com.revature.planetarium.repository.user.CreateUserRepoNegativeTest.createUserNegativeTest12"></a>createUserNegativeTest[12]</td>
<td align="left">0.016</td></tr>
<tr class="b">
<td align="left"><img src="images/icon_success_sml.gif" alt="" /></td>
<td align="left"><a id="TC_com.revature.planetarium.repository.user.CreateUserRepoNegativeTest.createUserNegativeTest13"></a>createUserNegativeTest[13]</td>
<td align="left">0.016</td></tr>
<tr class="a">
<td align="left"><img src="images/icon_success_sml.gif" alt="" /></td>
<td align="left"><a id="TC_com.revature.planetarium.repository.user.CreateUserRepoNegativeTest.createUserNegativeTest14"></a>createUserNegativeTest[14]</td>
<td align="left">0.016</td></tr></table></section><section><a id="com.revature.planetarium.repository.user.CreateUserRepoPositiveTest"></a>
<h3><a name="CreateUserRepoPositiveTest"></a>CreateUserRepoPositiveTest</h3>
<table border="0" class="bodyTable">
<tr class="a">
<td align="left"><img src="images/icon_success_sml.gif" alt="" /></td>
<td align="left"><a id="TC_com.revature.planetarium.repository.user.CreateUserRepoPositiveTest.createUserPositiveTest0"></a>createUserPositiveTest[0]</td>
<td align="left">0.02</td></tr>
<tr class="b">
<td align="left"><img src="images/icon_success_sml.gif" alt="" /></td>
<td align="left"><a id="TC_com.revature.planetarium.repository.user.CreateUserRepoPositiveTest.createUserPositiveTest1"></a>createUserPositiveTest[1]</td>
<td align="left">0.021</td></tr>
<tr class="a">
<td align="left"><img src="images/icon_success_sml.gif" alt="" /></td>
<td align="left"><a id="TC_com.revature.planetarium.repository.user.CreateUserRepoPositiveTest.createUserPositiveTest2"></a>createUserPositiveTest[2]</td>
<td align="left">0.02</td></tr>
<tr class="b">
<td align="left"><img src="images/icon_success_sml.gif" alt="" /></td>
<td align="left"><a id="TC_com.revature.planetarium.repository.user.CreateUserRepoPositiveTest.createUserPositiveTest3"></a>createUserPositiveTest[3]</td>
<td align="left">0.022</td></tr>
<tr class="a">
<td align="left"><a href="#com.revature.planetarium.repository.user.CreateUserRepoPositiveTest.createUserPositiveTest4"><img src="images/icon_error_sml.gif" alt="" /></a></td>
<td align="left"><a id="TC_com.revature.planetarium.repository.user.CreateUserRepoPositiveTest.createUserPositiveTest4"></a><a href="#com.revature.planetarium.repository.user.CreateUserRepoPositiveTest.createUserPositiveTest4">createUserPositiveTest[4]</a>
<div class="detailToggle" style="display:inline"><a href="javascript:toggleDisplay('com.revature.planetarium.repository.user.CreateUserRepoPositiveTest.createUserPositiveTest4');"><span style="display:inline;" id="com.revature.planetarium.repository.user.CreateUserRepoPositiveTest.createUserPositiveTest4-off"> + </span><span style="display:none;" id="com.revature.planetarium.repository.user.CreateUserRepoPositiveTest.createUserPositiveTest4-on"> - </span>[ Detail ]</a></div></td>
<td align="left">0.019</td></tr>
<tr class="b">
<td align="left"></td>
<td align="left">[SQLITE_CONSTRAINT_CHECK] A CHECK constraint failed (CHECK constraint failed: password_character_check)</td>
<td align="left"></td></tr>
<tr class="a">
<td align="left"></td>
<td align="left">
<div id="com.revature.planetarium.repository.user.CreateUserRepoPositiveTest.createUserPositiveTest4-error" style="display:none;">
<div>
<pre>org.sqlite.SQLiteException: [SQLITE_CONSTRAINT_CHECK] A CHECK constraint failed (CHECK constraint failed: password_character_check)
	at org.sqlite.core.DB.newSQLException(DB.java:1179)
	at org.sqlite.core.DB.newSQLException(DB.java:1190)
	at org.sqlite.core.DB.execute(DB.java:985)
	at org.sqlite.core.DB.executeUpdate(DB.java:1054)
	at org.sqlite.jdbc3.JDBC3PreparedStatement.lambda$executeLargeUpdate$2(JDBC3PreparedStatement.java:129)
	at org.sqlite.jdbc3.JDBC3Statement.withConnectionTimeout(JDBC3Statement.java:454)
	at org.sqlite.jdbc3.JDBC3PreparedStatement.executeLargeUpdate(JDBC3PreparedStatement.java:124)
	at org.sqlite.jdbc3.JDBC3PreparedStatement.executeUpdate(JDBC3PreparedStatement.java:105)
	at com.revature.planetarium.repository.user.UserDaoImp.createUser(UserDaoImp.java:21)
	at com.revature.planetarium.repository.user.CreateUserRepoPositiveTest.createUserPositiveTest(CreateUserRepoPositiveTest.java:52)
	at java.base/jdk.internal.reflect.NativeMethodAccessorImpl.invoke0(Native Method)
	at java.base/jdk.internal.reflect.NativeMethodAccessorImpl.invoke(NativeMethodAccessorImpl.java:62)
	at java.base/jdk.internal.reflect.DelegatingMethodAccessorImpl.invoke(DelegatingMethodAccessorImpl.java:43)
	at java.base/java.lang.reflect.Method.invoke(Method.java:566)
	at org.junit.runners.model.FrameworkMethod$1.runReflectiveCall(FrameworkMethod.java:59)
	at org.junit.internal.runners.model.ReflectiveCallable.run(ReflectiveCallable.java:12)
	at org.junit.runners.model.FrameworkMethod.invokeExplosively(FrameworkMethod.java:56)
	at org.junit.internal.runners.statements.InvokeMethod.evaluate(InvokeMethod.java:17)
	at org.junit.internal.runners.statements.RunBefores.evaluate(RunBefores.java:26)
	at org.junit.runners.ParentRunner$3.evaluate(ParentRunner.java:306)
	at org.junit.runners.BlockJUnit4ClassRunner$1.evaluate(BlockJUnit4ClassRunner.java:100)
	at org.junit.runners.ParentRunner.runLeaf(ParentRunner.java:366)
	at org.junit.runners.BlockJUnit4ClassRunner.runChild(BlockJUnit4ClassRunner.java:103)
	at org.junit.runners.BlockJUnit4ClassRunner.runChild(BlockJUnit4ClassRunner.java:63)
	at org.junit.runners.ParentRunner$4.run(ParentRunner.java:331)
	at org.junit.runners.ParentRunner$1.schedule(ParentRunner.java:79)
	at org.junit.runners.ParentRunner.runChildren(ParentRunner.java:329)
	at org.junit.runners.ParentRunner.access$100(ParentRunner.java:66)
	at org.junit.runners.ParentRunner$2.evaluate(ParentRunner.java:293)
	at org.junit.runners.ParentRunner.run(ParentRunner.java:413)
	at org.junit.runners.Suite.runChild(Suite.java:128)
	at org.junit.runners.Suite.runChild(Suite.java:27)
	at org.junit.runners.ParentRunner$4.run(ParentRunner.java:331)
	at org.junit.runners.ParentRunner$1.schedule(ParentRunner.java:79)
	at org.junit.runners.ParentRunner.runChildren(ParentRunner.java:329)
	at org.junit.runners.ParentRunner.access$100(ParentRunner.java:66)
	at org.junit.runners.ParentRunner$2.evaluate(ParentRunner.java:293)
	at org.junit.runners.ParentRunner$3.evaluate(ParentRunner.java:306)
	at org.junit.runners.ParentRunner.run(ParentRunner.java:413)
	at org.apache.maven.surefire.junit4.JUnit4Provider.execute(JUnit4Provider.java:316)
	at org.apache.maven.surefire.junit4.JUnit4Provider.executeWithRerun(JUnit4Provider.java:240)
	at org.apache.maven.surefire.junit4.JUnit4Provider.executeTestSet(JUnit4Provider.java:214)
	at org.apache.maven.surefire.junit4.JUnit4Provider.invoke(JUnit4Provider.java:155)
	at org.apache.maven.surefire.booter.ForkedBooter.runSuitesInProcess(ForkedBooter.java:385)
	at org.apache.maven.surefire.booter.ForkedBooter.execute(ForkedBooter.java:162)
	at org.apache.maven.surefire.booter.ForkedBooter.run(ForkedBooter.java:507)
	at org.apache.maven.surefire.booter.ForkedBooter.main(ForkedBooter.java:495)
</pre></div></div></td>
<td align="left"></td></tr>
<tr class="b">
<td align="left"><a href="#com.revature.planetarium.repository.user.CreateUserRepoPositiveTest.createUserPositiveTest5"><img src="images/icon_error_sml.gif" alt="" /></a></td>
<td align="left"><a id="TC_com.revature.planetarium.repository.user.CreateUserRepoPositiveTest.createUserPositiveTest5"></a><a href="#com.revature.planetarium.repository.user.CreateUserRepoPositiveTest.createUserPositiveTest5">createUserPositiveTest[5]</a>
<div class="detailToggle" style="display:inline"><a href="javascript:toggleDisplay('com.revature.planetarium.repository.user.CreateUserRepoPositiveTest.createUserPositiveTest5');"><span style="display:inline;" id="com.revature.planetarium.repository.user.CreateUserRepoPositiveTest.createUserPositiveTest5-off"> + </span><span style="display:none;" id="com.revature.planetarium.repository.user.CreateUserRepoPositiveTest.createUserPositiveTest5-on"> - </span>[ Detail ]</a></div></td>
<td align="left">0.017</td></tr>
<tr class="a">
<td align="left"></td>
<td align="left">[SQLITE_CONSTRAINT_CHECK] A CHECK constraint failed (CHECK constraint failed: password_character_check)</td>
<td align="left"></td></tr>
<tr class="b">
<td align="left"></td>
<td align="left">
<div id="com.revature.planetarium.repository.user.CreateUserRepoPositiveTest.createUserPositiveTest5-error" style="display:none;">
<div>
<pre>org.sqlite.SQLiteException: [SQLITE_CONSTRAINT_CHECK] A CHECK constraint failed (CHECK constraint failed: password_character_check)
	at org.sqlite.core.DB.newSQLException(DB.java:1179)
	at org.sqlite.core.DB.newSQLException(DB.java:1190)
	at org.sqlite.core.DB.execute(DB.java:985)
	at org.sqlite.core.DB.executeUpdate(DB.java:1054)
	at org.sqlite.jdbc3.JDBC3PreparedStatement.lambda$executeLargeUpdate$2(JDBC3PreparedStatement.java:129)
	at org.sqlite.jdbc3.JDBC3Statement.withConnectionTimeout(JDBC3Statement.java:454)
	at org.sqlite.jdbc3.JDBC3PreparedStatement.executeLargeUpdate(JDBC3PreparedStatement.java:124)
	at org.sqlite.jdbc3.JDBC3PreparedStatement.executeUpdate(JDBC3PreparedStatement.java:105)
	at com.revature.planetarium.repository.user.UserDaoImp.createUser(UserDaoImp.java:21)
	at com.revature.planetarium.repository.user.CreateUserRepoPositiveTest.createUserPositiveTest(CreateUserRepoPositiveTest.java:52)
	at java.base/jdk.internal.reflect.NativeMethodAccessorImpl.invoke0(Native Method)
	at java.base/jdk.internal.reflect.NativeMethodAccessorImpl.invoke(NativeMethodAccessorImpl.java:62)
	at java.base/jdk.internal.reflect.DelegatingMethodAccessorImpl.invoke(DelegatingMethodAccessorImpl.java:43)
	at java.base/java.lang.reflect.Method.invoke(Method.java:566)
	at org.junit.runners.model.FrameworkMethod$1.runReflectiveCall(FrameworkMethod.java:59)
	at org.junit.internal.runners.model.ReflectiveCallable.run(ReflectiveCallable.java:12)
	at org.junit.runners.model.FrameworkMethod.invokeExplosively(FrameworkMethod.java:56)
	at org.junit.internal.runners.statements.InvokeMethod.evaluate(InvokeMethod.java:17)
	at org.junit.internal.runners.statements.RunBefores.evaluate(RunBefores.java:26)
	at org.junit.runners.ParentRunner$3.evaluate(ParentRunner.java:306)
	at org.junit.runners.BlockJUnit4ClassRunner$1.evaluate(BlockJUnit4ClassRunner.java:100)
	at org.junit.runners.ParentRunner.runLeaf(ParentRunner.java:366)
	at org.junit.runners.BlockJUnit4ClassRunner.runChild(BlockJUnit4ClassRunner.java:103)
	at org.junit.runners.BlockJUnit4ClassRunner.runChild(BlockJUnit4ClassRunner.java:63)
	at org.junit.runners.ParentRunner$4.run(ParentRunner.java:331)
	at org.junit.runners.ParentRunner$1.schedule(ParentRunner.java:79)
	at org.junit.runners.ParentRunner.runChildren(ParentRunner.java:329)
	at org.junit.runners.ParentRunner.access$100(ParentRunner.java:66)
	at org.junit.runners.ParentRunner$2.evaluate(ParentRunner.java:293)
	at org.junit.runners.ParentRunner.run(ParentRunner.java:413)
	at org.junit.runners.Suite.runChild(Suite.java:128)
	at org.junit.runners.Suite.runChild(Suite.java:27)
	at org.junit.runners.ParentRunner$4.run(ParentRunner.java:331)
	at org.junit.runners.ParentRunner$1.schedule(ParentRunner.java:79)
	at org.junit.runners.ParentRunner.runChildren(ParentRunner.java:329)
	at org.junit.runners.ParentRunner.access$100(ParentRunner.java:66)
	at org.junit.runners.ParentRunner$2.evaluate(ParentRunner.java:293)
	at org.junit.runners.ParentRunner$3.evaluate(ParentRunner.java:306)
	at org.junit.runners.ParentRunner.run(ParentRunner.java:413)
	at org.apache.maven.surefire.junit4.JUnit4Provider.execute(JUnit4Provider.java:316)
	at org.apache.maven.surefire.junit4.JUnit4Provider.executeWithRerun(JUnit4Provider.java:240)
	at org.apache.maven.surefire.junit4.JUnit4Provider.executeTestSet(JUnit4Provider.java:214)
	at org.apache.maven.surefire.junit4.JUnit4Provider.invoke(JUnit4Provider.java:155)
	at org.apache.maven.surefire.booter.ForkedBooter.runSuitesInProcess(ForkedBooter.java:385)
	at org.apache.maven.surefire.booter.ForkedBooter.execute(ForkedBooter.java:162)
	at org.apache.maven.surefire.booter.ForkedBooter.run(ForkedBooter.java:507)
	at org.apache.maven.surefire.booter.ForkedBooter.main(ForkedBooter.java:495)
</pre></div></div></td>
<td align="left"></td></tr>
<tr class="a">
<td align="left"><a href="#com.revature.planetarium.repository.user.CreateUserRepoPositiveTest.createUserPositiveTest6"><img src="images/icon_error_sml.gif" alt="" /></a></td>
<td align="left"><a id="TC_com.revature.planetarium.repository.user.CreateUserRepoPositiveTest.createUserPositiveTest6"></a><a href="#com.revature.planetarium.repository.user.CreateUserRepoPositiveTest.createUserPositiveTest6">createUserPositiveTest[6]</a>
<div class="detailToggle" style="display:inline"><a href="javascript:toggleDisplay('com.revature.planetarium.repository.user.CreateUserRepoPositiveTest.createUserPositiveTest6');"><span style="display:inline;" id="com.revature.planetarium.repository.user.CreateUserRepoPositiveTest.createUserPositiveTest6-off"> + </span><span style="display:none;" id="com.revature.planetarium.repository.user.CreateUserRepoPositiveTest.createUserPositiveTest6-on"> - </span>[ Detail ]</a></div></td>
<td align="left">0.016</td></tr>
<tr class="b">
<td align="left"></td>
<td align="left">[SQLITE_CONSTRAINT_CHECK] A CHECK constraint failed (CHECK constraint failed: password_character_check)</td>
<td align="left"></td></tr>
<tr class="a">
<td align="left"></td>
<td align="left">
<div id="com.revature.planetarium.repository.user.CreateUserRepoPositiveTest.createUserPositiveTest6-error" style="display:none;">
<div>
<pre>org.sqlite.SQLiteException: [SQLITE_CONSTRAINT_CHECK] A CHECK constraint failed (CHECK constraint failed: password_character_check)
	at org.sqlite.core.DB.newSQLException(DB.java:1179)
	at org.sqlite.core.DB.newSQLException(DB.java:1190)
	at org.sqlite.core.DB.execute(DB.java:985)
	at org.sqlite.core.DB.executeUpdate(DB.java:1054)
	at org.sqlite.jdbc3.JDBC3PreparedStatement.lambda$executeLargeUpdate$2(JDBC3PreparedStatement.java:129)
	at org.sqlite.jdbc3.JDBC3Statement.withConnectionTimeout(JDBC3Statement.java:454)
	at org.sqlite.jdbc3.JDBC3PreparedStatement.executeLargeUpdate(JDBC3PreparedStatement.java:124)
	at org.sqlite.jdbc3.JDBC3PreparedStatement.executeUpdate(JDBC3PreparedStatement.java:105)
	at com.revature.planetarium.repository.user.UserDaoImp.createUser(UserDaoImp.java:21)
	at com.revature.planetarium.repository.user.CreateUserRepoPositiveTest.createUserPositiveTest(CreateUserRepoPositiveTest.java:52)
	at java.base/jdk.internal.reflect.NativeMethodAccessorImpl.invoke0(Native Method)
	at java.base/jdk.internal.reflect.NativeMethodAccessorImpl.invoke(NativeMethodAccessorImpl.java:62)
	at java.base/jdk.internal.reflect.DelegatingMethodAccessorImpl.invoke(DelegatingMethodAccessorImpl.java:43)
	at java.base/java.lang.reflect.Method.invoke(Method.java:566)
	at org.junit.runners.model.FrameworkMethod$1.runReflectiveCall(FrameworkMethod.java:59)
	at org.junit.internal.runners.model.ReflectiveCallable.run(ReflectiveCallable.java:12)
	at org.junit.runners.model.FrameworkMethod.invokeExplosively(FrameworkMethod.java:56)
	at org.junit.internal.runners.statements.InvokeMethod.evaluate(InvokeMethod.java:17)
	at org.junit.internal.runners.statements.RunBefores.evaluate(RunBefores.java:26)
	at org.junit.runners.ParentRunner$3.evaluate(ParentRunner.java:306)
	at org.junit.runners.BlockJUnit4ClassRunner$1.evaluate(BlockJUnit4ClassRunner.java:100)
	at org.junit.runners.ParentRunner.runLeaf(ParentRunner.java:366)
	at org.junit.runners.BlockJUnit4ClassRunner.runChild(BlockJUnit4ClassRunner.java:103)
	at org.junit.runners.BlockJUnit4ClassRunner.runChild(BlockJUnit4ClassRunner.java:63)
	at org.junit.runners.ParentRunner$4.run(ParentRunner.java:331)
	at org.junit.runners.ParentRunner$1.schedule(ParentRunner.java:79)
	at org.junit.runners.ParentRunner.runChildren(ParentRunner.java:329)
	at org.junit.runners.ParentRunner.access$100(ParentRunner.java:66)
	at org.junit.runners.ParentRunner$2.evaluate(ParentRunner.java:293)
	at org.junit.runners.ParentRunner.run(ParentRunner.java:413)
	at org.junit.runners.Suite.runChild(Suite.java:128)
	at org.junit.runners.Suite.runChild(Suite.java:27)
	at org.junit.runners.ParentRunner$4.run(ParentRunner.java:331)
	at org.junit.runners.ParentRunner$1.schedule(ParentRunner.java:79)
	at org.junit.runners.ParentRunner.runChildren(ParentRunner.java:329)
	at org.junit.runners.ParentRunner.access$100(ParentRunner.java:66)
	at org.junit.runners.ParentRunner$2.evaluate(ParentRunner.java:293)
	at org.junit.runners.ParentRunner$3.evaluate(ParentRunner.java:306)
	at org.junit.runners.ParentRunner.run(ParentRunner.java:413)
	at org.apache.maven.surefire.junit4.JUnit4Provider.execute(JUnit4Provider.java:316)
	at org.apache.maven.surefire.junit4.JUnit4Provider.executeWithRerun(JUnit4Provider.java:240)
	at org.apache.maven.surefire.junit4.JUnit4Provider.executeTestSet(JUnit4Provider.java:214)
	at org.apache.maven.surefire.junit4.JUnit4Provider.invoke(JUnit4Provider.java:155)
	at org.apache.maven.surefire.booter.ForkedBooter.runSuitesInProcess(ForkedBooter.java:385)
	at org.apache.maven.surefire.booter.ForkedBooter.execute(ForkedBooter.java:162)
	at org.apache.maven.surefire.booter.ForkedBooter.run(ForkedBooter.java:507)
	at org.apache.maven.surefire.booter.ForkedBooter.main(ForkedBooter.java:495)
</pre></div></div></td>
<td align="left"></td></tr>
<tr class="b">
<td align="left"><img src="images/icon_success_sml.gif" alt="" /></td>
<td align="left"><a id="TC_com.revature.planetarium.repository.user.CreateUserRepoPositiveTest.createUserPositiveTest7"></a>createUserPositiveTest[7]</td>
<td align="left">0.02</td></tr></table></section><section><a id="com.revature.planetarium.repository.user.RetrievalUserRepoNegativeTest"></a>
<h3><a name="RetrievalUserRepoNegativeTest"></a>RetrievalUserRepoNegativeTest</h3>
<table border="0" class="bodyTable">
<tr class="a">
<td align="left"><img src="images/icon_success_sml.gif" alt="" /></td>
<td align="left"><a id="TC_com.revature.planetarium.repository.user.RetrievalUserRepoNegativeTest.retrievalUserNegativeTest0"></a>retrievalUserNegativeTest[0]</td>
<td align="left">0.006</td></tr>
<tr class="b">
<td align="left"><img src="images/icon_success_sml.gif" alt="" /></td>
<td align="left"><a id="TC_com.revature.planetarium.repository.user.RetrievalUserRepoNegativeTest.retrievalUserNegativeTest1"></a>retrievalUserNegativeTest[1]</td>
<td align="left">0.015</td></tr></table></section><section><a id="com.revature.planetarium.repository.user.RetrievalUserRepoPositiveTest"></a>
<h3><a name="RetrievalUserRepoPositiveTest"></a>RetrievalUserRepoPositiveTest</h3>
<table border="0" class="bodyTable">
<tr class="a">
<td align="left"><img src="images/icon_success_sml.gif" alt="" /></td>
<td align="left"><a id="TC_com.revature.planetarium.repository.user.RetrievalUserRepoPositiveTest.retrievalUserPositiveTest0"></a>retrievalUserPositiveTest[0]</td>
<td align="left">0.015</td></tr>
<tr class="b">
<td align="left"><img src="images/icon_success_sml.gif" alt="" /></td>
<td align="left"><a id="TC_com.revature.planetarium.repository.user.RetrievalUserRepoPositiveTest.retrievalUserPositiveTest1"></a>retrievalUserPositiveTest[1]</td>
<td align="left">0.016</td></tr></table></section><section><a id="com.revature.planetarium.service.moon.RetrievalMoonServiceNegativeTest"></a>
<h3><a name="RetrievalMoonServiceNegativeTest"></a>RetrievalMoonServiceNegativeTest</h3>
<table border="0" class="bodyTable">
<tr class="a">
<td align="left"><img src="images/icon_success_sml.gif" alt="" /></td>
<td align="left"><a id="TC_com.revature.planetarium.service.moon.RetrievalMoonServiceNegativeTest.retrievalMoonServiceNegativeTest"></a>retrievalMoonServiceNegativeTest</td>
<td align="left">0.682</td></tr></table></section><section><a id="com.revature.planetarium.service.moon.RetrievalMoonServicePositiveTest"></a>
<h3><a name="RetrievalMoonServicePositiveTest"></a>RetrievalMoonServicePositiveTest</h3>
<table border="0" class="bodyTable">
<tr class="a">
<td align="left"><img src="images/icon_success_sml.gif" alt="" /></td>
<td align="left"><a id="TC_com.revature.planetarium.service.moon.RetrievalMoonServicePositiveTest.retrievalMoonServicePositiveTest"></a>retrievalMoonServicePositiveTest</td>
<td align="left">0</td></tr></table></section><section><a id="com.revature.planetarium.service.user.CreateUserServiceNegativeTest"></a>
<h3><a name="CreateUserServiceNegativeTest"></a>CreateUserServiceNegativeTest</h3>
<table border="0" class="bodyTable">
<tr class="a">
<td align="left"><img src="images/icon_success_sml.gif" alt="" /></td>
<td align="left"><a id="TC_com.revature.planetarium.service.user.CreateUserServiceNegativeTest.createUserServiceNegativeTest0"></a>createUserServiceNegativeTest[0]</td>
<td align="left">0.043</td></tr>
<tr class="b">
<td align="left"><img src="images/icon_success_sml.gif" alt="" /></td>
<td align="left"><a id="TC_com.revature.planetarium.service.user.CreateUserServiceNegativeTest.createUserServiceNegativeTest1"></a>createUserServiceNegativeTest[1]</td>
<td align="left">0.002</td></tr>
<tr class="a">
<td align="left"><img src="images/icon_success_sml.gif" alt="" /></td>
<td align="left"><a id="TC_com.revature.planetarium.service.user.CreateUserServiceNegativeTest.createUserServiceNegativeTest2"></a>createUserServiceNegativeTest[2]</td>
<td align="left">0.001</td></tr>
<tr class="b">
<td align="left"><img src="images/icon_success_sml.gif" alt="" /></td>
<td align="left"><a id="TC_com.revature.planetarium.service.user.CreateUserServiceNegativeTest.createUserServiceNegativeTest3"></a>createUserServiceNegativeTest[3]</td>
<td align="left">0.001</td></tr>
<tr class="a">
<td align="left"><img src="images/icon_success_sml.gif" alt="" /></td>
<td align="left"><a id="TC_com.revature.planetarium.service.user.CreateUserServiceNegativeTest.createUserServiceNegativeTest4"></a>createUserServiceNegativeTest[4]</td>
<td align="left">0.001</td></tr>
<tr class="b">
<td align="left"><img src="images/icon_success_sml.gif" alt="" /></td>
<td align="left"><a id="TC_com.revature.planetarium.service.user.CreateUserServiceNegativeTest.createUserServiceNegativeTest5"></a>createUserServiceNegativeTest[5]</td>
<td align="left">0.002</td></tr>
<tr class="a">
<td align="left"><img src="images/icon_success_sml.gif" alt="" /></td>
<td align="left"><a id="TC_com.revature.planetarium.service.user.CreateUserServiceNegativeTest.createUserServiceNegativeTest6"></a>createUserServiceNegativeTest[6]</td>
<td align="left">0</td></tr>
<tr class="b">
<td align="left"><img src="images/icon_success_sml.gif" alt="" /></td>
<td align="left"><a id="TC_com.revature.planetarium.service.user.CreateUserServiceNegativeTest.createUserServiceNegativeTest7"></a>createUserServiceNegativeTest[7]</td>
<td align="left">0.001</td></tr>
<tr class="a">
<td align="left"><img src="images/icon_success_sml.gif" alt="" /></td>
<td align="left"><a id="TC_com.revature.planetarium.service.user.CreateUserServiceNegativeTest.createUserServiceNegativeTest8"></a>createUserServiceNegativeTest[8]</td>
<td align="left">0.001</td></tr>
<tr class="b">
<td align="left"><img src="images/icon_success_sml.gif" alt="" /></td>
<td align="left"><a id="TC_com.revature.planetarium.service.user.CreateUserServiceNegativeTest.createUserServiceNegativeTest9"></a>createUserServiceNegativeTest[9]</td>
<td align="left">0.001</td></tr>
<tr class="a">
<td align="left"><a href="#com.revature.planetarium.service.user.CreateUserServiceNegativeTest.createUserServiceNegativeTest10"><img src="images/icon_error_sml.gif" alt="" /></a></td>
<td align="left"><a id="TC_com.revature.planetarium.service.user.CreateUserServiceNegativeTest.createUserServiceNegativeTest10"></a><a href="#com.revature.planetarium.service.user.CreateUserServiceNegativeTest.createUserServiceNegativeTest10">createUserServiceNegativeTest[10]</a>
<div class="detailToggle" style="display:inline"><a href="javascript:toggleDisplay('com.revature.planetarium.service.user.CreateUserServiceNegativeTest.createUserServiceNegativeTest10');"><span style="display:inline;" id="com.revature.planetarium.service.user.CreateUserServiceNegativeTest.createUserServiceNegativeTest10-off"> + </span><span style="display:none;" id="com.revature.planetarium.service.user.CreateUserServiceNegativeTest.createUserServiceNegativeTest10-on"> - </span>[ Detail ]</a></div></td>
<td align="left">0.002</td></tr>
<tr class="b">
<td align="left"></td>
<td align="left">unexpected exception type thrown; expected:&lt;com.revature.planetarium.exceptions.UserFail&gt; but was:&lt;java.lang.AssertionError&gt;</td>
<td align="left"></td></tr>
<tr class="a">
<td align="left"></td>
<td align="left">
<div id="com.revature.planetarium.service.user.CreateUserServiceNegativeTest.createUserServiceNegativeTest10-failure" style="display:none;">
<div>
<pre>java.lang.AssertionError: unexpected exception type thrown; expected:&lt;com.revature.planetarium.exceptions.UserFail&gt; but was:&lt;java.lang.AssertionError&gt;
	at org.junit.Assert.assertThrows(Assert.java:1020)
	at org.junit.Assert.assertThrows(Assert.java:981)
	at com.revature.planetarium.service.user.CreateUserServiceNegativeTest.createUserServiceNegativeTest(CreateUserServiceNegativeTest.java:70)
	at java.base/jdk.internal.reflect.NativeMethodAccessorImpl.invoke0(Native Method)
	at java.base/jdk.internal.reflect.NativeMethodAccessorImpl.invoke(NativeMethodAccessorImpl.java:62)
	at java.base/jdk.internal.reflect.DelegatingMethodAccessorImpl.invoke(DelegatingMethodAccessorImpl.java:43)
	at java.base/java.lang.reflect.Method.invoke(Method.java:566)
	at org.junit.runners.model.FrameworkMethod$1.runReflectiveCall(FrameworkMethod.java:59)
	at org.junit.internal.runners.model.ReflectiveCallable.run(ReflectiveCallable.java:12)
	at org.junit.runners.model.FrameworkMethod.invokeExplosively(FrameworkMethod.java:56)
	at org.junit.internal.runners.statements.InvokeMethod.evaluate(InvokeMethod.java:17)
	at org.junit.internal.runners.statements.RunBefores.evaluate(RunBefores.java:26)
	at org.junit.runners.ParentRunner$3.evaluate(ParentRunner.java:306)
	at org.junit.runners.BlockJUnit4ClassRunner$1.evaluate(BlockJUnit4ClassRunner.java:100)
	at org.junit.runners.ParentRunner.runLeaf(ParentRunner.java:366)
	at org.junit.runners.BlockJUnit4ClassRunner.runChild(BlockJUnit4ClassRunner.java:103)
	at org.junit.runners.BlockJUnit4ClassRunner.runChild(BlockJUnit4ClassRunner.java:63)
	at org.junit.runners.ParentRunner$4.run(ParentRunner.java:331)
	at org.junit.runners.ParentRunner$1.schedule(ParentRunner.java:79)
	at org.junit.runners.ParentRunner.runChildren(ParentRunner.java:329)
	at org.junit.runners.ParentRunner.access$100(ParentRunner.java:66)
	at org.junit.runners.ParentRunner$2.evaluate(ParentRunner.java:293)
	at org.junit.runners.ParentRunner.run(ParentRunner.java:413)
	at org.junit.runners.Suite.runChild(Suite.java:128)
	at org.junit.runners.Suite.runChild(Suite.java:27)
	at org.junit.runners.ParentRunner$4.run(ParentRunner.java:331)
	at org.junit.runners.ParentRunner$1.schedule(ParentRunner.java:79)
	at org.junit.runners.ParentRunner.runChildren(ParentRunner.java:329)
	at org.junit.runners.ParentRunner.access$100(ParentRunner.java:66)
	at org.junit.runners.ParentRunner$2.evaluate(ParentRunner.java:293)
	at org.junit.runners.ParentRunner$3.evaluate(ParentRunner.java:306)
	at org.junit.runners.ParentRunner.run(ParentRunner.java:413)
	at org.apache.maven.surefire.junit4.JUnit4Provider.execute(JUnit4Provider.java:316)
	at org.apache.maven.surefire.junit4.JUnit4Provider.executeWithRerun(JUnit4Provider.java:240)
	at org.apache.maven.surefire.junit4.JUnit4Provider.executeTestSet(JUnit4Provider.java:214)
	at org.apache.maven.surefire.junit4.JUnit4Provider.invoke(JUnit4Provider.java:155)
	at org.apache.maven.surefire.booter.ForkedBooter.runSuitesInProcess(ForkedBooter.java:385)
	at org.apache.maven.surefire.booter.ForkedBooter.execute(ForkedBooter.java:162)
	at org.apache.maven.surefire.booter.ForkedBooter.run(ForkedBooter.java:507)
	at org.apache.maven.surefire.booter.ForkedBooter.main(ForkedBooter.java:495)
Caused by: java.lang.AssertionError: createUser should not have been reached
	at com.revature.planetarium.repository.user.UserDaoImp.createUser(UserDaoImp.java:17)
	at com.revature.planetarium.service.user.UserServiceImp.createUser(UserServiceImp.java:42)
	at com.revature.planetarium.service.user.CreateUserServiceNegativeTest.lambda$createUserServiceNegativeTest$0(CreateUserServiceNegativeTest.java:70)
	at org.junit.Assert.assertThrows(Assert.java:1001)
	... 39 more
</pre></div></div></td>
<td align="left"></td></tr>
<tr class="b">
<td align="left"><img src="images/icon_success_sml.gif" alt="" /></td>
<td align="left"><a id="TC_com.revature.planetarium.service.user.CreateUserServiceNegativeTest.createUserServiceNegativeTest11"></a>createUserServiceNegativeTest[11]</td>
<td align="left">0.001</td></tr>
<tr class="a">
<td align="left"><img src="images/icon_success_sml.gif" alt="" /></td>
<td align="left"><a id="TC_com.revature.planetarium.service.user.CreateUserServiceNegativeTest.createUserServiceNegativeTest12"></a>createUserServiceNegativeTest[12]</td>
<td align="left">0.001</td></tr>
<tr class="b">
<td align="left"><img src="images/icon_success_sml.gif" alt="" /></td>
<td align="left"><a id="TC_com.revature.planetarium.service.user.CreateUserServiceNegativeTest.createUserServiceNegativeTest13"></a>createUserServiceNegativeTest[13]</td>
<td align="left">0.001</td></tr>
<tr class="a">
<td align="left"><img src="images/icon_success_sml.gif" alt="" /></td>
<td align="left"><a id="TC_com.revature.planetarium.service.user.CreateUserServiceNegativeTest.createUserServiceNegativeTest14"></a>createUserServiceNegativeTest[14]</td>
<td align="left">0</td></tr></table></section><section><a id="com.revature.planetarium.service.user.CreateUserServicePositiveTest"></a>
<h3><a name="CreateUserServicePositiveTest"></a>CreateUserServicePositiveTest</h3>
<table border="0" class="bodyTable">
<tr class="a">
<td align="left"><img src="images/icon_success_sml.gif" alt="" /></td>
<td align="left"><a id="TC_com.revature.planetarium.service.user.CreateUserServicePositiveTest.createUserServicePositiveTest0"></a>createUserServicePositiveTest[0]</td>
<td align="left">0</td></tr>
<tr class="b">
<td align="left"><img src="images/icon_success_sml.gif" alt="" /></td>
<td align="left"><a id="TC_com.revature.planetarium.service.user.CreateUserServicePositiveTest.createUserServicePositiveTest1"></a>createUserServicePositiveTest[1]</td>
<td align="left">0</td></tr>
<tr class="a">
<td align="left"><img src="images/icon_success_sml.gif" alt="" /></td>
<td align="left"><a id="TC_com.revature.planetarium.service.user.CreateUserServicePositiveTest.createUserServicePositiveTest2"></a>createUserServicePositiveTest[2]</td>
<td align="left">0</td></tr>
<tr class="b">
<td align="left"><img src="images/icon_success_sml.gif" alt="" /></td>
<td align="left"><a id="TC_com.revature.planetarium.service.user.CreateUserServicePositiveTest.createUserServicePositiveTest3"></a>createUserServicePositiveTest[3]</td>
<td align="left">0.001</td></tr>
<tr class="a">
<td align="left"><a href="#com.revature.planetarium.service.user.CreateUserServicePositiveTest.createUserServicePositiveTest4"><img src="images/icon_error_sml.gif" alt="" /></a></td>
<td align="left"><a id="TC_com.revature.planetarium.service.user.CreateUserServicePositiveTest.createUserServicePositiveTest4"></a><a href="#com.revature.planetarium.service.user.CreateUserServicePositiveTest.createUserServicePositiveTest4">createUserServicePositiveTest[4]</a>
<div class="detailToggle" style="display:inline"><a href="javascript:toggleDisplay('com.revature.planetarium.service.user.CreateUserServicePositiveTest.createUserServicePositiveTest4');"><span style="display:inline;" id="com.revature.planetarium.service.user.CreateUserServicePositiveTest.createUserServicePositiveTest4-off"> + </span><span style="display:none;" id="com.revature.planetarium.service.user.CreateUserServicePositiveTest.createUserServicePositiveTest4-on"> - </span>[ Detail ]</a></div></td>
<td align="left">0.001</td></tr>
<tr class="b">
<td align="left"></td>
<td align="left">Invalid password</td>
<td align="left"></td></tr>
<tr class="a">
<td align="left"></td>
<td align="left">
<div id="com.revature.planetarium.service.user.CreateUserServicePositiveTest.createUserServicePositiveTest4-error" style="display:none;">
<div>
<pre>com.revature.planetarium.exceptions.UserFail: Invalid password
	at com.revature.planetarium.service.user.UserServiceImp.createUser(UserServiceImp.java:40)
	at com.revature.planetarium.service.user.CreateUserServicePositiveTest.createUserServicePositiveTest(CreateUserServicePositiveTest.java:58)
	at java.base/jdk.internal.reflect.NativeMethodAccessorImpl.invoke0(Native Method)
	at java.base/jdk.internal.reflect.NativeMethodAccessorImpl.invoke(NativeMethodAccessorImpl.java:62)
	at java.base/jdk.internal.reflect.DelegatingMethodAccessorImpl.invoke(DelegatingMethodAccessorImpl.java:43)
	at java.base/java.lang.reflect.Method.invoke(Method.java:566)
	at org.junit.runners.model.FrameworkMethod$1.runReflectiveCall(FrameworkMethod.java:59)
	at org.junit.internal.runners.model.ReflectiveCallable.run(ReflectiveCallable.java:12)
	at org.junit.runners.model.FrameworkMethod.invokeExplosively(FrameworkMethod.java:56)
	at org.junit.internal.runners.statements.InvokeMethod.evaluate(InvokeMethod.java:17)
	at org.junit.internal.runners.statements.RunBefores.evaluate(RunBefores.java:26)
	at org.junit.runners.ParentRunner$3.evaluate(ParentRunner.java:306)
	at org.junit.runners.BlockJUnit4ClassRunner$1.evaluate(BlockJUnit4ClassRunner.java:100)
	at org.junit.runners.ParentRunner.runLeaf(ParentRunner.java:366)
	at org.junit.runners.BlockJUnit4ClassRunner.runChild(BlockJUnit4ClassRunner.java:103)
	at org.junit.runners.BlockJUnit4ClassRunner.runChild(BlockJUnit4ClassRunner.java:63)
	at org.junit.runners.ParentRunner$4.run(ParentRunner.java:331)
	at org.junit.runners.ParentRunner$1.schedule(ParentRunner.java:79)
	at org.junit.runners.ParentRunner.runChildren(ParentRunner.java:329)
	at org.junit.runners.ParentRunner.access$100(ParentRunner.java:66)
	at org.junit.runners.ParentRunner$2.evaluate(ParentRunner.java:293)
	at org.junit.runners.ParentRunner.run(ParentRunner.java:413)
	at org.junit.runners.Suite.runChild(Suite.java:128)
	at org.junit.runners.Suite.runChild(Suite.java:27)
	at org.junit.runners.ParentRunner$4.run(ParentRunner.java:331)
	at org.junit.runners.ParentRunner$1.schedule(ParentRunner.java:79)
	at org.junit.runners.ParentRunner.runChildren(ParentRunner.java:329)
	at org.junit.runners.ParentRunner.access$100(ParentRunner.java:66)
	at org.junit.runners.ParentRunner$2.evaluate(ParentRunner.java:293)
	at org.junit.runners.ParentRunner$3.evaluate(ParentRunner.java:306)
	at org.junit.runners.ParentRunner.run(ParentRunner.java:413)
	at org.apache.maven.surefire.junit4.JUnit4Provider.execute(JUnit4Provider.java:316)
	at org.apache.maven.surefire.junit4.JUnit4Provider.executeWithRerun(JUnit4Provider.java:240)
	at org.apache.maven.surefire.junit4.JUnit4Provider.executeTestSet(JUnit4Provider.java:214)
	at org.apache.maven.surefire.junit4.JUnit4Provider.invoke(JUnit4Provider.java:155)
	at org.apache.maven.surefire.booter.ForkedBooter.runSuitesInProcess(ForkedBooter.java:385)
	at org.apache.maven.surefire.booter.ForkedBooter.execute(ForkedBooter.java:162)
	at org.apache.maven.surefire.booter.ForkedBooter.run(ForkedBooter.java:507)
	at org.apache.maven.surefire.booter.ForkedBooter.main(ForkedBooter.java:495)
</pre></div></div></td>
<td align="left"></td></tr>
<tr class="b">
<td align="left"><a href="#com.revature.planetarium.service.user.CreateUserServicePositiveTest.createUserServicePositiveTest5"><img src="images/icon_error_sml.gif" alt="" /></a></td>
<td align="left"><a id="TC_com.revature.planetarium.service.user.CreateUserServicePositiveTest.createUserServicePositiveTest5"></a><a href="#com.revature.planetarium.service.user.CreateUserServicePositiveTest.createUserServicePositiveTest5">createUserServicePositiveTest[5]</a>
<div class="detailToggle" style="display:inline"><a href="javascript:toggleDisplay('com.revature.planetarium.service.user.CreateUserServicePositiveTest.createUserServicePositiveTest5');"><span style="display:inline;" id="com.revature.planetarium.service.user.CreateUserServicePositiveTest.createUserServicePositiveTest5-off"> + </span><span style="display:none;" id="com.revature.planetarium.service.user.CreateUserServicePositiveTest.createUserServicePositiveTest5-on"> - </span>[ Detail ]</a></div></td>
<td align="left">0.001</td></tr>
<tr class="a">
<td align="left"></td>
<td align="left">Invalid password</td>
<td align="left"></td></tr>
<tr class="b">
<td align="left"></td>
<td align="left">
<div id="com.revature.planetarium.service.user.CreateUserServicePositiveTest.createUserServicePositiveTest5-error" style="display:none;">
<div>
<pre>com.revature.planetarium.exceptions.UserFail: Invalid password
	at com.revature.planetarium.service.user.UserServiceImp.createUser(UserServiceImp.java:40)
	at com.revature.planetarium.service.user.CreateUserServicePositiveTest.createUserServicePositiveTest(CreateUserServicePositiveTest.java:58)
	at java.base/jdk.internal.reflect.NativeMethodAccessorImpl.invoke0(Native Method)
	at java.base/jdk.internal.reflect.NativeMethodAccessorImpl.invoke(NativeMethodAccessorImpl.java:62)
	at java.base/jdk.internal.reflect.DelegatingMethodAccessorImpl.invoke(DelegatingMethodAccessorImpl.java:43)
	at java.base/java.lang.reflect.Method.invoke(Method.java:566)
	at org.junit.runners.model.FrameworkMethod$1.runReflectiveCall(FrameworkMethod.java:59)
	at org.junit.internal.runners.model.ReflectiveCallable.run(ReflectiveCallable.java:12)
	at org.junit.runners.model.FrameworkMethod.invokeExplosively(FrameworkMethod.java:56)
	at org.junit.internal.runners.statements.InvokeMethod.evaluate(InvokeMethod.java:17)
	at org.junit.internal.runners.statements.RunBefores.evaluate(RunBefores.java:26)
	at org.junit.runners.ParentRunner$3.evaluate(ParentRunner.java:306)
	at org.junit.runners.BlockJUnit4ClassRunner$1.evaluate(BlockJUnit4ClassRunner.java:100)
	at org.junit.runners.ParentRunner.runLeaf(ParentRunner.java:366)
	at org.junit.runners.BlockJUnit4ClassRunner.runChild(BlockJUnit4ClassRunner.java:103)
	at org.junit.runners.BlockJUnit4ClassRunner.runChild(BlockJUnit4ClassRunner.java:63)
	at org.junit.runners.ParentRunner$4.run(ParentRunner.java:331)
	at org.junit.runners.ParentRunner$1.schedule(ParentRunner.java:79)
	at org.junit.runners.ParentRunner.runChildren(ParentRunner.java:329)
	at org.junit.runners.ParentRunner.access$100(ParentRunner.java:66)
	at org.junit.runners.ParentRunner$2.evaluate(ParentRunner.java:293)
	at org.junit.runners.ParentRunner.run(ParentRunner.java:413)
	at org.junit.runners.Suite.runChild(Suite.java:128)
	at org.junit.runners.Suite.runChild(Suite.java:27)
	at org.junit.runners.ParentRunner$4.run(ParentRunner.java:331)
	at org.junit.runners.ParentRunner$1.schedule(ParentRunner.java:79)
	at org.junit.runners.ParentRunner.runChildren(ParentRunner.java:329)
	at org.junit.runners.ParentRunner.access$100(ParentRunner.java:66)
	at org.junit.runners.ParentRunner$2.evaluate(ParentRunner.java:293)
	at org.junit.runners.ParentRunner$3.evaluate(ParentRunner.java:306)
	at org.junit.runners.ParentRunner.run(ParentRunner.java:413)
	at org.apache.maven.surefire.junit4.JUnit4Provider.execute(JUnit4Provider.java:316)
	at org.apache.maven.surefire.junit4.JUnit4Provider.executeWithRerun(JUnit4Provider.java:240)
	at org.apache.maven.surefire.junit4.JUnit4Provider.executeTestSet(JUnit4Provider.java:214)
	at org.apache.maven.surefire.junit4.JUnit4Provider.invoke(JUnit4Provider.java:155)
	at org.apache.maven.surefire.booter.ForkedBooter.runSuitesInProcess(ForkedBooter.java:385)
	at org.apache.maven.surefire.booter.ForkedBooter.execute(ForkedBooter.java:162)
	at org.apache.maven.surefire.booter.ForkedBooter.run(ForkedBooter.java:507)
	at org.apache.maven.surefire.booter.ForkedBooter.main(ForkedBooter.java:495)
</pre></div></div></td>
<td align="left"></td></tr>
<tr class="a">
<td align="left"><a href="#com.revature.planetarium.service.user.CreateUserServicePositiveTest.createUserServicePositiveTest6"><img src="images/icon_error_sml.gif" alt="" /></a></td>
<td align="left"><a id="TC_com.revature.planetarium.service.user.CreateUserServicePositiveTest.createUserServicePositiveTest6"></a><a href="#com.revature.planetarium.service.user.CreateUserServicePositiveTest.createUserServicePositiveTest6">createUserServicePositiveTest[6]</a>
<div class="detailToggle" style="display:inline"><a href="javascript:toggleDisplay('com.revature.planetarium.service.user.CreateUserServicePositiveTest.createUserServicePositiveTest6');"><span style="display:inline;" id="com.revature.planetarium.service.user.CreateUserServicePositiveTest.createUserServicePositiveTest6-off"> + </span><span style="display:none;" id="com.revature.planetarium.service.user.CreateUserServicePositiveTest.createUserServicePositiveTest6-on"> - </span>[ Detail ]</a></div></td>
<td align="left">0.002</td></tr>
<tr class="b">
<td align="left"></td>
<td align="left">Invalid password</td>
<td align="left"></td></tr>
<tr class="a">
<td align="left"></td>
<td align="left">
<div id="com.revature.planetarium.service.user.CreateUserServicePositiveTest.createUserServicePositiveTest6-error" style="display:none;">
<div>
<pre>com.revature.planetarium.exceptions.UserFail: Invalid password
	at com.revature.planetarium.service.user.UserServiceImp.createUser(UserServiceImp.java:40)
	at com.revature.planetarium.service.user.CreateUserServicePositiveTest.createUserServicePositiveTest(CreateUserServicePositiveTest.java:58)
	at java.base/jdk.internal.reflect.NativeMethodAccessorImpl.invoke0(Native Method)
	at java.base/jdk.internal.reflect.NativeMethodAccessorImpl.invoke(NativeMethodAccessorImpl.java:62)
	at java.base/jdk.internal.reflect.DelegatingMethodAccessorImpl.invoke(DelegatingMethodAccessorImpl.java:43)
	at java.base/java.lang.reflect.Method.invoke(Method.java:566)
	at org.junit.runners.model.FrameworkMethod$1.runReflectiveCall(FrameworkMethod.java:59)
	at org.junit.internal.runners.model.ReflectiveCallable.run(ReflectiveCallable.java:12)
	at org.junit.runners.model.FrameworkMethod.invokeExplosively(FrameworkMethod.java:56)
	at org.junit.internal.runners.statements.InvokeMethod.evaluate(InvokeMethod.java:17)
	at org.junit.internal.runners.statements.RunBefores.evaluate(RunBefores.java:26)
	at org.junit.runners.ParentRunner$3.evaluate(ParentRunner.java:306)
	at org.junit.runners.BlockJUnit4ClassRunner$1.evaluate(BlockJUnit4ClassRunner.java:100)
	at org.junit.runners.ParentRunner.runLeaf(ParentRunner.java:366)
	at org.junit.runners.BlockJUnit4ClassRunner.runChild(BlockJUnit4ClassRunner.java:103)
	at org.junit.runners.BlockJUnit4ClassRunner.runChild(BlockJUnit4ClassRunner.java:63)
	at org.junit.runners.ParentRunner$4.run(ParentRunner.java:331)
	at org.junit.runners.ParentRunner$1.schedule(ParentRunner.java:79)
	at org.junit.runners.ParentRunner.runChildren(ParentRunner.java:329)
	at org.junit.runners.ParentRunner.access$100(ParentRunner.java:66)
	at org.junit.runners.ParentRunner$2.evaluate(ParentRunner.java:293)
	at org.junit.runners.ParentRunner.run(ParentRunner.java:413)
	at org.junit.runners.Suite.runChild(Suite.java:128)
	at org.junit.runners.Suite.runChild(Suite.java:27)
	at org.junit.runners.ParentRunner$4.run(ParentRunner.java:331)
	at org.junit.runners.ParentRunner$1.schedule(ParentRunner.java:79)
	at org.junit.runners.ParentRunner.runChildren(ParentRunner.java:329)
	at org.junit.runners.ParentRunner.access$100(ParentRunner.java:66)
	at org.junit.runners.ParentRunner$2.evaluate(ParentRunner.java:293)
	at org.junit.runners.ParentRunner$3.evaluate(ParentRunner.java:306)
	at org.junit.runners.ParentRunner.run(ParentRunner.java:413)
	at org.apache.maven.surefire.junit4.JUnit4Provider.execute(JUnit4Provider.java:316)
	at org.apache.maven.surefire.junit4.JUnit4Provider.executeWithRerun(JUnit4Provider.java:240)
	at org.apache.maven.surefire.junit4.JUnit4Provider.executeTestSet(JUnit4Provider.java:214)
	at org.apache.maven.surefire.junit4.JUnit4Provider.invoke(JUnit4Provider.java:155)
	at org.apache.maven.surefire.booter.ForkedBooter.runSuitesInProcess(ForkedBooter.java:385)
	at org.apache.maven.surefire.booter.ForkedBooter.execute(ForkedBooter.java:162)
	at org.apache.maven.surefire.booter.ForkedBooter.run(ForkedBooter.java:507)
	at org.apache.maven.surefire.booter.ForkedBooter.main(ForkedBooter.java:495)
</pre></div></div></td>
<td align="left"></td></tr>
<tr class="b">
<td align="left"><img src="images/icon_success_sml.gif" alt="" /></td>
<td align="left"><a id="TC_com.revature.planetarium.service.user.CreateUserServicePositiveTest.createUserServicePositiveTest7"></a>createUserServicePositiveTest[7]</td>
<td align="left">0.001</td></tr></table></section><br /></section><section><a id="Failure_Details"></a>
<h2><a name="Failure_Details"></a>Failure Details</h2>
<p>[<a href="#Summary">Summary</a>] [<a href="#Package_List">Package List</a>] [<a href="#Test_Cases">Test Cases</a>]</p><br />
<table border="0" class="bodyTable">
<tr class="a">
<td align="left"><img src="images/icon_error_sml.gif" alt="" /></td>
<td align="left"><a id="com.revature.planetarium.controller.user.RegisterAPITest.registerPositiveTest0"></a>registerPositiveTest[0]</td></tr>
<tr class="b">
<td align="left"></td>
<td align="left">groovy.json.JsonException: Lexing failed on line: 1, column: 1, while reading 'U', no possible valid JSON value or punctuation could be recognized.</td></tr>
<tr class="a">
<td align="left"></td>
<td align="left">
<div id="registerPositiveTest[0]-error">com.revature.planetarium.controller.user.RegisterAPITest:67</div></td></tr>
<tr class="b">
<td align="left"><img src="images/icon_error_sml.gif" alt="" /></td>
<td align="left"><a id="com.revature.planetarium.controller.user.RegisterAPITest.registerPositiveTest1"></a>registerPositiveTest[1]</td></tr>
<tr class="a">
<td align="left"></td>
<td align="left">groovy.json.JsonException: Lexing failed on line: 1, column: 1, while reading 'U', no possible valid JSON value or punctuation could be recognized.</td></tr>
<tr class="b">
<td align="left"></td>
<td align="left">
<div id="registerPositiveTest[1]-error">com.revature.planetarium.controller.user.RegisterAPITest:67</div></td></tr>
<tr class="a">
<td align="left"><img src="images/icon_error_sml.gif" alt="" /></td>
<td align="left"><a id="com.revature.planetarium.controller.user.RegisterAPITest.registerPositiveTest2"></a>registerPositiveTest[2]</td></tr>
<tr class="b">
<td align="left"></td>
<td align="left">groovy.json.JsonException: Lexing failed on line: 1, column: 1, while reading 'U', no possible valid JSON value or punctuation could be recognized.</td></tr>
<tr class="a">
<td align="left"></td>
<td align="left">
<div id="registerPositiveTest[2]-error">com.revature.planetarium.controller.user.RegisterAPITest:67</div></td></tr>
<tr class="b">
<td align="left"><img src="images/icon_error_sml.gif" alt="" /></td>
<td align="left"><a id="com.revature.planetarium.controller.user.RegisterAPITest.registerPositiveTest3"></a>registerPositiveTest[3]</td></tr>
<tr class="a">
<td align="left"></td>
<td align="left">groovy.json.JsonException: Lexing failed on line: 1, column: 1, while reading 'U', no possible valid JSON value or punctuation could be recognized.</td></tr>
<tr class="b">
<td align="left"></td>
<td align="left">
<div id="registerPositiveTest[3]-error">com.revature.planetarium.controller.user.RegisterAPITest:67</div></td></tr>
<tr class="a">
<td align="left"><img src="images/icon_error_sml.gif" alt="" /></td>
<td align="left"><a id="com.revature.planetarium.controller.user.RegisterAPITest.registerPositiveTest4"></a>registerPositiveTest[4]</td></tr>
<tr class="b">
<td align="left"></td>
<td align="left">java.lang.AssertionError: 1 expectation failed.
Expected header &quot;Content-Type&quot; was not &quot;application/json&quot;, was &quot;text/plain&quot;. Headers are:
Date=Tue, 06 May 2025 15:20:45 GMT
Content-Type=text/plain
Content-Length=16
</td></tr>
<tr class="a">
<td align="left"></td>
<td align="left">
<div id="registerPositiveTest[4]-failure">com.revature.planetarium.controller.user.RegisterAPITest:66</div></td></tr>
<tr class="b">
<td align="left"><img src="images/icon_error_sml.gif" alt="" /></td>
<td align="left"><a id="com.revature.planetarium.controller.user.RegisterAPITest.registerPositiveTest5"></a>registerPositiveTest[5]</td></tr>
<tr class="a">
<td align="left"></td>
<td align="left">java.lang.AssertionError: 1 expectation failed.
Expected header &quot;Content-Type&quot; was not &quot;application/json&quot;, was &quot;text/plain&quot;. Headers are:
Date=Tue, 06 May 2025 15:20:45 GMT
Content-Type=text/plain
Content-Length=16
</td></tr>
<tr class="b">
<td align="left"></td>
<td align="left">
<div id="registerPositiveTest[5]-failure">com.revature.planetarium.controller.user.RegisterAPITest:66</div></td></tr>
<tr class="a">
<td align="left"><img src="images/icon_error_sml.gif" alt="" /></td>
<td align="left"><a id="com.revature.planetarium.controller.user.RegisterAPITest.registerPositiveTest6"></a>registerPositiveTest[6]</td></tr>
<tr class="b">
<td align="left"></td>
<td align="left">java.lang.AssertionError: 1 expectation failed.
Expected header &quot;Content-Type&quot; was not &quot;application/json&quot;, was &quot;text/plain&quot;. Headers are:
Date=Tue, 06 May 2025 15:20:45 GMT
Content-Type=text/plain
Content-Length=16
</td></tr>
<tr class="a">
<td align="left"></td>
<td align="left">
<div id="registerPositiveTest[6]-failure">com.revature.planetarium.controller.user.RegisterAPITest:66</div></td></tr>
<tr class="b">
<td align="left"><img src="images/icon_error_sml.gif" alt="" /></td>
<td align="left"><a id="com.revature.planetarium.controller.user.RegisterAPITest.registerPositiveTest7"></a>registerPositiveTest[7]</td></tr>
<tr class="a">
<td align="left"></td>
<td align="left">groovy.json.JsonException: Lexing failed on line: 1, column: 1, while reading 'U', no possible valid JSON value or punctuation could be recognized.</td></tr>
<tr class="b">
<td align="left"></td>
<td align="left">
<div id="registerPositiveTest[7]-error">com.revature.planetarium.controller.user.RegisterAPITest:67</div></td></tr>
<tr class="a">
<td align="left"><img src="images/icon_error_sml.gif" alt="" /></td>
<td align="left"><a id="com.revature.planetarium.controller.user.RegisterAPITest.registerPositiveTest8"></a>registerPositiveTest[8]</td></tr>
<tr class="b">
<td align="left"></td>
<td align="left">java.lang.AssertionError: 1 expectation failed.
Expected header &quot;Content-Type&quot; was not &quot;application/json&quot;, was &quot;text/plain&quot;. Headers are:
Date=Tue, 06 May 2025 15:20:45 GMT
Content-Type=text/plain
Content-Length=16
</td></tr>
<tr class="a">
<td align="left"></td>
<td align="left">
<div id="registerPositiveTest[8]-failure">com.revature.planetarium.controller.user.RegisterAPITest:66</div></td></tr>
<tr class="b">
<td align="left"><img src="images/icon_error_sml.gif" alt="" /></td>
<td align="left"><a id="com.revature.planetarium.controller.user.RegisterAPITest.registerPositiveTest9"></a>registerPositiveTest[9]</td></tr>
<tr class="a">
<td align="left"></td>
<td align="left">java.lang.AssertionError: 1 expectation failed.
Expected header &quot;Content-Type&quot; was not &quot;application/json&quot;, was &quot;text/plain&quot;. Headers are:
Date=Tue, 06 May 2025 15:20:45 GMT
Content-Type=text/plain
Content-Length=16
</td></tr>
<tr class="b">
<td align="left"></td>
<td align="left">
<div id="registerPositiveTest[9]-failure">com.revature.planetarium.controller.user.RegisterAPITest:66</div></td></tr>
<tr class="a">
<td align="left"><img src="images/icon_error_sml.gif" alt="" /></td>
<td align="left"><a id="com.revature.planetarium.controller.user.RegisterAPITest.registerPositiveTest10"></a>registerPositiveTest[10]</td></tr>
<tr class="b">
<td align="left"></td>
<td align="left">java.lang.AssertionError: 1 expectation failed.
Expected header &quot;Content-Type&quot; was not &quot;application/json&quot;, was &quot;text/plain&quot;. Headers are:
Date=Tue, 06 May 2025 15:20:45 GMT
Content-Type=text/plain
Content-Length=16
</td></tr>
<tr class="a">
<td align="left"></td>
<td align="left">
<div id="registerPositiveTest[10]-failure">com.revature.planetarium.controller.user.RegisterAPITest:66</div></td></tr>
<tr class="b">
<td align="left"><img src="images/icon_error_sml.gif" alt="" /></td>
<td align="left"><a id="com.revature.planetarium.controller.user.RegisterAPITest.registerPositiveTest11"></a>registerPositiveTest[11]</td></tr>
<tr class="a">
<td align="left"></td>
<td align="left">java.lang.AssertionError: 1 expectation failed.
Expected header &quot;Content-Type&quot; was not &quot;application/json&quot;, was &quot;text/plain&quot;. Headers are:
Date=Tue, 06 May 2025 15:20:45 GMT
Content-Type=text/plain
Content-Length=16
</td></tr>
<tr class="b">
<td align="left"></td>
<td align="left">
<div id="registerPositiveTest[11]-failure">com.revature.planetarium.controller.user.RegisterAPITest:66</div></td></tr>
<tr class="a">
<td align="left"><img src="images/icon_error_sml.gif" alt="" /></td>
<td align="left"><a id="com.revature.planetarium.controller.user.RegisterAPITest.registerPositiveTest12"></a>registerPositiveTest[12]</td></tr>
<tr class="b">
<td align="left"></td>
<td align="left">java.lang.AssertionError: 1 expectation failed.
Expected header &quot;Content-Type&quot; was not &quot;application/json&quot;, was &quot;text/plain&quot;. Headers are:
Date=Tue, 06 May 2025 15:20:45 GMT
Content-Type=text/plain
Content-Length=16
</td></tr>
<tr class="a">
<td align="left"></td>
<td align="left">
<div id="registerPositiveTest[12]-failure">com.revature.planetarium.controller.user.RegisterAPITest:66</div></td></tr>
<tr class="b">
<td align="left"><img src="images/icon_error_sml.gif" alt="" /></td>
<td align="left"><a id="com.revature.planetarium.controller.user.RegisterAPITest.registerPositiveTest13"></a>registerPositiveTest[13]</td></tr>
<tr class="a">
<td align="left"></td>
<td align="left">java.lang.AssertionError: 1 expectation failed.
Expected header &quot;Content-Type&quot; was not &quot;application/json&quot;, was &quot;text/plain&quot;. Headers are:
Date=Tue, 06 May 2025 15:20:45 GMT
Content-Type=text/plain
Content-Length=16
</td></tr>
<tr class="b">
<td align="left"></td>
<td align="left">
<div id="registerPositiveTest[13]-failure">com.revature.planetarium.controller.user.RegisterAPITest:66</div></td></tr>
<tr class="a">
<td align="left"><img src="images/icon_error_sml.gif" alt="" /></td>
<td align="left"><a id="com.revature.planetarium.controller.user.RegisterAPITest.registerPositiveTest14"></a>registerPositiveTest[14]</td></tr>
<tr class="b">
<td align="left"></td>
<td align="left">java.lang.AssertionError: 1 expectation failed.
Expected header &quot;Content-Type&quot; was not &quot;application/json&quot;, was &quot;text/plain&quot;. Headers are:
Date=Tue, 06 May 2025 15:20:45 GMT
Content-Type=text/plain
Content-Length=16
</td></tr>
<tr class="a">
<td align="left"></td>
<td align="left">
<div id="registerPositiveTest[14]-failure">com.revature.planetarium.controller.user.RegisterAPITest:66</div></td></tr>
<tr class="b">
<td align="left"><img src="images/icon_error_sml.gif" alt="" /></td>
<td align="left"><a id="com.revature.planetarium.controller.user.RegisterAPITest.registerPositiveTest15"></a>registerPositiveTest[15]</td></tr>
<tr class="a">
<td align="left"></td>
<td align="left">java.lang.AssertionError: 1 expectation failed.
Expected header &quot;Content-Type&quot; was not &quot;application/json&quot;, was &quot;text/plain&quot;. Headers are:
Date=Tue, 06 May 2025 15:20:45 GMT
Content-Type=text/plain
Content-Length=16
</td></tr>
<tr class="b">
<td align="left"></td>
<td align="left">
<div id="registerPositiveTest[15]-failure">com.revature.planetarium.controller.user.RegisterAPITest:66</div></td></tr>
<tr class="a">
<td align="left"><img src="images/icon_error_sml.gif" alt="" /></td>
<td align="left"><a id="com.revature.planetarium.controller.user.RegisterAPITest.registerPositiveTest16"></a>registerPositiveTest[16]</td></tr>
<tr class="b">
<td align="left"></td>
<td align="left">java.lang.AssertionError: 1 expectation failed.
Expected header &quot;Content-Type&quot; was not &quot;application/json&quot;, was &quot;text/plain&quot;. Headers are:
Date=Tue, 06 May 2025 15:20:45 GMT
Content-Type=text/plain
Content-Length=16
</td></tr>
<tr class="a">
<td align="left"></td>
<td align="left">
<div id="registerPositiveTest[16]-failure">com.revature.planetarium.controller.user.RegisterAPITest:66</div></td></tr>
<tr class="b">
<td align="left"><img src="images/icon_error_sml.gif" alt="" /></td>
<td align="left"><a id="com.revature.planetarium.controller.user.RegisterAPITest.registerPositiveTest17"></a>registerPositiveTest[17]</td></tr>
<tr class="a">
<td align="left"></td>
<td align="left">java.lang.AssertionError: 1 expectation failed.
Expected header &quot;Content-Type&quot; was not &quot;application/json&quot;, was &quot;text/plain&quot;. Headers are:
Date=Tue, 06 May 2025 15:20:45 GMT
Content-Type=text/plain
Content-Length=16
</td></tr>
<tr class="b">
<td align="left"></td>
<td align="left">
<div id="registerPositiveTest[17]-failure">com.revature.planetarium.controller.user.RegisterAPITest:66</div></td></tr>
<tr class="a">
<td align="left"><img src="images/icon_error_sml.gif" alt="" /></td>
<td align="left"><a id="com.revature.planetarium.controller.user.RegisterAPITest.registerPositiveTest18"></a>registerPositiveTest[18]</td></tr>
<tr class="b">
<td align="left"></td>
<td align="left">java.lang.AssertionError: 1 expectation failed.
Expected header &quot;Content-Type&quot; was not &quot;application/json&quot;, was &quot;text/plain&quot;. Headers are:
Date=Tue, 06 May 2025 15:20:45 GMT
Content-Type=text/plain
Content-Length=16
</td></tr>
<tr class="a">
<td align="left"></td>
<td align="left">
<div id="registerPositiveTest[18]-failure">com.revature.planetarium.controller.user.RegisterAPITest:66</div></td></tr>
<tr class="b">
<td align="left"><img src="images/icon_error_sml.gif" alt="" /></td>
<td align="left"><a id="com.revature.planetarium.controller.user.RegisterAPITest.registerPositiveTest19"></a>registerPositiveTest[19]</td></tr>
<tr class="a">
<td align="left"></td>
<td align="left">java.lang.AssertionError: 1 expectation failed.
Expected header &quot;Content-Type&quot; was not &quot;application/json&quot;, was &quot;text/plain&quot;. Headers are:
Date=Tue, 06 May 2025 15:20:45 GMT
Content-Type=text/plain
Content-Length=16
</td></tr>
<tr class="b">
<td align="left"></td>
<td align="left">
<div id="registerPositiveTest[19]-failure">com.revature.planetarium.controller.user.RegisterAPITest:66</div></td></tr>
<tr class="a">
<td align="left"><img src="images/icon_error_sml.gif" alt="" /></td>
<td align="left"><a id="com.revature.planetarium.repository.user.CreateUserRepoPositiveTest.createUserPositiveTest4"></a>createUserPositiveTest[4]</td></tr>
<tr class="b">
<td align="left"></td>
<td align="left">org.sqlite.SQLiteException: [SQLITE_CONSTRAINT_CHECK] A CHECK constraint failed (CHECK constraint failed: password_character_check)</td></tr>
<tr class="a">
<td align="left"></td>
<td align="left">
<div id="createUserPositiveTest[4]-error">com.revature.planetarium.repository.user.CreateUserRepoPositiveTest:52</div></td></tr>
<tr class="b">
<td align="left"><img src="images/icon_error_sml.gif" alt="" /></td>
<td align="left"><a id="com.revature.planetarium.repository.user.CreateUserRepoPositiveTest.createUserPositiveTest5"></a>createUserPositiveTest[5]</td></tr>
<tr class="a">
<td align="left"></td>
<td align="left">org.sqlite.SQLiteException: [SQLITE_CONSTRAINT_CHECK] A CHECK constraint failed (CHECK constraint failed: password_character_check)</td></tr>
<tr class="b">
<td align="left"></td>
<td align="left">
<div id="createUserPositiveTest[5]-error">com.revature.planetarium.repository.user.CreateUserRepoPositiveTest:52</div></td></tr>
<tr class="a">
<td align="left"><img src="images/icon_error_sml.gif" alt="" /></td>
<td align="left"><a id="com.revature.planetarium.repository.user.CreateUserRepoPositiveTest.createUserPositiveTest6"></a>createUserPositiveTest[6]</td></tr>
<tr class="b">
<td align="left"></td>
<td align="left">org.sqlite.SQLiteException: [SQLITE_CONSTRAINT_CHECK] A CHECK constraint failed (CHECK constraint failed: password_character_check)</td></tr>
<tr class="a">
<td align="left"></td>
<td align="left">
<div id="createUserPositiveTest[6]-error">com.revature.planetarium.repository.user.CreateUserRepoPositiveTest:52</div></td></tr>
<tr class="b">
<td align="left"><img src="images/icon_error_sml.gif" alt="" /></td>
<td align="left"><a id="com.revature.planetarium.service.user.CreateUserServiceNegativeTest.createUserServiceNegativeTest10"></a>createUserServiceNegativeTest[10]</td></tr>
<tr class="a">
<td align="left"></td>
<td align="left">java.lang.AssertionError: unexpected exception type thrown; expected:&lt;com.revature.planetarium.exceptions.UserFail&gt; but was:&lt;java.lang.AssertionError&gt;</td></tr>
<tr class="b">
<td align="left"></td>
<td align="left">
<div id="createUserServiceNegativeTest[10]-failure">com.revature.planetarium.service.user.CreateUserServiceNegativeTest:70</div></td></tr>
<tr class="a">
<td align="left"><img src="images/icon_error_sml.gif" alt="" /></td>
<td align="left"><a id="com.revature.planetarium.service.user.CreateUserServicePositiveTest.createUserServicePositiveTest4"></a>createUserServicePositiveTest[4]</td></tr>
<tr class="b">
<td align="left"></td>
<td align="left">com.revature.planetarium.exceptions.UserFail: Invalid password</td></tr>
<tr class="a">
<td align="left"></td>
<td align="left">
<div id="createUserServicePositiveTest[4]-error">com.revature.planetarium.service.user.CreateUserServicePositiveTest:58</div></td></tr>
<tr class="b">
<td align="left"><img src="images/icon_error_sml.gif" alt="" /></td>
<td align="left"><a id="com.revature.planetarium.service.user.CreateUserServicePositiveTest.createUserServicePositiveTest5"></a>createUserServicePositiveTest[5]</td></tr>
<tr class="a">
<td align="left"></td>
<td align="left">com.revature.planetarium.exceptions.UserFail: Invalid password</td></tr>
<tr class="b">
<td align="left"></td>
<td align="left">
<div id="createUserServicePositiveTest[5]-error">com.revature.planetarium.service.user.CreateUserServicePositiveTest:58</div></td></tr>
<tr class="a">
<td align="left"><img src="images/icon_error_sml.gif" alt="" /></td>
<td align="left"><a id="com.revature.planetarium.service.user.CreateUserServicePositiveTest.createUserServicePositiveTest6"></a>createUserServicePositiveTest[6]</td></tr>
<tr class="b">
<td align="left"></td>
<td align="left">com.revature.planetarium.exceptions.UserFail: Invalid password</td></tr>
<tr class="a">
<td align="left"></td>
<td align="left">
<div id="createUserServicePositiveTest[6]-error">com.revature.planetarium.service.user.CreateUserServicePositiveTest:58</div></td></tr></table><br /></section>
      </div>
    </div>
    <div class="clear">
      <hr/>
    </div>
    <div id="footer">
      <div class="xright">
        Copyright &#169;      2025..      </div>
      <div class="clear">
        <hr/>
      </div>
    </div>
  </body>
</html>
